01-02-2024 02:07:58 : ================================================================================
01-02-2024 02:07:58 : Start
01-02-2024 02:07:58 : In the medium, sigma_inc=-1.0000e-03, sigma_mat=1.0000e+00, cell_len=20
01-02-2024 02:07:58 : CEM-GMsFEM uses fine_grid=400, coarse_grid=10, eigen_num=3, oversamp_layer=0
01-02-2024 02:08:03 : Finish getting the global stiffness matrix.
01-02-2024 02:08:04 : relative energy error=9.994268e-01, plain-L2 error=1.007375e+00.
01-02-2024 02:08:04 : CEM-GMsFEM uses fine_grid=400, coarse_grid=10, eigen_num=3, oversamp_layer=1
01-02-2024 02:08:09 : Finish getting the global stiffness matrix.
01-02-2024 02:08:17 : Finish getting all eigenvalue-vector pairs.
01-02-2024 02:08:17 : lambda_min=(1.7986e-14, 2.2427e-14), lambda_max=(2.4673e-03, 2.4673e-03)
01-02-2024 02:08:18 : Finish getting maps of [global node index] to [local freedom index].
01-02-2024 02:12:14 : ......11.00%
01-02-2024 02:16:58 : ......21.00%
01-02-2024 02:21:41 : ......31.00%
01-02-2024 02:26:24 : ......41.00%
01-02-2024 02:31:08 : ......51.00%
01-02-2024 02:35:52 : ......61.00%
01-02-2024 02:40:35 : ......71.00%
01-02-2024 02:45:19 : ......81.00%
01-02-2024 02:49:47 : ......91.00%
01-02-2024 02:52:22 : Finish getting the multiscale bases.
01-02-2024 02:52:24 : Finish collecting all the bases in a sparse matrix formation.
01-02-2024 02:52:24 : Finish constructing the final MS mat.
01-02-2024 02:52:25 : relative energy error=9.970614e-01, plain-L2 error=9.945519e-01.
01-02-2024 02:52:25 : CEM-GMsFEM uses fine_grid=400, coarse_grid=10, eigen_num=3, oversamp_layer=2
01-02-2024 02:52:30 : Finish getting the global stiffness matrix.
01-02-2024 02:52:39 : Finish getting all eigenvalue-vector pairs.
01-02-2024 02:52:39 : lambda_min=(1.7986e-14, 2.3981e-14), lambda_max=(2.4673e-03, 2.4673e-03)
01-02-2024 02:52:40 : Finish getting maps of [global node index] to [local freedom index].
01-02-2024 03:04:34 : ......11.00%
01-02-2024 03:13:41 : ......21.00%
01-02-2024 03:24:16 : ......31.00%
01-02-2024 03:34:51 : ......41.00%
01-02-2024 03:45:28 : ......51.00%
01-02-2024 03:56:02 : ......61.00%
01-02-2024 04:06:36 : ......71.00%
01-02-2024 04:17:09 : ......81.00%
01-02-2024 04:25:50 : ......91.00%
01-02-2024 04:34:36 : Finish getting the multiscale bases.
01-02-2024 04:34:40 : Finish collecting all the bases in a sparse matrix formation.
01-02-2024 04:34:42 : Finish constructing the final MS mat.
01-02-2024 04:34:43 : relative energy error=1.572716e+00, plain-L2 error=1.000340e+00.
01-02-2024 04:34:43 : CEM-GMsFEM uses fine_grid=400, coarse_grid=10, eigen_num=3, oversamp_layer=3
01-02-2024 04:34:48 : Finish getting the global stiffness matrix.
01-02-2024 04:34:56 : Finish getting all eigenvalue-vector pairs.
01-02-2024 04:34:56 : lambda_min=(1.8208e-14, 2.3093e-14), lambda_max=(2.4673e-03, 2.4673e-03)
01-02-2024 04:34:58 : Finish getting maps of [global node index] to [local freedom index].
01-02-2024 04:48:38 : ......11.00%
01-02-2024 05:02:38 : ......21.00%
01-02-2024 05:19:25 : ......31.00%
01-02-2024 05:38:36 : ......41.00%
01-02-2024 05:57:43 : ......51.00%
01-02-2024 06:16:52 : ......61.00%
01-02-2024 06:35:37 : ......71.00%
01-02-2024 06:51:36 : ......81.00%
01-02-2024 07:05:09 : ......91.00%
01-02-2024 07:14:41 : Finish getting the multiscale bases.
01-02-2024 07:14:48 : Finish collecting all the bases in a sparse matrix formation.
01-02-2024 07:14:54 : Finish constructing the final MS mat.
01-02-2024 07:14:55 : relative energy error=1.484871e+00, plain-L2 error=1.019456e+00.
01-02-2024 07:14:55 : CEM-GMsFEM uses fine_grid=400, coarse_grid=10, eigen_num=3, oversamp_layer=4
01-02-2024 07:15:00 : Finish getting the global stiffness matrix.
01-02-2024 07:15:09 : Finish getting all eigenvalue-vector pairs.
01-02-2024 07:15:09 : lambda_min=(1.8430e-14, 2.1982e-14), lambda_max=(2.4673e-03, 2.4673e-03)
01-02-2024 07:15:11 : Finish getting maps of [global node index] to [local freedom index].
01-02-2024 07:34:38 : ......11.00%
01-02-2024 07:54:48 : ......21.00%
01-02-2024 08:18:26 : ......31.00%
01-02-2024 08:45:50 : ......41.00%
01-02-2024 09:16:33 : ......51.00%
01-02-2024 09:46:34 : ......61.00%
01-02-2024 10:12:49 : ......71.00%
01-02-2024 10:35:17 : ......81.00%
01-02-2024 10:54:25 : ......91.00%
01-02-2024 11:08:09 : Finish getting the multiscale bases.
01-02-2024 11:08:20 : Finish collecting all the bases in a sparse matrix formation.
01-02-2024 11:08:33 : Finish constructing the final MS mat.
01-02-2024 11:08:33 : relative energy error=1.701987e+00, plain-L2 error=1.020961e+00.
01-02-2024 11:08:33 : CEM-GMsFEM uses fine_grid=400, coarse_grid=20, eigen_num=3, oversamp_layer=0
01-02-2024 11:08:38 : Finish getting the global stiffness matrix.
01-02-2024 11:08:40 : relative energy error=9.994179e-01, plain-L2 error=1.007435e+00.
01-02-2024 11:08:40 : CEM-GMsFEM uses fine_grid=400, coarse_grid=20, eigen_num=3, oversamp_layer=1
01-02-2024 11:08:44 : Finish getting the global stiffness matrix.
01-02-2024 11:08:53 : Finish getting all eigenvalue-vector pairs.
01-02-2024 11:08:53 : lambda_min=(1.1102e-15, 5.7732e-15), lambda_max=(1.2357e-03, 2.2381e-03)
01-02-2024 11:08:53 : Finish getting maps of [global node index] to [local freedom index].
01-02-2024 11:09:45 : ......10.25%
01-02-2024 11:10:42 : ......20.25%
01-02-2024 11:11:41 : ......30.25%
01-02-2024 11:12:38 : ......40.25%
01-02-2024 11:13:38 : ......50.25%
01-02-2024 11:14:36 : ......60.25%
01-02-2024 11:15:34 : ......70.25%
01-02-2024 11:16:32 : ......80.25%
01-02-2024 11:17:29 : ......90.25%
01-02-2024 11:18:14 : Finish getting the multiscale bases.
01-02-2024 11:18:16 : Finish collecting all the bases in a sparse matrix formation.
01-02-2024 11:18:16 : Finish constructing the final MS mat.
01-02-2024 11:18:17 : relative energy error=6.434007e+00, plain-L2 error=1.155699e+00.
01-02-2024 11:18:17 : CEM-GMsFEM uses fine_grid=400, coarse_grid=20, eigen_num=3, oversamp_layer=2
01-02-2024 11:18:22 : Finish getting the global stiffness matrix.
01-02-2024 11:18:30 : Finish getting all eigenvalue-vector pairs.
01-02-2024 11:18:30 : lambda_min=(1.7764e-15, 4.8850e-15), lambda_max=(1.2357e-03, 2.2381e-03)
01-02-2024 11:18:31 : Finish getting maps of [global node index] to [local freedom index].
01-02-2024 11:20:36 : ......10.25%
01-02-2024 11:23:34 : ......20.25%
01-02-2024 11:26:32 : ......30.25%
01-02-2024 11:29:29 : ......40.25%
01-02-2024 11:32:27 : ......50.25%
01-02-2024 11:35:24 : ......60.25%
01-02-2024 11:38:21 : ......70.25%
01-02-2024 11:41:18 : ......80.25%
01-02-2024 11:44:14 : ......90.25%
01-02-2024 11:46:07 : Finish getting the multiscale bases.
01-02-2024 11:46:12 : Finish collecting all the bases in a sparse matrix formation.
01-02-2024 11:46:14 : Finish constructing the final MS mat.
01-02-2024 11:46:15 : relative energy error=8.473888e+00, plain-L2 error=1.258003e+00.
01-02-2024 11:46:15 : CEM-GMsFEM uses fine_grid=400, coarse_grid=20, eigen_num=3, oversamp_layer=3
01-02-2024 11:46:20 : Finish getting the global stiffness matrix.
01-02-2024 11:46:28 : Finish getting all eigenvalue-vector pairs.
01-02-2024 11:46:28 : lambda_min=(1.7764e-15, 4.8850e-15), lambda_max=(1.2357e-03, 2.2381e-03)
01-02-2024 11:46:30 : Finish getting maps of [global node index] to [local freedom index].
01-02-2024 11:50:24 : ......10.25%
01-02-2024 11:55:55 : ......20.25%
02-02-2024 12:01:47 : ......30.25%
02-02-2024 12:07:38 : ......40.25%
02-02-2024 12:13:29 : ......50.25%
02-02-2024 12:19:20 : ......60.25%
02-02-2024 12:25:11 : ......70.25%
02-02-2024 12:31:05 : ......80.25%
02-02-2024 12:36:33 : ......90.25%
02-02-2024 12:40:09 : Finish getting the multiscale bases.
02-02-2024 12:40:18 : Finish collecting all the bases in a sparse matrix formation.
02-02-2024 12:40:27 : Finish constructing the final MS mat.
02-02-2024 12:40:27 : relative energy error=4.381525e+01, plain-L2 error=6.174758e+00.
02-02-2024 12:40:27 : CEM-GMsFEM uses fine_grid=400, coarse_grid=20, eigen_num=3, oversamp_layer=4
02-02-2024 12:40:32 : Finish getting the global stiffness matrix.
02-02-2024 12:40:41 : Finish getting all eigenvalue-vector pairs.
02-02-2024 12:40:41 : lambda_min=(1.5543e-15, 4.8850e-15), lambda_max=(1.2357e-03, 2.2381e-03)
02-02-2024 12:40:44 : Finish getting maps of [global node index] to [local freedom index].
02-02-2024 12:46:48 : ......10.25%
02-02-2024 12:54:48 : ......20.25%
02-02-2024 01:04:19 : ......30.25%
02-02-2024 01:13:51 : ......40.25%
02-02-2024 01:23:22 : ......50.25%
02-02-2024 01:32:53 : ......60.25%
02-02-2024 01:42:25 : ......70.25%
02-02-2024 01:51:55 : ......80.25%
02-02-2024 01:59:46 : ......90.25%
02-02-2024 02:05:23 : Finish getting the multiscale bases.
02-02-2024 02:05:37 : Finish collecting all the bases in a sparse matrix formation.
02-02-2024 02:05:58 : Finish constructing the final MS mat.
02-02-2024 02:05:58 : relative energy error=4.947748e+00, plain-L2 error=1.689988e+00.
02-02-2024 02:05:58 : CEM-GMsFEM uses fine_grid=400, coarse_grid=40, eigen_num=3, oversamp_layer=0
02-02-2024 02:06:04 : Finish getting the global stiffness matrix.
02-02-2024 02:06:05 : relative energy error=9.994052e-01, plain-L2 error=1.007455e+00.
02-02-2024 02:06:05 : CEM-GMsFEM uses fine_grid=400, coarse_grid=40, eigen_num=3, oversamp_layer=1
02-02-2024 02:06:10 : Finish getting the global stiffness matrix.
02-02-2024 02:06:25 : Finish getting all eigenvalue-vector pairs.
02-02-2024 02:06:25 : lambda_min=(-1.9984e-15, 1.7764e-15), lambda_max=(6.5044e-01, 6.5044e-01)
02-02-2024 02:06:26 : Finish getting maps of [global node index] to [local freedom index].
02-02-2024 02:06:42 : ......10.06%
02-02-2024 02:06:59 : ......20.06%
02-02-2024 02:07:16 : ......30.06%
02-02-2024 02:07:33 : ......40.06%
02-02-2024 02:07:51 : ......50.06%
02-02-2024 02:08:08 : ......60.06%
02-02-2024 02:08:25 : ......70.06%
02-02-2024 02:08:42 : ......80.06%
02-02-2024 02:09:00 : ......90.06%
02-02-2024 02:09:15 : Finish getting the multiscale bases.
02-02-2024 02:09:17 : Finish collecting all the bases in a sparse matrix formation.
02-02-2024 02:09:17 : Finish constructing the final MS mat.
02-02-2024 02:09:18 : relative energy error=2.325592e-01, plain-L2 error=6.359257e-02.
02-02-2024 02:09:18 : CEM-GMsFEM uses fine_grid=400, coarse_grid=40, eigen_num=3, oversamp_layer=2
02-02-2024 02:09:23 : Finish getting the global stiffness matrix.
02-02-2024 02:09:39 : Finish getting all eigenvalue-vector pairs.
02-02-2024 02:09:39 : lambda_min=(-1.7764e-15, 2.2204e-15), lambda_max=(6.5044e-01, 6.5044e-01)
02-02-2024 02:09:40 : Finish getting maps of [global node index] to [local freedom index].
02-02-2024 02:10:26 : ......10.06%
02-02-2024 02:11:20 : ......20.06%
02-02-2024 02:12:16 : ......30.06%
02-02-2024 02:13:11 : ......40.06%
02-02-2024 02:14:05 : ......50.06%
02-02-2024 02:15:00 : ......60.06%
02-02-2024 02:15:54 : ......70.06%
02-02-2024 02:16:49 : ......80.06%
02-02-2024 02:17:44 : ......90.06%
02-02-2024 02:18:29 : Finish getting the multiscale bases.
02-02-2024 02:18:34 : Finish collecting all the bases in a sparse matrix formation.
02-02-2024 02:18:36 : Finish constructing the final MS mat.
02-02-2024 02:18:37 : relative energy error=2.497560e-02, plain-L2 error=9.108986e-04.
02-02-2024 02:18:37 : CEM-GMsFEM uses fine_grid=400, coarse_grid=40, eigen_num=3, oversamp_layer=3
02-02-2024 02:18:42 : Finish getting the global stiffness matrix.
02-02-2024 02:18:58 : Finish getting all eigenvalue-vector pairs.
02-02-2024 02:18:58 : lambda_min=(-2.2204e-15, 1.7764e-15), lambda_max=(6.5044e-01, 6.5044e-01)
02-02-2024 02:19:00 : Finish getting maps of [global node index] to [local freedom index].
02-02-2024 02:20:29 : ......10.06%
02-02-2024 02:22:26 : ......20.06%
02-02-2024 02:24:23 : ......30.06%
02-02-2024 02:26:20 : ......40.06%
02-02-2024 02:28:17 : ......50.06%
02-02-2024 02:30:12 : ......60.06%
02-02-2024 02:32:07 : ......70.06%
02-02-2024 02:34:04 : ......80.06%
02-02-2024 02:36:02 : ......90.06%
02-02-2024 02:37:29 : Finish getting the multiscale bases.
02-02-2024 02:37:38 : Finish collecting all the bases in a sparse matrix formation.
02-02-2024 02:37:46 : Finish constructing the final MS mat.
02-02-2024 02:37:48 : relative energy error=2.499471e-02, plain-L2 error=9.118532e-04.
02-02-2024 02:37:48 : CEM-GMsFEM uses fine_grid=400, coarse_grid=40, eigen_num=3, oversamp_layer=4
02-02-2024 02:37:53 : Finish getting the global stiffness matrix.
02-02-2024 02:38:09 : Finish getting all eigenvalue-vector pairs.
02-02-2024 02:38:09 : lambda_min=(-1.9984e-15, 1.9984e-15), lambda_max=(6.5044e-01, 6.5044e-01)
02-02-2024 02:38:13 : Finish getting maps of [global node index] to [local freedom index].
02-02-2024 02:40:38 : ......10.06%
02-02-2024 02:43:56 : ......20.06%
02-02-2024 02:47:15 : ......30.06%
02-02-2024 02:50:33 : ......40.06%
02-02-2024 02:53:52 : ......50.06%
02-02-2024 02:57:10 : ......60.06%
02-02-2024 03:00:28 : ......70.06%
02-02-2024 03:03:48 : ......80.06%
02-02-2024 03:07:08 : ......90.06%
02-02-2024 03:09:28 : Finish getting the multiscale bases.
02-02-2024 03:09:44 : Finish collecting all the bases in a sparse matrix formation.
02-02-2024 03:10:08 : Finish constructing the final MS mat.
02-02-2024 03:10:10 : relative energy error=2.499460e-02, plain-L2 error=9.118474e-04.
02-02-2024 03:10:10 : CEM-GMsFEM uses fine_grid=400, coarse_grid=80, eigen_num=3, oversamp_layer=0
02-02-2024 03:10:15 : Finish getting the global stiffness matrix.
02-02-2024 03:10:16 : relative energy error=1.000193e+00, plain-L2 error=1.007959e+00.
02-02-2024 03:10:16 : CEM-GMsFEM uses fine_grid=400, coarse_grid=80, eigen_num=3, oversamp_layer=1
02-02-2024 03:10:21 : Finish getting the global stiffness matrix.
02-02-2024 03:11:13 : Finish getting all eigenvalue-vector pairs.
02-02-2024 03:11:13 : lambda_min=(-1.7764e-15, 2.2204e-15), lambda_max=(4.2493e-01, 8.3924e-01)
02-02-2024 03:11:13 : Finish getting maps of [global node index] to [local freedom index].
02-02-2024 03:11:22 : ......10.02%
02-02-2024 03:11:31 : ......20.02%
02-02-2024 03:11:41 : ......30.02%
02-02-2024 03:11:50 : ......40.02%
02-02-2024 03:11:59 : ......50.02%
02-02-2024 03:12:09 : ......60.02%
02-02-2024 03:12:18 : ......70.02%
02-02-2024 03:12:27 : ......80.02%
02-02-2024 03:12:37 : ......90.02%
02-02-2024 03:12:46 : Finish getting the multiscale bases.
02-02-2024 03:12:47 : Finish collecting all the bases in a sparse matrix formation.
02-02-2024 03:12:48 : Finish constructing the final MS mat.
02-02-2024 03:12:49 : relative energy error=1.008680e+00, plain-L2 error=1.003136e+00.
02-02-2024 03:12:49 : CEM-GMsFEM uses fine_grid=400, coarse_grid=80, eigen_num=3, oversamp_layer=2
02-02-2024 03:12:54 : Finish getting the global stiffness matrix.
02-02-2024 03:13:45 : Finish getting all eigenvalue-vector pairs.
02-02-2024 03:13:45 : lambda_min=(-1.9984e-15, 2.4425e-15), lambda_max=(4.2493e-01, 8.3924e-01)
02-02-2024 03:13:46 : Finish getting maps of [global node index] to [local freedom index].
02-02-2024 03:14:12 : ......10.02%
02-02-2024 03:14:39 : ......20.02%
02-02-2024 03:15:06 : ......30.02%
02-02-2024 03:15:33 : ......40.02%
02-02-2024 03:16:01 : ......50.02%
02-02-2024 03:16:28 : ......60.02%
02-02-2024 03:16:55 : ......70.02%
02-02-2024 03:17:22 : ......80.02%
02-02-2024 03:17:50 : ......90.02%
02-02-2024 03:18:15 : Finish getting the multiscale bases.
02-02-2024 03:18:20 : Finish collecting all the bases in a sparse matrix formation.
02-02-2024 03:18:22 : Finish constructing the final MS mat.
02-02-2024 03:18:25 : relative energy error=5.151051e-01, plain-L2 error=1.589385e-01.
02-02-2024 03:18:25 : CEM-GMsFEM uses fine_grid=400, coarse_grid=80, eigen_num=3, oversamp_layer=3
02-02-2024 03:18:30 : Finish getting the global stiffness matrix.
02-02-2024 03:19:22 : Finish getting all eigenvalue-vector pairs.
02-02-2024 03:19:22 : lambda_min=(-1.7764e-15, 2.2204e-15), lambda_max=(4.2493e-01, 8.3924e-01)
02-02-2024 03:19:24 : Finish getting maps of [global node index] to [local freedom index].
02-02-2024 03:20:13 : ......10.02%
02-02-2024 03:21:09 : ......20.02%
02-02-2024 03:22:04 : ......30.02%
02-02-2024 03:23:00 : ......40.02%
02-02-2024 03:23:56 : ......50.02%
02-02-2024 03:24:51 : ......60.02%
02-02-2024 03:25:47 : ......70.02%
02-02-2024 03:26:43 : ......80.02%
02-02-2024 03:27:39 : ......90.02%
02-02-2024 03:28:28 : Finish getting the multiscale bases.
02-02-2024 03:28:38 : Finish collecting all the bases in a sparse matrix formation.
02-02-2024 03:28:46 : Finish constructing the final MS mat.
02-02-2024 03:28:50 : relative energy error=1.743707e-02, plain-L2 error=5.093552e-04.
02-02-2024 03:28:50 : CEM-GMsFEM uses fine_grid=400, coarse_grid=80, eigen_num=3, oversamp_layer=4
02-02-2024 03:28:55 : Finish getting the global stiffness matrix.
02-02-2024 03:29:42 : Finish getting all eigenvalue-vector pairs.
02-02-2024 03:29:42 : lambda_min=(-1.5543e-15, 2.4425e-15), lambda_max=(4.2493e-01, 8.3924e-01)
02-02-2024 03:29:46 : Finish getting maps of [global node index] to [local freedom index].
02-02-2024 03:31:06 : ......10.02%
02-02-2024 03:32:39 : ......20.02%
02-02-2024 03:34:12 : ......30.02%
02-02-2024 03:35:45 : ......40.02%
02-02-2024 03:37:18 : ......50.02%
02-02-2024 03:38:51 : ......60.02%
02-02-2024 03:40:25 : ......70.02%
02-02-2024 03:41:58 : ......80.02%
02-02-2024 03:43:32 : ......90.02%
02-02-2024 03:44:52 : Finish getting the multiscale bases.
02-02-2024 03:45:08 : Finish collecting all the bases in a sparse matrix formation.
02-02-2024 03:45:29 : Finish constructing the final MS mat.
02-02-2024 03:45:35 : relative energy error=5.095812e-03, plain-L2 error=1.189354e-04.
