Sender: LSF System <lsfadmin@a6u26n03>
Subject: Job 503291: <cem-gmsfem> in cluster <cluster1> Done

Job <cem-gmsfem> was submitted from host <ln02> by user <cjz> in cluster <cluster1> at Thu Feb  1 14:07:36 2024
Job was executed on host(s) <36*a6u26n03>, in queue <batch>, as user <cjz> in cluster <cluster1> at Thu Feb  1 14:07:37 2024
</share/home/cjz> was used as the home directory.
</share/home/cjz/cqye/sign-changing-main> was used as the working directory.
Started at Thu Feb  1 14:07:37 2024
Terminated at Fri Feb  2 03:45:37 2024
Results reported at Fri Feb  2 03:45:37 2024

Your job looked like:

------------------------------------------------------------
# LSBATCH: User input
#BSUB -J cem-gmsfem
#BSUB -n 36
#BSUB -o logs/%J.lsf.out
#BSUB -e logs/%J.lsf.err
#BSUB -W 10080
#BSUB -q batch
#BSUB -R "span[ptile=36]"

cd ${LS_SUBCWD}
# set OMP_NUM_THREADS _and_ export! 
OMP_NUM_THREADS=$LSB_DJOB_NUMPROC 
export OMP_NUM_THREADS

# python simple_flat_interface_settings.py --en 3 --sigma 4 --posi 1
# python cross_inclusion_cells_settings.py
# python square_inclusion_cells_settings.py
# python random_inclusion_settings.py --osly 4 --sigma 1
# python square_inclusion_cells_settings.py --cell 1
python cross_inclusion_cells_settings.py --cell 0 --sigma 0
------------------------------------------------------------

Successfully completed.

Resource usage summary:

    CPU time :                                   668075.25 sec.
    Max Memory :                                 22576 MB
    Average Memory :                             4561.92 MB
    Total Requested Memory :                     -
    Delta Memory :                               -
    Max Swap :                                   381 MB
    Max Processes :                              4
    Max Threads :                                40
    Run time :                                   49079 sec.
    Turnaround time :                            49081 sec.

The output (if any) follows:

[[9.99426812e-01 9.97061393e-01 1.57271584e+00 1.48487147e+00
  1.70198681e+00]
 [9.99417856e-01 6.43400746e+00 8.47388845e+00 4.38152469e+01
  4.94774820e+00]
 [9.99405250e-01 2.32559202e-01 2.49756032e-02 2.49947058e-02
  2.49946031e-02]
 [1.00019306e+00 1.00868025e+00 5.15105122e-01 1.74370706e-02
  5.09581194e-03]]
[[1.00737528e+00 9.94551869e-01 1.00034037e+00 1.01945610e+00
  1.02096087e+00]
 [1.00743470e+00 1.15569864e+00 1.25800289e+00 6.17475805e+00
  1.68998821e+00]
 [1.00745510e+00 6.35925662e-02 9.10898606e-04 9.11853156e-04
  9.11847439e-04]
 [1.00795920e+00 1.00313574e+00 1.58938518e-01 5.09355166e-04
  1.18935417e-04]]


PS:

Read file <logs/503291.lsf.err> for stderr output of this job.

