26-01-2024 10:33:29 : ================================================================================
26-01-2024 10:33:29 : Start
26-01-2024 10:33:29 : In the medium, sigma+=1.0100e+00, sigma-=1.0000e+00, l=5.0000e-01
26-01-2024 10:33:29 : CEM-GMsFEM uses fine_grid=400, coarse_grid=10, eigen_num=3, oversamp_layer=0
26-01-2024 10:33:34 : Finish getting the global stiffness matrix.
26-01-2024 10:33:45 : relative energy error=2.055597e-01, plain-L2 error=4.227931e-02.
26-01-2024 10:33:45 : CEM-GMsFEM uses fine_grid=400, coarse_grid=10, eigen_num=3, oversamp_layer=1
26-01-2024 10:33:50 : Finish getting the global stiffness matrix.
26-01-2024 10:33:58 : Finish getting all eigenvalue-vector pairs.
26-01-2024 10:33:58 : lambda_min=(1.2212e-14, 2.5091e-14), lambda_max=(4.1144e-01, 4.1144e-01)
26-01-2024 10:33:59 : Finish getting maps of [global node index] to [local freedom index].
26-01-2024 10:37:58 : ......11.00%
26-01-2024 10:42:42 : ......21.00%
26-01-2024 10:47:27 : ......31.00%
26-01-2024 10:52:13 : ......41.00%
26-01-2024 10:56:58 : ......51.00%
26-01-2024 11:01:43 : ......61.00%
26-01-2024 11:06:27 : ......71.00%
26-01-2024 11:11:13 : ......81.00%
26-01-2024 11:15:41 : ......91.00%
26-01-2024 11:18:17 : Finish getting the multiscale bases.
26-01-2024 11:18:19 : Finish collecting all the bases in a sparse matrix formation.
26-01-2024 11:18:19 : Finish constructing the final MS mat.
26-01-2024 11:18:30 : relative energy error=1.301201e+00, plain-L2 error=1.098312e-01.
26-01-2024 11:18:30 : CEM-GMsFEM uses fine_grid=400, coarse_grid=10, eigen_num=3, oversamp_layer=2
26-01-2024 11:18:35 : Finish getting the global stiffness matrix.
26-01-2024 11:18:43 : Finish getting all eigenvalue-vector pairs.
26-01-2024 11:18:43 : lambda_min=(1.1546e-14, 2.5091e-14), lambda_max=(4.1144e-01, 4.1144e-01)
26-01-2024 11:18:44 : Finish getting maps of [global node index] to [local freedom index].
26-01-2024 11:30:42 : ......11.00%
26-01-2024 11:39:55 : ......21.00%
26-01-2024 11:50:33 : ......31.00%
27-01-2024 12:01:11 : ......41.00%
27-01-2024 12:11:50 : ......51.00%
27-01-2024 12:22:27 : ......61.00%
27-01-2024 12:33:05 : ......71.00%
27-01-2024 12:43:43 : ......81.00%
27-01-2024 12:52:28 : ......91.00%
27-01-2024 01:01:09 : Finish getting the multiscale bases.
27-01-2024 01:01:13 : Finish collecting all the bases in a sparse matrix formation.
27-01-2024 01:01:15 : Finish constructing the final MS mat.
27-01-2024 01:01:26 : relative energy error=4.620756e-01, plain-L2 error=5.494772e-01.
27-01-2024 01:01:26 : CEM-GMsFEM uses fine_grid=400, coarse_grid=10, eigen_num=3, oversamp_layer=3
27-01-2024 01:01:31 : Finish getting the global stiffness matrix.
27-01-2024 01:01:39 : Finish getting all eigenvalue-vector pairs.
27-01-2024 01:01:39 : lambda_min=(1.1324e-14, 2.5091e-14), lambda_max=(4.1144e-01, 4.1144e-01)
27-01-2024 01:01:41 : Finish getting maps of [global node index] to [local freedom index].
27-01-2024 01:15:28 : ......11.00%
27-01-2024 01:29:36 : ......21.00%
27-01-2024 01:46:32 : ......31.00%
27-01-2024 02:05:45 : ......41.00%
27-01-2024 02:25:00 : ......51.00%
27-01-2024 02:44:16 : ......61.00%
27-01-2024 03:03:07 : ......71.00%
27-01-2024 03:19:10 : ......81.00%
27-01-2024 03:32:48 : ......91.00%
27-01-2024 03:42:22 : Finish getting the multiscale bases.
27-01-2024 03:42:30 : Finish collecting all the bases in a sparse matrix formation.
27-01-2024 03:42:36 : Finish constructing the final MS mat.
27-01-2024 03:42:47 : relative energy error=7.149581e-01, plain-L2 error=8.204209e-01.
27-01-2024 03:42:47 : CEM-GMsFEM uses fine_grid=400, coarse_grid=10, eigen_num=3, oversamp_layer=4
27-01-2024 03:42:52 : Finish getting the global stiffness matrix.
27-01-2024 03:43:00 : Finish getting all eigenvalue-vector pairs.
27-01-2024 03:43:00 : lambda_min=(1.1324e-14, 2.4869e-14), lambda_max=(4.1144e-01, 4.1144e-01)
27-01-2024 03:43:02 : Finish getting maps of [global node index] to [local freedom index].
27-01-2024 04:02:35 : ......11.00%
27-01-2024 04:22:55 : ......21.00%
27-01-2024 04:46:33 : ......31.00%
27-01-2024 05:14:01 : ......41.00%
27-01-2024 05:44:51 : ......51.00%
27-01-2024 06:14:54 : ......61.00%
27-01-2024 06:41:09 : ......71.00%
27-01-2024 07:03:39 : ......81.00%
27-01-2024 07:22:51 : ......91.00%
27-01-2024 07:36:37 : Finish getting the multiscale bases.
27-01-2024 07:36:48 : Finish collecting all the bases in a sparse matrix formation.
27-01-2024 07:37:01 : Finish constructing the final MS mat.
27-01-2024 07:37:12 : relative energy error=6.527177e-02, plain-L2 error=6.834921e-03.
27-01-2024 07:37:12 : CEM-GMsFEM uses fine_grid=400, coarse_grid=20, eigen_num=3, oversamp_layer=0
27-01-2024 07:37:17 : Finish getting the global stiffness matrix.
27-01-2024 07:37:29 : relative energy error=1.027088e-01, plain-L2 error=1.056197e-02.
27-01-2024 07:37:29 : CEM-GMsFEM uses fine_grid=400, coarse_grid=20, eigen_num=3, oversamp_layer=1
27-01-2024 07:37:34 : Finish getting the global stiffness matrix.
27-01-2024 07:37:44 : Finish getting all eigenvalue-vector pairs.
27-01-2024 07:37:44 : lambda_min=(1.7764e-15, 6.8834e-15), lambda_max=(4.1208e-01, 4.1208e-01)
27-01-2024 07:37:44 : Finish getting maps of [global node index] to [local freedom index].
27-01-2024 07:38:35 : ......10.25%
27-01-2024 07:39:33 : ......20.25%
27-01-2024 07:40:32 : ......30.25%
27-01-2024 07:41:30 : ......40.25%
27-01-2024 07:42:29 : ......50.25%
27-01-2024 07:43:27 : ......60.25%
27-01-2024 07:44:25 : ......70.25%
27-01-2024 07:45:23 : ......80.25%
27-01-2024 07:46:22 : ......90.25%
27-01-2024 07:47:07 : Finish getting the multiscale bases.
27-01-2024 07:47:09 : Finish collecting all the bases in a sparse matrix formation.
27-01-2024 07:47:09 : Finish constructing the final MS mat.
27-01-2024 07:47:20 : relative energy error=7.633401e-01, plain-L2 error=1.088047e-01.
27-01-2024 07:47:21 : CEM-GMsFEM uses fine_grid=400, coarse_grid=20, eigen_num=3, oversamp_layer=2
27-01-2024 07:47:25 : Finish getting the global stiffness matrix.
27-01-2024 07:47:35 : Finish getting all eigenvalue-vector pairs.
27-01-2024 07:47:35 : lambda_min=(1.9984e-15, 7.5495e-15), lambda_max=(4.1208e-01, 4.1208e-01)
27-01-2024 07:47:36 : Finish getting maps of [global node index] to [local freedom index].
27-01-2024 07:49:40 : ......10.25%
27-01-2024 07:52:34 : ......20.25%
27-01-2024 07:55:28 : ......30.25%
27-01-2024 07:58:22 : ......40.25%
27-01-2024 08:01:16 : ......50.25%
27-01-2024 08:04:10 : ......60.25%
27-01-2024 08:07:04 : ......70.25%
27-01-2024 08:09:58 : ......80.25%
27-01-2024 08:12:50 : ......90.25%
27-01-2024 08:14:42 : Finish getting the multiscale bases.
27-01-2024 08:14:47 : Finish collecting all the bases in a sparse matrix formation.
27-01-2024 08:14:49 : Finish constructing the final MS mat.
27-01-2024 08:15:00 : relative energy error=2.107476e-01, plain-L2 error=2.318199e-01.
27-01-2024 08:15:00 : CEM-GMsFEM uses fine_grid=400, coarse_grid=20, eigen_num=3, oversamp_layer=3
27-01-2024 08:15:05 : Finish getting the global stiffness matrix.
27-01-2024 08:15:15 : Finish getting all eigenvalue-vector pairs.
27-01-2024 08:15:15 : lambda_min=(1.9984e-15, 6.6613e-15), lambda_max=(4.1208e-01, 4.1208e-01)
27-01-2024 08:15:17 : Finish getting maps of [global node index] to [local freedom index].
27-01-2024 08:19:10 : ......10.25%
27-01-2024 08:24:41 : ......20.25%
27-01-2024 08:30:32 : ......30.25%
27-01-2024 08:36:23 : ......40.25%
27-01-2024 08:42:14 : ......50.25%
27-01-2024 08:48:05 : ......60.25%
27-01-2024 08:53:57 : ......70.25%
27-01-2024 08:59:49 : ......80.25%
27-01-2024 09:05:14 : ......90.25%
27-01-2024 09:08:49 : Finish getting the multiscale bases.
27-01-2024 09:08:58 : Finish collecting all the bases in a sparse matrix formation.
27-01-2024 09:09:06 : Finish constructing the final MS mat.
27-01-2024 09:09:17 : relative energy error=2.844892e-01, plain-L2 error=3.410212e-01.
27-01-2024 09:09:18 : CEM-GMsFEM uses fine_grid=400, coarse_grid=20, eigen_num=3, oversamp_layer=4
27-01-2024 09:09:22 : Finish getting the global stiffness matrix.
27-01-2024 09:09:32 : Finish getting all eigenvalue-vector pairs.
27-01-2024 09:09:32 : lambda_min=(2.2204e-15, 7.1054e-15), lambda_max=(4.1208e-01, 4.1208e-01)
27-01-2024 09:09:35 : Finish getting maps of [global node index] to [local freedom index].
27-01-2024 09:15:41 : ......10.25%
27-01-2024 09:23:42 : ......20.25%
27-01-2024 09:33:17 : ......30.25%
27-01-2024 09:42:51 : ......40.25%
27-01-2024 09:52:25 : ......50.25%
27-01-2024 10:02:00 : ......60.25%
27-01-2024 10:11:34 : ......70.25%
27-01-2024 10:21:06 : ......80.25%
27-01-2024 10:28:59 : ......90.25%
27-01-2024 10:34:36 : Finish getting the multiscale bases.
27-01-2024 10:34:50 : Finish collecting all the bases in a sparse matrix formation.
27-01-2024 10:35:11 : Finish constructing the final MS mat.
27-01-2024 10:35:22 : relative energy error=4.719334e-02, plain-L2 error=4.189411e-03.
27-01-2024 10:35:23 : CEM-GMsFEM uses fine_grid=400, coarse_grid=40, eigen_num=3, oversamp_layer=0
27-01-2024 10:35:28 : Finish getting the global stiffness matrix.
27-01-2024 10:35:39 : relative energy error=5.116397e-02, plain-L2 error=2.623070e-03.
27-01-2024 10:35:39 : CEM-GMsFEM uses fine_grid=400, coarse_grid=40, eigen_num=3, oversamp_layer=1
27-01-2024 10:35:44 : Finish getting the global stiffness matrix.
27-01-2024 10:36:03 : Finish getting all eigenvalue-vector pairs.
27-01-2024 10:36:03 : lambda_min=(-2.2204e-15, 4.2188e-15), lambda_max=(4.1463e-01, 4.1463e-01)
27-01-2024 10:36:03 : Finish getting maps of [global node index] to [local freedom index].
27-01-2024 10:36:19 : ......10.06%
27-01-2024 10:36:36 : ......20.06%
27-01-2024 10:36:53 : ......30.06%
27-01-2024 10:37:11 : ......40.06%
27-01-2024 10:37:28 : ......50.06%
27-01-2024 10:37:45 : ......60.06%
27-01-2024 10:38:02 : ......70.06%
27-01-2024 10:38:20 : ......80.06%
27-01-2024 10:38:37 : ......90.06%
27-01-2024 10:38:52 : Finish getting the multiscale bases.
27-01-2024 10:38:54 : Finish collecting all the bases in a sparse matrix formation.
27-01-2024 10:38:55 : Finish constructing the final MS mat.
27-01-2024 10:39:06 : relative energy error=7.951804e-01, plain-L2 error=3.283909e-01.
27-01-2024 10:39:06 : CEM-GMsFEM uses fine_grid=400, coarse_grid=40, eigen_num=3, oversamp_layer=2
27-01-2024 10:39:11 : Finish getting the global stiffness matrix.
27-01-2024 10:39:30 : Finish getting all eigenvalue-vector pairs.
27-01-2024 10:39:30 : lambda_min=(-1.9984e-15, 3.5527e-15), lambda_max=(4.1463e-01, 4.1463e-01)
27-01-2024 10:39:31 : Finish getting maps of [global node index] to [local freedom index].
27-01-2024 10:40:16 : ......10.06%
27-01-2024 10:41:11 : ......20.06%
27-01-2024 10:42:05 : ......30.06%
27-01-2024 10:43:00 : ......40.06%
27-01-2024 10:43:54 : ......50.06%
27-01-2024 10:44:49 : ......60.06%
27-01-2024 10:45:43 : ......70.06%
27-01-2024 10:46:38 : ......80.06%
27-01-2024 10:47:32 : ......90.06%
27-01-2024 10:48:17 : Finish getting the multiscale bases.
27-01-2024 10:48:22 : Finish collecting all the bases in a sparse matrix formation.
27-01-2024 10:48:24 : Finish constructing the final MS mat.
27-01-2024 10:48:36 : relative energy error=1.172445e-01, plain-L2 error=1.062106e-01.
27-01-2024 10:48:36 : CEM-GMsFEM uses fine_grid=400, coarse_grid=40, eigen_num=3, oversamp_layer=3
27-01-2024 10:48:41 : Finish getting the global stiffness matrix.
27-01-2024 10:48:59 : Finish getting all eigenvalue-vector pairs.
27-01-2024 10:48:59 : lambda_min=(-2.2204e-15, 4.2188e-15), lambda_max=(4.1463e-01, 4.1463e-01)
27-01-2024 10:49:01 : Finish getting maps of [global node index] to [local freedom index].
27-01-2024 10:50:33 : ......10.06%
27-01-2024 10:52:33 : ......20.06%
27-01-2024 10:54:32 : ......30.06%
27-01-2024 10:56:32 : ......40.06%
27-01-2024 10:58:32 : ......50.06%
27-01-2024 11:00:32 : ......60.06%
27-01-2024 11:02:31 : ......70.06%
27-01-2024 11:04:31 : ......80.06%
27-01-2024 11:06:31 : ......90.06%
27-01-2024 11:08:01 : Finish getting the multiscale bases.
27-01-2024 11:08:10 : Finish collecting all the bases in a sparse matrix formation.
27-01-2024 11:08:18 : Finish constructing the final MS mat.
27-01-2024 11:08:30 : relative energy error=1.395783e-01, plain-L2 error=1.824608e-01.
27-01-2024 11:08:30 : CEM-GMsFEM uses fine_grid=400, coarse_grid=40, eigen_num=3, oversamp_layer=4
27-01-2024 11:08:35 : Finish getting the global stiffness matrix.
27-01-2024 11:08:53 : Finish getting all eigenvalue-vector pairs.
27-01-2024 11:08:53 : lambda_min=(-1.5543e-15, 3.9968e-15), lambda_max=(4.1463e-01, 4.1463e-01)
27-01-2024 11:08:56 : Finish getting maps of [global node index] to [local freedom index].
27-01-2024 11:11:20 : ......10.06%
27-01-2024 11:14:37 : ......20.06%
27-01-2024 11:17:55 : ......30.06%
27-01-2024 11:21:12 : ......40.06%
27-01-2024 11:24:30 : ......50.06%
27-01-2024 11:27:48 : ......60.06%
27-01-2024 11:31:06 : ......70.06%
27-01-2024 11:34:24 : ......80.06%
27-01-2024 11:37:42 : ......90.06%
27-01-2024 11:40:01 : Finish getting the multiscale bases.
27-01-2024 11:40:17 : Finish collecting all the bases in a sparse matrix formation.
27-01-2024 11:40:40 : Finish constructing the final MS mat.
27-01-2024 11:40:52 : relative energy error=3.308739e-02, plain-L2 error=4.695880e-03.
27-01-2024 11:40:53 : CEM-GMsFEM uses fine_grid=400, coarse_grid=80, eigen_num=3, oversamp_layer=0
27-01-2024 11:40:58 : Finish getting the global stiffness matrix.
27-01-2024 11:41:09 : relative energy error=2.519176e-02, plain-L2 error=6.377709e-04.
27-01-2024 11:41:09 : CEM-GMsFEM uses fine_grid=400, coarse_grid=80, eigen_num=3, oversamp_layer=1
27-01-2024 11:41:14 : Finish getting the global stiffness matrix.
27-01-2024 11:41:58 : Finish getting all eigenvalue-vector pairs.
27-01-2024 11:41:58 : lambda_min=(-1.7764e-15, 2.6645e-15), lambda_max=(4.2493e-01, 8.4987e-01)
27-01-2024 11:41:59 : Finish getting maps of [global node index] to [local freedom index].
27-01-2024 11:42:07 : ......10.02%
27-01-2024 11:42:17 : ......20.02%
27-01-2024 11:42:26 : ......30.02%
27-01-2024 11:42:35 : ......40.02%
27-01-2024 11:42:44 : ......50.02%
27-01-2024 11:42:53 : ......60.02%
27-01-2024 11:43:03 : ......70.02%
27-01-2024 11:43:12 : ......80.02%
27-01-2024 11:43:21 : ......90.02%
27-01-2024 11:43:30 : Finish getting the multiscale bases.
27-01-2024 11:43:32 : Finish collecting all the bases in a sparse matrix formation.
27-01-2024 11:43:32 : Finish constructing the final MS mat.
27-01-2024 11:43:44 : relative energy error=8.296090e-01, plain-L2 error=6.744558e-01.
27-01-2024 11:43:44 : CEM-GMsFEM uses fine_grid=400, coarse_grid=80, eigen_num=3, oversamp_layer=2
27-01-2024 11:43:49 : Finish getting the global stiffness matrix.
27-01-2024 11:44:33 : Finish getting all eigenvalue-vector pairs.
27-01-2024 11:44:33 : lambda_min=(-1.7764e-15, 2.2204e-15), lambda_max=(4.2493e-01, 4.2493e-01)
27-01-2024 11:44:34 : Finish getting maps of [global node index] to [local freedom index].
27-01-2024 11:44:59 : ......10.02%
27-01-2024 11:45:26 : ......20.02%
27-01-2024 11:45:53 : ......30.02%
27-01-2024 11:46:20 : ......40.02%
27-01-2024 11:46:47 : ......50.02%
27-01-2024 11:47:14 : ......60.02%
27-01-2024 11:47:41 : ......70.02%
27-01-2024 11:48:08 : ......80.02%
27-01-2024 11:48:35 : ......90.02%
27-01-2024 11:49:00 : Finish getting the multiscale bases.
27-01-2024 11:49:05 : Finish collecting all the bases in a sparse matrix formation.
27-01-2024 11:49:07 : Finish constructing the final MS mat.
27-01-2024 11:49:20 : relative energy error=9.533627e-02, plain-L2 error=5.202448e-02.
27-01-2024 11:49:20 : CEM-GMsFEM uses fine_grid=400, coarse_grid=80, eigen_num=3, oversamp_layer=3
27-01-2024 11:49:25 : Finish getting the global stiffness matrix.
27-01-2024 11:50:09 : Finish getting all eigenvalue-vector pairs.
27-01-2024 11:50:09 : lambda_min=(-1.7764e-15, 2.2204e-15), lambda_max=(4.2493e-01, 8.4987e-01)
27-01-2024 11:50:11 : Finish getting maps of [global node index] to [local freedom index].
27-01-2024 11:51:00 : ......10.02%
27-01-2024 11:51:54 : ......20.02%
27-01-2024 11:52:49 : ......30.02%
27-01-2024 11:53:44 : ......40.02%
27-01-2024 11:54:38 : ......50.02%
27-01-2024 11:55:33 : ......60.02%
27-01-2024 11:56:28 : ......70.02%
27-01-2024 11:57:23 : ......80.02%
27-01-2024 11:58:18 : ......90.02%
27-01-2024 11:59:06 : Finish getting the multiscale bases.
27-01-2024 11:59:16 : Finish collecting all the bases in a sparse matrix formation.
27-01-2024 11:59:24 : Finish constructing the final MS mat.
27-01-2024 11:59:38 : relative energy error=6.906429e-02, plain-L2 error=9.377216e-02.
27-01-2024 11:59:39 : CEM-GMsFEM uses fine_grid=400, coarse_grid=80, eigen_num=3, oversamp_layer=4
27-01-2024 11:59:44 : Finish getting the global stiffness matrix.
27-01-2024 12:00:28 : Finish getting all eigenvalue-vector pairs.
27-01-2024 12:00:28 : lambda_min=(-1.7764e-15, 2.2204e-15), lambda_max=(4.2493e-01, 8.4987e-01)
27-01-2024 12:00:31 : Finish getting maps of [global node index] to [local freedom index].
27-01-2024 12:01:49 : ......10.02%
27-01-2024 12:03:21 : ......20.02%
27-01-2024 12:04:52 : ......30.02%
27-01-2024 12:06:23 : ......40.02%
27-01-2024 12:07:55 : ......50.02%
27-01-2024 12:09:27 : ......60.02%
27-01-2024 12:10:59 : ......70.02%
27-01-2024 12:12:30 : ......80.02%
27-01-2024 12:14:02 : ......90.02%
27-01-2024 12:15:21 : Finish getting the multiscale bases.
27-01-2024 12:15:37 : Finish collecting all the bases in a sparse matrix formation.
27-01-2024 12:15:57 : Finish constructing the final MS mat.
27-01-2024 12:16:14 : relative energy error=1.994061e-02, plain-L2 error=4.668526e-03.
