27-01-2024 02:20:54 : ================================================================================
27-01-2024 02:20:54 : Start
27-01-2024 02:20:54 : In the medium, sigma+=1.1000e+00, sigma-=1.0000e+00, l=4.9000e-01
27-01-2024 02:20:54 : CEM-GMsFEM uses fine_grid=400, coarse_grid=10, eigen_num=3, oversamp_layer=0
27-01-2024 02:20:59 : Finish getting the global stiffness matrix.
27-01-2024 02:21:10 : relative energy error=5.515343e-01, plain-L2 error=6.868738e-01.
27-01-2024 02:21:11 : CEM-GMsFEM uses fine_grid=400, coarse_grid=10, eigen_num=3, oversamp_layer=1
27-01-2024 02:21:15 : Finish getting the global stiffness matrix.
27-01-2024 02:21:23 : Finish getting all eigenvalue-vector pairs.
27-01-2024 02:21:23 : lambda_min=(2.0872e-14, 2.7756e-14), lambda_max=(4.1144e-01, 4.1144e-01)
27-01-2024 02:21:24 : Finish getting maps of [global node index] to [local freedom index].
27-01-2024 02:25:23 : ......11.00%
27-01-2024 02:30:08 : ......21.00%
27-01-2024 02:34:54 : ......31.00%
27-01-2024 02:39:39 : ......41.00%
27-01-2024 02:44:25 : ......51.00%
27-01-2024 02:49:10 : ......61.00%
27-01-2024 02:53:57 : ......71.00%
27-01-2024 02:58:44 : ......81.00%
27-01-2024 03:03:14 : ......91.00%
27-01-2024 03:05:51 : Finish getting the multiscale bases.
27-01-2024 03:05:53 : Finish collecting all the bases in a sparse matrix formation.
27-01-2024 03:05:53 : Finish constructing the final MS mat.
27-01-2024 03:06:04 : relative energy error=4.291386e-01, plain-L2 error=1.415331e-01.
27-01-2024 03:06:05 : CEM-GMsFEM uses fine_grid=400, coarse_grid=10, eigen_num=3, oversamp_layer=2
27-01-2024 03:06:09 : Finish getting the global stiffness matrix.
27-01-2024 03:06:17 : Finish getting all eigenvalue-vector pairs.
27-01-2024 03:06:17 : lambda_min=(2.1982e-14, 2.6867e-14), lambda_max=(4.1144e-01, 4.1144e-01)
27-01-2024 03:06:18 : Finish getting maps of [global node index] to [local freedom index].
27-01-2024 03:18:17 : ......11.00%
27-01-2024 03:27:29 : ......21.00%
27-01-2024 03:38:09 : ......31.00%
27-01-2024 03:48:48 : ......41.00%
27-01-2024 03:59:30 : ......51.00%
27-01-2024 04:10:16 : ......61.00%
27-01-2024 04:20:55 : ......71.00%
27-01-2024 04:31:35 : ......81.00%
27-01-2024 04:40:19 : ......91.00%
27-01-2024 04:49:03 : Finish getting the multiscale bases.
27-01-2024 04:49:07 : Finish collecting all the bases in a sparse matrix formation.
27-01-2024 04:49:09 : Finish constructing the final MS mat.
27-01-2024 04:49:21 : relative energy error=2.212023e-01, plain-L2 error=6.081305e-02.
27-01-2024 04:49:21 : CEM-GMsFEM uses fine_grid=400, coarse_grid=10, eigen_num=3, oversamp_layer=3
27-01-2024 04:49:26 : Finish getting the global stiffness matrix.
27-01-2024 04:49:34 : Finish getting all eigenvalue-vector pairs.
27-01-2024 04:49:34 : lambda_min=(2.1094e-14, 2.7534e-14), lambda_max=(4.1144e-01, 4.1144e-01)
27-01-2024 04:49:35 : Finish getting maps of [global node index] to [local freedom index].
27-01-2024 05:03:05 : ......11.00%
27-01-2024 05:16:54 : ......21.00%
27-01-2024 05:33:37 : ......31.00%
27-01-2024 05:52:32 : ......41.00%
27-01-2024 06:11:28 : ......51.00%
27-01-2024 06:30:22 : ......61.00%
27-01-2024 06:48:51 : ......71.00%
27-01-2024 07:04:39 : ......81.00%
27-01-2024 07:18:00 : ......91.00%
27-01-2024 07:27:23 : Finish getting the multiscale bases.
27-01-2024 07:27:31 : Finish collecting all the bases in a sparse matrix formation.
27-01-2024 07:27:37 : Finish constructing the final MS mat.
27-01-2024 07:27:48 : relative energy error=6.938240e-02, plain-L2 error=9.071530e-02.
27-01-2024 07:27:48 : CEM-GMsFEM uses fine_grid=400, coarse_grid=10, eigen_num=3, oversamp_layer=4
27-01-2024 07:27:53 : Finish getting the global stiffness matrix.
27-01-2024 07:28:01 : Finish getting all eigenvalue-vector pairs.
27-01-2024 07:28:01 : lambda_min=(2.1538e-14, 2.7534e-14), lambda_max=(4.1144e-01, 4.1144e-01)
27-01-2024 07:28:03 : Finish getting maps of [global node index] to [local freedom index].
27-01-2024 07:47:30 : ......11.00%
27-01-2024 08:07:42 : ......21.00%
27-01-2024 08:31:21 : ......31.00%
27-01-2024 08:58:49 : ......41.00%
27-01-2024 09:29:34 : ......51.00%
27-01-2024 09:59:33 : ......61.00%
27-01-2024 10:25:41 : ......71.00%
27-01-2024 10:48:04 : ......81.00%
27-01-2024 11:07:09 : ......91.00%
27-01-2024 11:20:58 : Finish getting the multiscale bases.
27-01-2024 11:21:09 : Finish collecting all the bases in a sparse matrix formation.
27-01-2024 11:21:22 : Finish constructing the final MS mat.
27-01-2024 11:21:33 : relative energy error=7.236938e-02, plain-L2 error=9.755409e-02.
27-01-2024 11:21:33 : CEM-GMsFEM uses fine_grid=400, coarse_grid=20, eigen_num=3, oversamp_layer=0
27-01-2024 11:21:38 : Finish getting the global stiffness matrix.
27-01-2024 11:21:50 : relative energy error=5.608444e-01, plain-L2 error=7.487496e-01.
27-01-2024 11:21:50 : CEM-GMsFEM uses fine_grid=400, coarse_grid=20, eigen_num=3, oversamp_layer=1
27-01-2024 11:21:54 : Finish getting the global stiffness matrix.
27-01-2024 11:22:04 : Finish getting all eigenvalue-vector pairs.
27-01-2024 11:22:04 : lambda_min=(1.9984e-15, 6.8834e-15), lambda_max=(4.1208e-01, 4.1208e-01)
27-01-2024 11:22:05 : Finish getting maps of [global node index] to [local freedom index].
27-01-2024 11:22:55 : ......10.25%
27-01-2024 11:23:54 : ......20.25%
27-01-2024 11:24:52 : ......30.25%
27-01-2024 11:25:50 : ......40.25%
27-01-2024 11:26:49 : ......50.25%
27-01-2024 11:27:48 : ......60.25%
27-01-2024 11:28:46 : ......70.25%
27-01-2024 11:29:44 : ......80.25%
27-01-2024 11:30:42 : ......90.25%
27-01-2024 11:31:27 : Finish getting the multiscale bases.
27-01-2024 11:31:29 : Finish collecting all the bases in a sparse matrix formation.
27-01-2024 11:31:30 : Finish constructing the final MS mat.
27-01-2024 11:31:41 : relative energy error=3.086453e-01, plain-L2 error=1.241979e-01.
27-01-2024 11:31:41 : CEM-GMsFEM uses fine_grid=400, coarse_grid=20, eigen_num=3, oversamp_layer=2
27-01-2024 11:31:46 : Finish getting the global stiffness matrix.
27-01-2024 11:31:55 : Finish getting all eigenvalue-vector pairs.
27-01-2024 11:31:55 : lambda_min=(2.2204e-15, 7.5495e-15), lambda_max=(4.1208e-01, 4.1208e-01)
27-01-2024 11:31:56 : Finish getting maps of [global node index] to [local freedom index].
27-01-2024 11:34:05 : ......10.25%
27-01-2024 11:37:00 : ......20.25%
27-01-2024 11:39:54 : ......30.25%
27-01-2024 11:42:48 : ......40.25%
27-01-2024 11:45:43 : ......50.25%
27-01-2024 11:48:37 : ......60.25%
27-01-2024 11:51:32 : ......70.25%
27-01-2024 11:54:25 : ......80.25%
27-01-2024 11:57:18 : ......90.25%
27-01-2024 11:59:10 : Finish getting the multiscale bases.
27-01-2024 11:59:15 : Finish collecting all the bases in a sparse matrix formation.
27-01-2024 11:59:17 : Finish constructing the final MS mat.
27-01-2024 11:59:28 : relative energy error=3.291156e-02, plain-L2 error=4.229103e-02.
27-01-2024 11:59:28 : CEM-GMsFEM uses fine_grid=400, coarse_grid=20, eigen_num=3, oversamp_layer=3
27-01-2024 11:59:33 : Finish getting the global stiffness matrix.
27-01-2024 11:59:43 : Finish getting all eigenvalue-vector pairs.
27-01-2024 11:59:43 : lambda_min=(1.9984e-15, 6.6613e-15), lambda_max=(4.1208e-01, 4.1208e-01)
27-01-2024 11:59:45 : Finish getting maps of [global node index] to [local freedom index].
28-01-2024 12:03:38 : ......10.25%
28-01-2024 12:09:10 : ......20.25%
28-01-2024 12:15:02 : ......30.25%
28-01-2024 12:20:54 : ......40.25%
28-01-2024 12:26:46 : ......50.25%
28-01-2024 12:32:40 : ......60.25%
28-01-2024 12:38:32 : ......70.25%
28-01-2024 12:44:24 : ......80.25%
28-01-2024 12:49:49 : ......90.25%
28-01-2024 12:53:24 : Finish getting the multiscale bases.
28-01-2024 12:53:33 : Finish collecting all the bases in a sparse matrix formation.
28-01-2024 12:53:41 : Finish constructing the final MS mat.
28-01-2024 12:53:53 : relative energy error=3.039400e-02, plain-L2 error=4.146143e-02.
28-01-2024 12:53:53 : CEM-GMsFEM uses fine_grid=400, coarse_grid=20, eigen_num=3, oversamp_layer=4
28-01-2024 12:53:58 : Finish getting the global stiffness matrix.
28-01-2024 12:54:08 : Finish getting all eigenvalue-vector pairs.
28-01-2024 12:54:08 : lambda_min=(2.2204e-15, 6.8834e-15), lambda_max=(4.1208e-01, 4.1208e-01)
28-01-2024 12:54:10 : Finish getting maps of [global node index] to [local freedom index].
28-01-2024 01:00:17 : ......10.25%
28-01-2024 01:08:17 : ......20.25%
28-01-2024 01:17:50 : ......30.25%
28-01-2024 01:27:23 : ......40.25%
28-01-2024 01:36:56 : ......50.25%
28-01-2024 01:46:30 : ......60.25%
28-01-2024 01:56:04 : ......70.25%
28-01-2024 02:05:35 : ......80.25%
28-01-2024 02:13:27 : ......90.25%
28-01-2024 02:19:05 : Finish getting the multiscale bases.
28-01-2024 02:19:19 : Finish collecting all the bases in a sparse matrix formation.
28-01-2024 02:19:40 : Finish constructing the final MS mat.
28-01-2024 02:19:51 : relative energy error=2.919393e-02, plain-L2 error=3.908133e-02.
28-01-2024 02:19:51 : CEM-GMsFEM uses fine_grid=400, coarse_grid=40, eigen_num=3, oversamp_layer=0
28-01-2024 02:19:56 : Finish getting the global stiffness matrix.
28-01-2024 02:20:08 : relative energy error=6.872463e-01, plain-L2 error=9.301255e-01.
28-01-2024 02:20:08 : CEM-GMsFEM uses fine_grid=400, coarse_grid=40, eigen_num=3, oversamp_layer=1
28-01-2024 02:20:13 : Finish getting the global stiffness matrix.
28-01-2024 02:20:31 : Finish getting all eigenvalue-vector pairs.
28-01-2024 02:20:31 : lambda_min=(-2.2204e-15, 3.1086e-15), lambda_max=(4.1463e-01, 4.1463e-01)
28-01-2024 02:20:32 : Finish getting maps of [global node index] to [local freedom index].
28-01-2024 02:20:48 : ......10.06%
28-01-2024 02:21:05 : ......20.06%
28-01-2024 02:21:22 : ......30.06%
28-01-2024 02:21:39 : ......40.06%
28-01-2024 02:21:57 : ......50.06%
28-01-2024 02:22:14 : ......60.06%
28-01-2024 02:22:31 : ......70.06%
28-01-2024 02:22:48 : ......80.06%
28-01-2024 02:23:06 : ......90.06%
28-01-2024 02:23:21 : Finish getting the multiscale bases.
28-01-2024 02:23:23 : Finish collecting all the bases in a sparse matrix formation.
28-01-2024 02:23:23 : Finish constructing the final MS mat.
28-01-2024 02:23:34 : relative energy error=5.583359e-01, plain-L2 error=3.310857e-01.
28-01-2024 02:23:35 : CEM-GMsFEM uses fine_grid=400, coarse_grid=40, eigen_num=3, oversamp_layer=2
28-01-2024 02:23:39 : Finish getting the global stiffness matrix.
28-01-2024 02:23:58 : Finish getting all eigenvalue-vector pairs.
28-01-2024 02:23:58 : lambda_min=(-1.9984e-15, 3.5527e-15), lambda_max=(4.1463e-01, 4.1463e-01)
28-01-2024 02:23:59 : Finish getting maps of [global node index] to [local freedom index].
28-01-2024 02:24:45 : ......10.06%
28-01-2024 02:25:40 : ......20.06%
28-01-2024 02:26:35 : ......30.06%
28-01-2024 02:27:29 : ......40.06%
28-01-2024 02:28:24 : ......50.06%
28-01-2024 02:29:18 : ......60.06%
28-01-2024 02:30:12 : ......70.06%
28-01-2024 02:31:07 : ......80.06%
28-01-2024 02:32:01 : ......90.06%
28-01-2024 02:32:47 : Finish getting the multiscale bases.
28-01-2024 02:32:51 : Finish collecting all the bases in a sparse matrix formation.
28-01-2024 02:32:54 : Finish constructing the final MS mat.
28-01-2024 02:33:05 : relative energy error=2.837452e-02, plain-L2 error=9.807351e-04.
28-01-2024 02:33:05 : CEM-GMsFEM uses fine_grid=400, coarse_grid=40, eigen_num=3, oversamp_layer=3
28-01-2024 02:33:10 : Finish getting the global stiffness matrix.
28-01-2024 02:33:29 : Finish getting all eigenvalue-vector pairs.
28-01-2024 02:33:29 : lambda_min=(-2.2204e-15, 3.9968e-15), lambda_max=(4.1463e-01, 4.1463e-01)
28-01-2024 02:33:31 : Finish getting maps of [global node index] to [local freedom index].
28-01-2024 02:34:59 : ......10.06%
28-01-2024 02:36:53 : ......20.06%
28-01-2024 02:38:46 : ......30.06%
28-01-2024 02:40:40 : ......40.06%
28-01-2024 02:42:33 : ......50.06%
28-01-2024 02:44:27 : ......60.06%
28-01-2024 02:46:20 : ......70.06%
28-01-2024 02:48:14 : ......80.06%
28-01-2024 02:50:07 : ......90.06%
28-01-2024 02:51:34 : Finish getting the multiscale bases.
28-01-2024 02:51:43 : Finish collecting all the bases in a sparse matrix formation.
28-01-2024 02:51:51 : Finish constructing the final MS mat.
28-01-2024 02:52:03 : relative energy error=1.332075e-03, plain-L2 error=9.357828e-04.
28-01-2024 02:52:03 : CEM-GMsFEM uses fine_grid=400, coarse_grid=40, eigen_num=3, oversamp_layer=4
28-01-2024 02:52:08 : Finish getting the global stiffness matrix.
28-01-2024 02:52:27 : Finish getting all eigenvalue-vector pairs.
28-01-2024 02:52:27 : lambda_min=(-1.5543e-15, 2.8866e-15), lambda_max=(4.1463e-01, 4.1463e-01)
28-01-2024 02:52:30 : Finish getting maps of [global node index] to [local freedom index].
28-01-2024 02:54:47 : ......10.06%
28-01-2024 02:58:00 : ......20.06%
28-01-2024 03:01:13 : ......30.06%
28-01-2024 03:04:25 : ......40.06%
28-01-2024 03:07:40 : ......50.06%
28-01-2024 03:11:01 : ......60.06%
28-01-2024 03:14:18 : ......70.06%
28-01-2024 03:17:35 : ......80.06%
28-01-2024 03:20:53 : ......90.06%
28-01-2024 03:23:12 : Finish getting the multiscale bases.
28-01-2024 03:23:28 : Finish collecting all the bases in a sparse matrix formation.
28-01-2024 03:23:52 : Finish constructing the final MS mat.
28-01-2024 03:24:04 : relative energy error=5.775979e-04, plain-L2 error=7.355372e-04.
28-01-2024 03:24:04 : CEM-GMsFEM uses fine_grid=400, coarse_grid=80, eigen_num=3, oversamp_layer=0
28-01-2024 03:24:09 : Finish getting the global stiffness matrix.
28-01-2024 03:24:21 : relative energy error=8.125221e-01, plain-L2 error=1.046818e+00.
28-01-2024 03:24:21 : CEM-GMsFEM uses fine_grid=400, coarse_grid=80, eigen_num=3, oversamp_layer=1
28-01-2024 03:24:25 : Finish getting the global stiffness matrix.
28-01-2024 03:25:10 : Finish getting all eigenvalue-vector pairs.
28-01-2024 03:25:10 : lambda_min=(-1.9984e-15, 2.4425e-15), lambda_max=(4.2493e-01, 4.3757e-01)
28-01-2024 03:25:10 : Finish getting maps of [global node index] to [local freedom index].
28-01-2024 03:25:19 : ......10.02%
28-01-2024 03:25:28 : ......20.02%
28-01-2024 03:25:37 : ......30.02%
28-01-2024 03:25:46 : ......40.02%
28-01-2024 03:25:55 : ......50.02%
28-01-2024 03:26:05 : ......60.02%
28-01-2024 03:26:14 : ......70.02%
28-01-2024 03:26:23 : ......80.02%
28-01-2024 03:26:32 : ......90.02%
28-01-2024 03:26:41 : Finish getting the multiscale bases.
28-01-2024 03:26:43 : Finish collecting all the bases in a sparse matrix formation.
28-01-2024 03:26:43 : Finish constructing the final MS mat.
28-01-2024 03:26:55 : relative energy error=8.068096e-01, plain-L2 error=6.755967e-01.
28-01-2024 03:26:55 : CEM-GMsFEM uses fine_grid=400, coarse_grid=80, eigen_num=3, oversamp_layer=2
28-01-2024 03:27:00 : Finish getting the global stiffness matrix.
28-01-2024 03:27:44 : Finish getting all eigenvalue-vector pairs.
28-01-2024 03:27:44 : lambda_min=(-1.7764e-15, 1.9984e-15), lambda_max=(4.2493e-01, 4.3757e-01)
28-01-2024 03:27:45 : Finish getting maps of [global node index] to [local freedom index].
28-01-2024 03:28:09 : ......10.02%
28-01-2024 03:28:36 : ......20.02%
28-01-2024 03:29:03 : ......30.02%
28-01-2024 03:29:30 : ......40.02%
28-01-2024 03:29:57 : ......50.02%
28-01-2024 03:30:24 : ......60.02%
28-01-2024 03:30:51 : ......70.02%
28-01-2024 03:31:18 : ......80.02%
28-01-2024 03:31:45 : ......90.02%
28-01-2024 03:32:10 : Finish getting the multiscale bases.
28-01-2024 03:32:15 : Finish collecting all the bases in a sparse matrix formation.
28-01-2024 03:32:17 : Finish constructing the final MS mat.
28-01-2024 03:32:31 : relative energy error=3.638075e-01, plain-L2 error=1.273213e-02.
28-01-2024 03:32:31 : CEM-GMsFEM uses fine_grid=400, coarse_grid=80, eigen_num=3, oversamp_layer=3
28-01-2024 03:32:36 : Finish getting the global stiffness matrix.
28-01-2024 03:33:20 : Finish getting all eigenvalue-vector pairs.
28-01-2024 03:33:20 : lambda_min=(-1.9984e-15, 2.2204e-15), lambda_max=(4.2493e-01, 8.4987e-01)
28-01-2024 03:33:22 : Finish getting maps of [global node index] to [local freedom index].
28-01-2024 03:34:10 : ......10.02%
28-01-2024 03:35:05 : ......20.02%
28-01-2024 03:35:59 : ......30.02%
28-01-2024 03:36:54 : ......40.02%
28-01-2024 03:37:49 : ......50.02%
28-01-2024 03:38:43 : ......60.02%
28-01-2024 03:39:38 : ......70.02%
28-01-2024 03:40:32 : ......80.02%
28-01-2024 03:41:27 : ......90.02%
28-01-2024 03:42:16 : Finish getting the multiscale bases.
28-01-2024 03:42:25 : Finish collecting all the bases in a sparse matrix formation.
28-01-2024 03:42:33 : Finish constructing the final MS mat.
28-01-2024 03:42:48 : relative energy error=2.004713e-02, plain-L2 error=2.744334e-02.
28-01-2024 03:42:48 : CEM-GMsFEM uses fine_grid=400, coarse_grid=80, eigen_num=3, oversamp_layer=4
28-01-2024 03:42:53 : Finish getting the global stiffness matrix.
28-01-2024 03:43:37 : Finish getting all eigenvalue-vector pairs.
28-01-2024 03:43:37 : lambda_min=(-1.7764e-15, 2.2204e-15), lambda_max=(4.2493e-01, 8.4987e-01)
28-01-2024 03:43:40 : Finish getting maps of [global node index] to [local freedom index].
28-01-2024 03:44:59 : ......10.02%
28-01-2024 03:46:30 : ......20.02%
28-01-2024 03:48:02 : ......30.02%
28-01-2024 03:49:33 : ......40.02%
28-01-2024 03:51:05 : ......50.02%
28-01-2024 03:52:37 : ......60.02%
28-01-2024 03:54:08 : ......70.02%
28-01-2024 03:55:40 : ......80.02%
28-01-2024 03:57:12 : ......90.02%
28-01-2024 03:58:30 : Finish getting the multiscale bases.
28-01-2024 03:58:46 : Finish collecting all the bases in a sparse matrix formation.
28-01-2024 03:59:07 : Finish constructing the final MS mat.
28-01-2024 03:59:24 : relative energy error=1.918915e-02, plain-L2 error=2.619050e-02.
