26-01-2024 10:35:02 : ================================================================================
26-01-2024 10:35:02 : Start
26-01-2024 10:35:02 : In the medium, sigma+=1.0000e+00, sigma-=1.0100e+00, l=4.9000e-01
26-01-2024 10:35:02 : CEM-GMsFEM uses fine_grid=400, coarse_grid=10, eigen_num=3, oversamp_layer=0
26-01-2024 10:35:07 : Finish getting the global stiffness matrix.
26-01-2024 10:35:19 : relative energy error=9.693443e-01, plain-L2 error=1.304368e+00.
26-01-2024 10:35:19 : CEM-GMsFEM uses fine_grid=400, coarse_grid=10, eigen_num=3, oversamp_layer=1
26-01-2024 10:35:24 : Finish getting the global stiffness matrix.
26-01-2024 10:35:32 : Finish getting all eigenvalue-vector pairs.
26-01-2024 10:35:32 : lambda_min=(1.2212e-14, 2.5313e-14), lambda_max=(4.1144e-01, 4.1221e-01)
26-01-2024 10:35:32 : Finish getting maps of [global node index] to [local freedom index].
26-01-2024 10:39:33 : ......11.00%
26-01-2024 10:44:21 : ......21.00%
26-01-2024 10:49:09 : ......31.00%
26-01-2024 10:53:57 : ......41.00%
26-01-2024 10:58:45 : ......51.00%
26-01-2024 11:03:33 : ......61.00%
26-01-2024 11:08:21 : ......71.00%
26-01-2024 11:13:09 : ......81.00%
26-01-2024 11:17:40 : ......91.00%
26-01-2024 11:20:18 : Finish getting the multiscale bases.
26-01-2024 11:20:20 : Finish collecting all the bases in a sparse matrix formation.
26-01-2024 11:20:20 : Finish constructing the final MS mat.
26-01-2024 11:20:32 : relative energy error=3.248204e-01, plain-L2 error=2.991456e-01.
26-01-2024 11:20:32 : CEM-GMsFEM uses fine_grid=400, coarse_grid=10, eigen_num=3, oversamp_layer=2
26-01-2024 11:20:37 : Finish getting the global stiffness matrix.
26-01-2024 11:20:45 : Finish getting all eigenvalue-vector pairs.
26-01-2024 11:20:45 : lambda_min=(1.1546e-14, 2.5091e-14), lambda_max=(4.1144e-01, 4.1221e-01)
26-01-2024 11:20:45 : Finish getting maps of [global node index] to [local freedom index].
26-01-2024 11:32:47 : ......11.00%
26-01-2024 11:41:56 : ......21.00%
26-01-2024 11:52:35 : ......31.00%
27-01-2024 12:03:14 : ......41.00%
27-01-2024 12:13:52 : ......51.00%
27-01-2024 12:24:32 : ......61.00%
27-01-2024 12:35:12 : ......71.00%
27-01-2024 12:45:52 : ......81.00%
27-01-2024 12:54:36 : ......91.00%
27-01-2024 01:03:27 : Finish getting the multiscale bases.
27-01-2024 01:03:31 : Finish collecting all the bases in a sparse matrix formation.
27-01-2024 01:03:33 : Finish constructing the final MS mat.
27-01-2024 01:03:44 : relative energy error=4.930510e-02, plain-L2 error=3.093486e-03.
27-01-2024 01:03:45 : CEM-GMsFEM uses fine_grid=400, coarse_grid=10, eigen_num=3, oversamp_layer=3
27-01-2024 01:03:49 : Finish getting the global stiffness matrix.
27-01-2024 01:03:57 : Finish getting all eigenvalue-vector pairs.
27-01-2024 01:03:57 : lambda_min=(1.1324e-14, 2.5313e-14), lambda_max=(4.1144e-01, 4.1221e-01)
27-01-2024 01:03:59 : Finish getting maps of [global node index] to [local freedom index].
27-01-2024 01:17:42 : ......11.00%
27-01-2024 01:31:48 : ......21.00%
27-01-2024 01:48:45 : ......31.00%
27-01-2024 02:07:56 : ......41.00%
27-01-2024 02:27:10 : ......51.00%
27-01-2024 02:46:26 : ......61.00%
27-01-2024 03:05:16 : ......71.00%
27-01-2024 03:21:17 : ......81.00%
27-01-2024 03:34:52 : ......91.00%
27-01-2024 03:44:28 : Finish getting the multiscale bases.
27-01-2024 03:44:36 : Finish collecting all the bases in a sparse matrix formation.
27-01-2024 03:44:42 : Finish constructing the final MS mat.
27-01-2024 03:44:53 : relative energy error=2.515410e-02, plain-L2 error=6.735674e-04.
27-01-2024 03:44:53 : CEM-GMsFEM uses fine_grid=400, coarse_grid=10, eigen_num=3, oversamp_layer=4
27-01-2024 03:44:58 : Finish getting the global stiffness matrix.
27-01-2024 03:45:06 : Finish getting all eigenvalue-vector pairs.
27-01-2024 03:45:06 : lambda_min=(1.2212e-14, 2.4869e-14), lambda_max=(4.1144e-01, 4.1221e-01)
27-01-2024 03:45:08 : Finish getting maps of [global node index] to [local freedom index].
27-01-2024 04:04:35 : ......11.00%
27-01-2024 04:24:52 : ......21.00%
27-01-2024 04:48:33 : ......31.00%
27-01-2024 05:15:57 : ......41.00%
27-01-2024 05:46:41 : ......51.00%
27-01-2024 06:16:50 : ......61.00%
27-01-2024 06:42:56 : ......71.00%
27-01-2024 07:05:18 : ......81.00%
27-01-2024 07:24:22 : ......91.00%
27-01-2024 07:38:05 : Finish getting the multiscale bases.
27-01-2024 07:38:16 : Finish collecting all the bases in a sparse matrix formation.
27-01-2024 07:38:29 : Finish constructing the final MS mat.
27-01-2024 07:38:40 : relative energy error=1.514685e-03, plain-L2 error=9.605977e-05.
27-01-2024 07:38:41 : CEM-GMsFEM uses fine_grid=400, coarse_grid=20, eigen_num=3, oversamp_layer=0
27-01-2024 07:38:46 : Finish getting the global stiffness matrix.
27-01-2024 07:38:57 : relative energy error=9.067814e-01, plain-L2 error=1.243719e+00.
27-01-2024 07:38:57 : CEM-GMsFEM uses fine_grid=400, coarse_grid=20, eigen_num=3, oversamp_layer=1
27-01-2024 07:39:02 : Finish getting the global stiffness matrix.
27-01-2024 07:39:12 : Finish getting all eigenvalue-vector pairs.
27-01-2024 07:39:12 : lambda_min=(2.2204e-15, 6.8834e-15), lambda_max=(4.1208e-01, 4.1332e-01)
27-01-2024 07:39:12 : Finish getting maps of [global node index] to [local freedom index].
27-01-2024 07:40:02 : ......10.25%
27-01-2024 07:41:01 : ......20.25%
27-01-2024 07:42:00 : ......30.25%
27-01-2024 07:42:58 : ......40.25%
27-01-2024 07:43:57 : ......50.25%
27-01-2024 07:44:56 : ......60.25%
27-01-2024 07:45:54 : ......70.25%
27-01-2024 07:46:52 : ......80.25%
27-01-2024 07:47:50 : ......90.25%
27-01-2024 07:48:35 : Finish getting the multiscale bases.
27-01-2024 07:48:37 : Finish collecting all the bases in a sparse matrix formation.
27-01-2024 07:48:38 : Finish constructing the final MS mat.
27-01-2024 07:48:49 : relative energy error=4.899044e-01, plain-L2 error=8.555354e-02.
27-01-2024 07:48:49 : CEM-GMsFEM uses fine_grid=400, coarse_grid=20, eigen_num=3, oversamp_layer=2
27-01-2024 07:48:54 : Finish getting the global stiffness matrix.
27-01-2024 07:49:04 : Finish getting all eigenvalue-vector pairs.
27-01-2024 07:49:04 : lambda_min=(1.7764e-15, 7.5495e-15), lambda_max=(4.1208e-01, 4.1332e-01)
27-01-2024 07:49:04 : Finish getting maps of [global node index] to [local freedom index].
27-01-2024 07:51:10 : ......10.25%
27-01-2024 07:54:11 : ......20.25%
27-01-2024 07:57:13 : ......30.25%
27-01-2024 08:00:14 : ......40.25%
27-01-2024 08:03:15 : ......50.25%
27-01-2024 08:06:16 : ......60.25%
27-01-2024 08:09:16 : ......70.25%
27-01-2024 08:12:16 : ......80.25%
27-01-2024 08:15:15 : ......90.25%
27-01-2024 08:17:10 : Finish getting the multiscale bases.
27-01-2024 08:17:15 : Finish collecting all the bases in a sparse matrix formation.
27-01-2024 08:17:17 : Finish constructing the final MS mat.
27-01-2024 08:17:28 : relative energy error=3.873632e-02, plain-L2 error=3.951375e-03.
27-01-2024 08:17:28 : CEM-GMsFEM uses fine_grid=400, coarse_grid=20, eigen_num=3, oversamp_layer=3
27-01-2024 08:17:33 : Finish getting the global stiffness matrix.
27-01-2024 08:17:43 : Finish getting all eigenvalue-vector pairs.
27-01-2024 08:17:43 : lambda_min=(1.9984e-15, 6.4393e-15), lambda_max=(4.1208e-01, 4.1332e-01)
27-01-2024 08:17:44 : Finish getting maps of [global node index] to [local freedom index].
27-01-2024 08:21:40 : ......10.25%
27-01-2024 08:27:14 : ......20.25%
27-01-2024 08:33:08 : ......30.25%
27-01-2024 08:39:02 : ......40.25%
27-01-2024 08:44:57 : ......50.25%
27-01-2024 08:50:52 : ......60.25%
27-01-2024 08:56:46 : ......70.25%
27-01-2024 09:02:42 : ......80.25%
27-01-2024 09:08:11 : ......90.25%
27-01-2024 09:11:49 : Finish getting the multiscale bases.
27-01-2024 09:11:58 : Finish collecting all the bases in a sparse matrix formation.
27-01-2024 09:12:06 : Finish constructing the final MS mat.
27-01-2024 09:12:18 : relative energy error=4.803044e-03, plain-L2 error=2.141305e-04.
27-01-2024 09:12:18 : CEM-GMsFEM uses fine_grid=400, coarse_grid=20, eigen_num=3, oversamp_layer=4
27-01-2024 09:12:23 : Finish getting the global stiffness matrix.
27-01-2024 09:12:32 : Finish getting all eigenvalue-vector pairs.
27-01-2024 09:12:32 : lambda_min=(1.7764e-15, 7.1054e-15), lambda_max=(4.1208e-01, 4.1332e-01)
27-01-2024 09:12:35 : Finish getting maps of [global node index] to [local freedom index].
27-01-2024 09:18:42 : ......10.25%
27-01-2024 09:26:43 : ......20.25%
27-01-2024 09:36:17 : ......30.25%
27-01-2024 09:45:51 : ......40.25%
27-01-2024 09:55:25 : ......50.25%
27-01-2024 10:05:00 : ......60.25%
27-01-2024 10:14:35 : ......70.25%
27-01-2024 10:24:07 : ......80.25%
27-01-2024 10:32:00 : ......90.25%
27-01-2024 10:37:37 : Finish getting the multiscale bases.
27-01-2024 10:37:51 : Finish collecting all the bases in a sparse matrix formation.
27-01-2024 10:38:12 : Finish constructing the final MS mat.
27-01-2024 10:38:24 : relative energy error=5.450834e-04, plain-L2 error=2.138100e-05.
27-01-2024 10:38:24 : CEM-GMsFEM uses fine_grid=400, coarse_grid=40, eigen_num=3, oversamp_layer=0
27-01-2024 10:38:29 : Finish getting the global stiffness matrix.
27-01-2024 10:38:41 : relative energy error=8.265284e-01, plain-L2 error=1.139017e+00.
27-01-2024 10:38:41 : CEM-GMsFEM uses fine_grid=400, coarse_grid=40, eigen_num=3, oversamp_layer=1
27-01-2024 10:38:46 : Finish getting the global stiffness matrix.
27-01-2024 10:39:04 : Finish getting all eigenvalue-vector pairs.
27-01-2024 10:39:04 : lambda_min=(-1.9984e-15, 3.7748e-15), lambda_max=(4.1463e-01, 4.1541e-01)
27-01-2024 10:39:04 : Finish getting maps of [global node index] to [local freedom index].
27-01-2024 10:39:20 : ......10.06%
27-01-2024 10:39:37 : ......20.06%
27-01-2024 10:39:55 : ......30.06%
27-01-2024 10:40:12 : ......40.06%
27-01-2024 10:40:29 : ......50.06%
27-01-2024 10:40:47 : ......60.06%
27-01-2024 10:41:04 : ......70.06%
27-01-2024 10:41:21 : ......80.06%
27-01-2024 10:41:38 : ......90.06%
27-01-2024 10:41:54 : Finish getting the multiscale bases.
27-01-2024 10:41:56 : Finish collecting all the bases in a sparse matrix formation.
27-01-2024 10:41:56 : Finish constructing the final MS mat.
27-01-2024 10:42:07 : relative energy error=2.063373e+01, plain-L2 error=4.273981e+00.
27-01-2024 10:42:08 : CEM-GMsFEM uses fine_grid=400, coarse_grid=40, eigen_num=3, oversamp_layer=2
27-01-2024 10:42:12 : Finish getting the global stiffness matrix.
27-01-2024 10:42:31 : Finish getting all eigenvalue-vector pairs.
27-01-2024 10:42:31 : lambda_min=(-1.9984e-15, 4.2188e-15), lambda_max=(4.1463e-01, 4.1541e-01)
27-01-2024 10:42:32 : Finish getting maps of [global node index] to [local freedom index].
27-01-2024 10:43:18 : ......10.06%
27-01-2024 10:44:12 : ......20.06%
27-01-2024 10:45:07 : ......30.06%
27-01-2024 10:46:01 : ......40.06%
27-01-2024 10:46:56 : ......50.06%
27-01-2024 10:47:51 : ......60.06%
27-01-2024 10:48:45 : ......70.06%
27-01-2024 10:49:40 : ......80.06%
27-01-2024 10:50:34 : ......90.06%
27-01-2024 10:51:19 : Finish getting the multiscale bases.
27-01-2024 10:51:24 : Finish collecting all the bases in a sparse matrix formation.
27-01-2024 10:51:26 : Finish constructing the final MS mat.
27-01-2024 10:51:38 : relative energy error=1.872786e-01, plain-L2 error=1.774144e-01.
27-01-2024 10:51:38 : CEM-GMsFEM uses fine_grid=400, coarse_grid=40, eigen_num=3, oversamp_layer=3
27-01-2024 10:51:43 : Finish getting the global stiffness matrix.
27-01-2024 10:52:01 : Finish getting all eigenvalue-vector pairs.
27-01-2024 10:52:01 : lambda_min=(-2.2204e-15, 3.9968e-15), lambda_max=(4.1463e-01, 4.1541e-01)
27-01-2024 10:52:03 : Finish getting maps of [global node index] to [local freedom index].
27-01-2024 10:53:32 : ......10.06%
27-01-2024 10:55:26 : ......20.06%
27-01-2024 10:57:20 : ......30.06%
27-01-2024 10:59:13 : ......40.06%
27-01-2024 11:01:08 : ......50.06%
27-01-2024 11:03:02 : ......60.06%
27-01-2024 11:04:55 : ......70.06%
27-01-2024 11:06:49 : ......80.06%
27-01-2024 11:08:43 : ......90.06%
27-01-2024 11:10:10 : Finish getting the multiscale bases.
27-01-2024 11:10:20 : Finish collecting all the bases in a sparse matrix formation.
27-01-2024 11:10:27 : Finish constructing the final MS mat.
27-01-2024 11:10:39 : relative energy error=3.773962e-03, plain-L2 error=1.048462e-04.
27-01-2024 11:10:40 : CEM-GMsFEM uses fine_grid=400, coarse_grid=40, eigen_num=3, oversamp_layer=4
27-01-2024 11:10:45 : Finish getting the global stiffness matrix.
27-01-2024 11:11:03 : Finish getting all eigenvalue-vector pairs.
27-01-2024 11:11:03 : lambda_min=(-1.7764e-15, 3.9968e-15), lambda_max=(4.1463e-01, 4.1541e-01)
27-01-2024 11:11:06 : Finish getting maps of [global node index] to [local freedom index].
27-01-2024 11:13:24 : ......10.06%
27-01-2024 11:16:38 : ......20.06%
27-01-2024 11:19:52 : ......30.06%
27-01-2024 11:23:05 : ......40.06%
27-01-2024 11:26:19 : ......50.06%
27-01-2024 11:29:35 : ......60.06%
27-01-2024 11:32:57 : ......70.06%
27-01-2024 11:36:19 : ......80.06%
27-01-2024 11:39:40 : ......90.06%
27-01-2024 11:41:59 : Finish getting the multiscale bases.
27-01-2024 11:42:15 : Finish collecting all the bases in a sparse matrix formation.
27-01-2024 11:42:39 : Finish constructing the final MS mat.
27-01-2024 11:42:51 : relative energy error=3.281896e-04, plain-L2 error=1.130706e-05.
27-01-2024 11:42:51 : CEM-GMsFEM uses fine_grid=400, coarse_grid=80, eigen_num=3, oversamp_layer=0
27-01-2024 11:42:56 : Finish getting the global stiffness matrix.
27-01-2024 11:43:08 : relative energy error=5.324912e-01, plain-L2 error=7.323020e-01.
27-01-2024 11:43:08 : CEM-GMsFEM uses fine_grid=400, coarse_grid=80, eigen_num=3, oversamp_layer=1
27-01-2024 11:43:13 : Finish getting the global stiffness matrix.
27-01-2024 11:43:57 : Finish getting all eigenvalue-vector pairs.
27-01-2024 11:43:57 : lambda_min=(-1.7764e-15, 2.2204e-15), lambda_max=(4.2493e-01, 8.4987e-01)
27-01-2024 11:43:57 : Finish getting maps of [global node index] to [local freedom index].
27-01-2024 11:44:06 : ......10.02%
27-01-2024 11:44:15 : ......20.02%
27-01-2024 11:44:24 : ......30.02%
27-01-2024 11:44:33 : ......40.02%
27-01-2024 11:44:42 : ......50.02%
27-01-2024 11:44:52 : ......60.02%
27-01-2024 11:45:01 : ......70.02%
27-01-2024 11:45:10 : ......80.02%
27-01-2024 11:45:19 : ......90.02%
27-01-2024 11:45:28 : Finish getting the multiscale bases.
27-01-2024 11:45:29 : Finish collecting all the bases in a sparse matrix formation.
27-01-2024 11:45:30 : Finish constructing the final MS mat.
27-01-2024 11:45:42 : relative energy error=8.183718e-01, plain-L2 error=6.826269e-01.
27-01-2024 11:45:42 : CEM-GMsFEM uses fine_grid=400, coarse_grid=80, eigen_num=3, oversamp_layer=2
27-01-2024 11:45:47 : Finish getting the global stiffness matrix.
27-01-2024 11:46:30 : Finish getting all eigenvalue-vector pairs.
27-01-2024 11:46:30 : lambda_min=(-1.7764e-15, 2.4425e-15), lambda_max=(4.2493e-01, 4.2493e-01)
27-01-2024 11:46:31 : Finish getting maps of [global node index] to [local freedom index].
27-01-2024 11:46:56 : ......10.02%
27-01-2024 11:47:23 : ......20.02%
27-01-2024 11:47:50 : ......30.02%
27-01-2024 11:48:17 : ......40.02%
27-01-2024 11:48:44 : ......50.02%
27-01-2024 11:49:11 : ......60.02%
27-01-2024 11:49:39 : ......70.02%
27-01-2024 11:50:06 : ......80.02%
27-01-2024 11:50:33 : ......90.02%
27-01-2024 11:50:58 : Finish getting the multiscale bases.
27-01-2024 11:51:02 : Finish collecting all the bases in a sparse matrix formation.
27-01-2024 11:51:05 : Finish constructing the final MS mat.
27-01-2024 11:51:18 : relative energy error=6.348610e-02, plain-L2 error=2.814529e-02.
27-01-2024 11:51:18 : CEM-GMsFEM uses fine_grid=400, coarse_grid=80, eigen_num=3, oversamp_layer=3
27-01-2024 11:51:23 : Finish getting the global stiffness matrix.
27-01-2024 11:52:07 : Finish getting all eigenvalue-vector pairs.
27-01-2024 11:52:07 : lambda_min=(-1.9984e-15, 2.6645e-15), lambda_max=(4.2493e-01, 8.4987e-01)
27-01-2024 11:52:09 : Finish getting maps of [global node index] to [local freedom index].
27-01-2024 11:52:57 : ......10.02%
27-01-2024 11:53:52 : ......20.02%
27-01-2024 11:54:47 : ......30.02%
27-01-2024 11:55:41 : ......40.02%
27-01-2024 11:56:36 : ......50.02%
27-01-2024 11:57:31 : ......60.02%
27-01-2024 11:58:26 : ......70.02%
27-01-2024 11:59:21 : ......80.02%
27-01-2024 12:00:16 : ......90.02%
27-01-2024 12:01:04 : Finish getting the multiscale bases.
27-01-2024 12:01:14 : Finish collecting all the bases in a sparse matrix formation.
27-01-2024 12:01:22 : Finish constructing the final MS mat.
27-01-2024 12:01:37 : relative energy error=1.222241e-02, plain-L2 error=6.208097e-03.
27-01-2024 12:01:37 : CEM-GMsFEM uses fine_grid=400, coarse_grid=80, eigen_num=3, oversamp_layer=4
27-01-2024 12:01:42 : Finish getting the global stiffness matrix.
27-01-2024 12:02:26 : Finish getting all eigenvalue-vector pairs.
27-01-2024 12:02:26 : lambda_min=(-1.5543e-15, 2.2204e-15), lambda_max=(4.2493e-01, 4.2493e-01)
27-01-2024 12:02:29 : Finish getting maps of [global node index] to [local freedom index].
27-01-2024 12:03:47 : ......10.02%
27-01-2024 12:05:19 : ......20.02%
27-01-2024 12:06:51 : ......30.02%
27-01-2024 12:08:23 : ......40.02%
27-01-2024 12:09:55 : ......50.02%
27-01-2024 12:11:27 : ......60.02%
27-01-2024 12:13:00 : ......70.02%
27-01-2024 12:14:32 : ......80.02%
27-01-2024 12:16:05 : ......90.02%
27-01-2024 12:17:24 : Finish getting the multiscale bases.
27-01-2024 12:17:41 : Finish collecting all the bases in a sparse matrix formation.
27-01-2024 12:18:02 : Finish constructing the final MS mat.
27-01-2024 12:18:19 : relative energy error=3.241278e-03, plain-L2 error=3.926242e-04.
