26-01-2024 10:34:47 : ================================================================================
26-01-2024 10:34:47 : Start
26-01-2024 10:34:47 : In the medium, sigma+=1.0000e+01, sigma-=1.0000e+00, l=4.9000e-01
26-01-2024 10:34:47 : CEM-GMsFEM uses fine_grid=400, coarse_grid=10, eigen_num=3, oversamp_layer=0
26-01-2024 10:34:52 : Finish getting the global stiffness matrix.
26-01-2024 10:35:03 : relative energy error=2.298914e+00, plain-L2 error=1.360935e+00.
26-01-2024 10:35:03 : CEM-GMsFEM uses fine_grid=400, coarse_grid=10, eigen_num=3, oversamp_layer=1
26-01-2024 10:35:08 : Finish getting the global stiffness matrix.
26-01-2024 10:35:16 : Finish getting all eigenvalue-vector pairs.
26-01-2024 10:35:16 : lambda_min=(2.2204e-14, 2.8644e-14), lambda_max=(4.1144e-01, 4.1144e-01)
26-01-2024 10:35:17 : Finish getting maps of [global node index] to [local freedom index].
26-01-2024 10:39:14 : ......11.00%
26-01-2024 10:43:58 : ......21.00%
26-01-2024 10:48:40 : ......31.00%
26-01-2024 10:53:23 : ......41.00%
26-01-2024 10:58:06 : ......51.00%
26-01-2024 11:02:49 : ......61.00%
26-01-2024 11:07:32 : ......71.00%
26-01-2024 11:12:14 : ......81.00%
26-01-2024 11:16:42 : ......91.00%
26-01-2024 11:19:17 : Finish getting the multiscale bases.
26-01-2024 11:19:19 : Finish collecting all the bases in a sparse matrix formation.
26-01-2024 11:19:19 : Finish constructing the final MS mat.
26-01-2024 11:19:30 : relative energy error=1.826994e-01, plain-L2 error=2.639209e-02.
26-01-2024 11:19:31 : CEM-GMsFEM uses fine_grid=400, coarse_grid=10, eigen_num=3, oversamp_layer=2
26-01-2024 11:19:35 : Finish getting the global stiffness matrix.
26-01-2024 11:19:43 : Finish getting all eigenvalue-vector pairs.
26-01-2024 11:19:43 : lambda_min=(2.1982e-14, 2.8422e-14), lambda_max=(4.1144e-01, 4.1144e-01)
26-01-2024 11:19:44 : Finish getting maps of [global node index] to [local freedom index].
26-01-2024 11:31:28 : ......11.00%
26-01-2024 11:40:37 : ......21.00%
26-01-2024 11:51:11 : ......31.00%
27-01-2024 12:01:50 : ......41.00%
27-01-2024 12:12:25 : ......51.00%
27-01-2024 12:23:02 : ......61.00%
27-01-2024 12:33:36 : ......71.00%
27-01-2024 12:44:13 : ......81.00%
27-01-2024 12:52:56 : ......91.00%
27-01-2024 01:01:41 : Finish getting the multiscale bases.
27-01-2024 01:01:45 : Finish collecting all the bases in a sparse matrix formation.
27-01-2024 01:01:47 : Finish constructing the final MS mat.
27-01-2024 01:01:58 : relative energy error=1.424088e-02, plain-L2 error=1.010454e-03.
27-01-2024 01:01:58 : CEM-GMsFEM uses fine_grid=400, coarse_grid=10, eigen_num=3, oversamp_layer=3
27-01-2024 01:02:03 : Finish getting the global stiffness matrix.
27-01-2024 01:02:11 : Finish getting all eigenvalue-vector pairs.
27-01-2024 01:02:11 : lambda_min=(2.1094e-14, 2.8644e-14), lambda_max=(4.1144e-01, 4.1144e-01)
27-01-2024 01:02:12 : Finish getting maps of [global node index] to [local freedom index].
27-01-2024 01:15:42 : ......11.00%
27-01-2024 01:29:36 : ......21.00%
27-01-2024 01:46:17 : ......31.00%
27-01-2024 02:05:15 : ......41.00%
27-01-2024 02:24:07 : ......51.00%
27-01-2024 02:43:04 : ......61.00%
27-01-2024 03:01:38 : ......71.00%
27-01-2024 03:17:25 : ......81.00%
27-01-2024 03:30:55 : ......91.00%
27-01-2024 03:40:19 : Finish getting the multiscale bases.
27-01-2024 03:40:26 : Finish collecting all the bases in a sparse matrix formation.
27-01-2024 03:40:32 : Finish constructing the final MS mat.
27-01-2024 03:40:43 : relative energy error=6.522715e-03, plain-L2 error=4.644715e-04.
27-01-2024 03:40:44 : CEM-GMsFEM uses fine_grid=400, coarse_grid=10, eigen_num=3, oversamp_layer=4
27-01-2024 03:40:49 : Finish getting the global stiffness matrix.
27-01-2024 03:40:57 : Finish getting all eigenvalue-vector pairs.
27-01-2024 03:40:57 : lambda_min=(2.1982e-14, 2.8644e-14), lambda_max=(4.1144e-01, 4.1144e-01)
27-01-2024 03:40:59 : Finish getting maps of [global node index] to [local freedom index].
27-01-2024 04:00:26 : ......11.00%
27-01-2024 04:20:35 : ......21.00%
27-01-2024 04:44:11 : ......31.00%
27-01-2024 05:11:37 : ......41.00%
27-01-2024 05:42:21 : ......51.00%
27-01-2024 06:12:29 : ......61.00%
27-01-2024 06:38:46 : ......71.00%
27-01-2024 07:01:09 : ......81.00%
27-01-2024 07:20:15 : ......91.00%
27-01-2024 07:34:01 : Finish getting the multiscale bases.
27-01-2024 07:34:12 : Finish collecting all the bases in a sparse matrix formation.
27-01-2024 07:34:25 : Finish constructing the final MS mat.
27-01-2024 07:34:36 : relative energy error=7.015791e-03, plain-L2 error=4.976546e-04.
27-01-2024 07:34:36 : CEM-GMsFEM uses fine_grid=400, coarse_grid=20, eigen_num=3, oversamp_layer=0
27-01-2024 07:34:41 : Finish getting the global stiffness matrix.
27-01-2024 07:34:53 : relative energy error=8.435366e-01, plain-L2 error=4.333779e-01.
27-01-2024 07:34:53 : CEM-GMsFEM uses fine_grid=400, coarse_grid=20, eigen_num=3, oversamp_layer=1
27-01-2024 07:34:58 : Finish getting the global stiffness matrix.
27-01-2024 07:35:08 : Finish getting all eigenvalue-vector pairs.
27-01-2024 07:35:08 : lambda_min=(2.6645e-15, 7.9936e-15), lambda_max=(4.1208e-01, 4.1208e-01)
27-01-2024 07:35:08 : Finish getting maps of [global node index] to [local freedom index].
27-01-2024 07:36:00 : ......10.25%
27-01-2024 07:36:59 : ......20.25%
27-01-2024 07:37:57 : ......30.25%
27-01-2024 07:38:56 : ......40.25%
27-01-2024 07:39:54 : ......50.25%
27-01-2024 07:40:52 : ......60.25%
27-01-2024 07:41:51 : ......70.25%
27-01-2024 07:42:49 : ......80.25%
27-01-2024 07:43:47 : ......90.25%
27-01-2024 07:44:32 : Finish getting the multiscale bases.
27-01-2024 07:44:34 : Finish collecting all the bases in a sparse matrix formation.
27-01-2024 07:44:34 : Finish constructing the final MS mat.
27-01-2024 07:44:45 : relative energy error=3.073237e-01, plain-L2 error=9.938051e-02.
27-01-2024 07:44:46 : CEM-GMsFEM uses fine_grid=400, coarse_grid=20, eigen_num=3, oversamp_layer=2
27-01-2024 07:44:50 : Finish getting the global stiffness matrix.
27-01-2024 07:45:00 : Finish getting all eigenvalue-vector pairs.
27-01-2024 07:45:00 : lambda_min=(2.8866e-15, 7.5495e-15), lambda_max=(4.1208e-01, 4.1208e-01)
27-01-2024 07:45:01 : Finish getting maps of [global node index] to [local freedom index].
27-01-2024 07:47:04 : ......10.25%
27-01-2024 07:50:07 : ......20.25%
27-01-2024 07:53:10 : ......30.25%
27-01-2024 07:56:12 : ......40.25%
27-01-2024 07:59:11 : ......50.25%
27-01-2024 08:02:09 : ......60.25%
27-01-2024 08:05:07 : ......70.25%
27-01-2024 08:08:05 : ......80.25%
27-01-2024 08:11:01 : ......90.25%
27-01-2024 08:12:57 : Finish getting the multiscale bases.
27-01-2024 08:13:02 : Finish collecting all the bases in a sparse matrix formation.
27-01-2024 08:13:04 : Finish constructing the final MS mat.
27-01-2024 08:13:15 : relative energy error=1.259747e-02, plain-L2 error=5.951947e-04.
27-01-2024 08:13:16 : CEM-GMsFEM uses fine_grid=400, coarse_grid=20, eigen_num=3, oversamp_layer=3
27-01-2024 08:13:20 : Finish getting the global stiffness matrix.
27-01-2024 08:13:30 : Finish getting all eigenvalue-vector pairs.
27-01-2024 08:13:30 : lambda_min=(2.6645e-15, 7.1054e-15), lambda_max=(4.1208e-01, 4.1208e-01)
27-01-2024 08:13:32 : Finish getting maps of [global node index] to [local freedom index].
27-01-2024 08:17:28 : ......10.25%
27-01-2024 08:23:01 : ......20.25%
27-01-2024 08:28:56 : ......30.25%
27-01-2024 08:34:48 : ......40.25%
27-01-2024 08:40:40 : ......50.25%
27-01-2024 08:46:33 : ......60.25%
27-01-2024 08:52:25 : ......70.25%
27-01-2024 08:58:17 : ......80.25%
27-01-2024 09:03:43 : ......90.25%
27-01-2024 09:07:19 : Finish getting the multiscale bases.
27-01-2024 09:07:28 : Finish collecting all the bases in a sparse matrix formation.
27-01-2024 09:07:37 : Finish constructing the final MS mat.
27-01-2024 09:07:48 : relative energy error=5.221709e-04, plain-L2 error=2.145392e-05.
27-01-2024 09:07:48 : CEM-GMsFEM uses fine_grid=400, coarse_grid=20, eigen_num=3, oversamp_layer=4
27-01-2024 09:07:53 : Finish getting the global stiffness matrix.
27-01-2024 09:08:03 : Finish getting all eigenvalue-vector pairs.
27-01-2024 09:08:03 : lambda_min=(2.6645e-15, 6.8834e-15), lambda_max=(4.1208e-01, 4.1208e-01)
27-01-2024 09:08:05 : Finish getting maps of [global node index] to [local freedom index].
27-01-2024 09:14:13 : ......10.25%
27-01-2024 09:22:16 : ......20.25%
27-01-2024 09:31:53 : ......30.25%
27-01-2024 09:41:29 : ......40.25%
27-01-2024 09:51:05 : ......50.25%
27-01-2024 10:00:41 : ......60.25%
27-01-2024 10:10:18 : ......70.25%
27-01-2024 10:19:51 : ......80.25%
27-01-2024 10:27:45 : ......90.25%
27-01-2024 10:33:24 : Finish getting the multiscale bases.
27-01-2024 10:33:38 : Finish collecting all the bases in a sparse matrix formation.
27-01-2024 10:33:59 : Finish constructing the final MS mat.
27-01-2024 10:34:11 : relative energy error=2.112135e-04, plain-L2 error=8.194382e-06.
27-01-2024 10:34:11 : CEM-GMsFEM uses fine_grid=400, coarse_grid=40, eigen_num=3, oversamp_layer=0
27-01-2024 10:34:16 : Finish getting the global stiffness matrix.
27-01-2024 10:34:28 : relative energy error=2.577572e-01, plain-L2 error=9.481347e-02.
27-01-2024 10:34:28 : CEM-GMsFEM uses fine_grid=400, coarse_grid=40, eigen_num=3, oversamp_layer=1
27-01-2024 10:34:33 : Finish getting the global stiffness matrix.
27-01-2024 10:34:54 : Finish getting all eigenvalue-vector pairs.
27-01-2024 10:34:54 : lambda_min=(-2.2204e-15, 3.7748e-15), lambda_max=(4.1463e-01, 4.1463e-01)
27-01-2024 10:34:54 : Finish getting maps of [global node index] to [local freedom index].
27-01-2024 10:35:10 : ......10.06%
27-01-2024 10:35:27 : ......20.06%
27-01-2024 10:35:45 : ......30.06%
27-01-2024 10:36:02 : ......40.06%
27-01-2024 10:36:19 : ......50.06%
27-01-2024 10:36:36 : ......60.06%
27-01-2024 10:36:53 : ......70.06%
27-01-2024 10:37:11 : ......80.06%
27-01-2024 10:37:28 : ......90.06%
27-01-2024 10:37:44 : Finish getting the multiscale bases.
27-01-2024 10:37:45 : Finish collecting all the bases in a sparse matrix formation.
27-01-2024 10:37:46 : Finish constructing the final MS mat.
27-01-2024 10:37:57 : relative energy error=5.550097e-01, plain-L2 error=3.214649e-01.
27-01-2024 10:37:57 : CEM-GMsFEM uses fine_grid=400, coarse_grid=40, eigen_num=3, oversamp_layer=2
27-01-2024 10:38:02 : Finish getting the global stiffness matrix.
27-01-2024 10:38:21 : Finish getting all eigenvalue-vector pairs.
27-01-2024 10:38:21 : lambda_min=(-1.9984e-15, 3.7748e-15), lambda_max=(4.1463e-01, 4.1463e-01)
27-01-2024 10:38:22 : Finish getting maps of [global node index] to [local freedom index].
27-01-2024 10:39:07 : ......10.06%
27-01-2024 10:40:02 : ......20.06%
27-01-2024 10:40:56 : ......30.06%
27-01-2024 10:41:50 : ......40.06%
27-01-2024 10:42:45 : ......50.06%
27-01-2024 10:43:39 : ......60.06%
27-01-2024 10:44:34 : ......70.06%
27-01-2024 10:45:29 : ......80.06%
27-01-2024 10:46:24 : ......90.06%
27-01-2024 10:47:09 : Finish getting the multiscale bases.
27-01-2024 10:47:14 : Finish collecting all the bases in a sparse matrix formation.
27-01-2024 10:47:16 : Finish constructing the final MS mat.
27-01-2024 10:47:27 : relative energy error=2.797942e-02, plain-L2 error=1.049766e-03.
27-01-2024 10:47:28 : CEM-GMsFEM uses fine_grid=400, coarse_grid=40, eigen_num=3, oversamp_layer=3
27-01-2024 10:47:32 : Finish getting the global stiffness matrix.
27-01-2024 10:47:51 : Finish getting all eigenvalue-vector pairs.
27-01-2024 10:47:51 : lambda_min=(-2.2204e-15, 3.5527e-15), lambda_max=(4.1463e-01, 4.1463e-01)
27-01-2024 10:47:53 : Finish getting maps of [global node index] to [local freedom index].
27-01-2024 10:49:22 : ......10.06%
27-01-2024 10:51:15 : ......20.06%
27-01-2024 10:53:09 : ......30.06%
27-01-2024 10:55:02 : ......40.06%
27-01-2024 10:56:55 : ......50.06%
27-01-2024 10:58:49 : ......60.06%
27-01-2024 11:00:42 : ......70.06%
27-01-2024 11:02:39 : ......80.06%
27-01-2024 11:04:38 : ......90.06%
27-01-2024 11:06:06 : Finish getting the multiscale bases.
27-01-2024 11:06:16 : Finish collecting all the bases in a sparse matrix formation.
27-01-2024 11:06:24 : Finish constructing the final MS mat.
27-01-2024 11:06:35 : relative energy error=1.117775e-03, plain-L2 error=2.636299e-05.
27-01-2024 11:06:36 : CEM-GMsFEM uses fine_grid=400, coarse_grid=40, eigen_num=3, oversamp_layer=4
27-01-2024 11:06:41 : Finish getting the global stiffness matrix.
27-01-2024 11:06:59 : Finish getting all eigenvalue-vector pairs.
27-01-2024 11:06:59 : lambda_min=(-1.5543e-15, 3.3307e-15), lambda_max=(4.1463e-01, 4.1463e-01)
27-01-2024 11:07:02 : Finish getting maps of [global node index] to [local freedom index].
27-01-2024 11:09:26 : ......10.06%
27-01-2024 11:12:44 : ......20.06%
27-01-2024 11:16:03 : ......30.06%
27-01-2024 11:19:22 : ......40.06%
27-01-2024 11:22:40 : ......50.06%
27-01-2024 11:26:00 : ......60.06%
27-01-2024 11:29:19 : ......70.06%
27-01-2024 11:32:37 : ......80.06%
27-01-2024 11:35:56 : ......90.06%
27-01-2024 11:38:17 : Finish getting the multiscale bases.
27-01-2024 11:38:33 : Finish collecting all the bases in a sparse matrix formation.
27-01-2024 11:38:56 : Finish constructing the final MS mat.
27-01-2024 11:39:08 : relative energy error=5.782203e-05, plain-L2 error=4.318775e-06.
27-01-2024 11:39:08 : CEM-GMsFEM uses fine_grid=400, coarse_grid=80, eigen_num=3, oversamp_layer=0
27-01-2024 11:39:14 : Finish getting the global stiffness matrix.
27-01-2024 11:39:25 : relative energy error=8.391706e-02, plain-L2 error=1.336781e-02.
27-01-2024 11:39:25 : CEM-GMsFEM uses fine_grid=400, coarse_grid=80, eigen_num=3, oversamp_layer=1
27-01-2024 11:39:30 : Finish getting the global stiffness matrix.
27-01-2024 11:40:14 : Finish getting all eigenvalue-vector pairs.
27-01-2024 11:40:14 : lambda_min=(-1.7764e-15, 2.8866e-15), lambda_max=(4.2493e-01, 6.3399e-01)
27-01-2024 11:40:15 : Finish getting maps of [global node index] to [local freedom index].
27-01-2024 11:40:24 : ......10.02%
27-01-2024 11:40:33 : ......20.02%
27-01-2024 11:40:42 : ......30.02%
27-01-2024 11:40:51 : ......40.02%
27-01-2024 11:41:01 : ......50.02%
27-01-2024 11:41:10 : ......60.02%
27-01-2024 11:41:19 : ......70.02%
27-01-2024 11:41:28 : ......80.02%
27-01-2024 11:41:38 : ......90.02%
27-01-2024 11:41:47 : Finish getting the multiscale bases.
27-01-2024 11:41:48 : Finish collecting all the bases in a sparse matrix formation.
27-01-2024 11:41:49 : Finish constructing the final MS mat.
27-01-2024 11:42:00 : relative energy error=8.053901e-01, plain-L2 error=6.679198e-01.
27-01-2024 11:42:00 : CEM-GMsFEM uses fine_grid=400, coarse_grid=80, eigen_num=3, oversamp_layer=2
27-01-2024 11:42:05 : Finish getting the global stiffness matrix.
27-01-2024 11:42:50 : Finish getting all eigenvalue-vector pairs.
27-01-2024 11:42:50 : lambda_min=(-1.7764e-15, 2.4425e-15), lambda_max=(4.2493e-01, 6.3399e-01)
27-01-2024 11:42:51 : Finish getting maps of [global node index] to [local freedom index].
27-01-2024 11:43:16 : ......10.02%
27-01-2024 11:43:43 : ......20.02%
27-01-2024 11:44:10 : ......30.02%
27-01-2024 11:44:37 : ......40.02%
27-01-2024 11:45:05 : ......50.02%
27-01-2024 11:45:32 : ......60.02%
27-01-2024 11:45:59 : ......70.02%
27-01-2024 11:46:27 : ......80.02%
27-01-2024 11:46:54 : ......90.02%
27-01-2024 11:47:19 : Finish getting the multiscale bases.
27-01-2024 11:47:24 : Finish collecting all the bases in a sparse matrix formation.
27-01-2024 11:47:26 : Finish constructing the final MS mat.
27-01-2024 11:47:39 : relative energy error=6.069097e-02, plain-L2 error=3.925575e-03.
27-01-2024 11:47:39 : CEM-GMsFEM uses fine_grid=400, coarse_grid=80, eigen_num=3, oversamp_layer=3
27-01-2024 11:47:44 : Finish getting the global stiffness matrix.
27-01-2024 11:48:29 : Finish getting all eigenvalue-vector pairs.
27-01-2024 11:48:29 : lambda_min=(-1.7764e-15, 2.2204e-15), lambda_max=(4.2493e-01, 8.4987e-01)
27-01-2024 11:48:31 : Finish getting maps of [global node index] to [local freedom index].
27-01-2024 11:49:20 : ......10.02%
27-01-2024 11:50:15 : ......20.02%
27-01-2024 11:51:10 : ......30.02%
27-01-2024 11:52:06 : ......40.02%
27-01-2024 11:53:01 : ......50.02%
27-01-2024 11:53:56 : ......60.02%
27-01-2024 11:54:52 : ......70.02%
27-01-2024 11:55:47 : ......80.02%
27-01-2024 11:56:43 : ......90.02%
27-01-2024 11:57:32 : Finish getting the multiscale bases.
27-01-2024 11:57:41 : Finish collecting all the bases in a sparse matrix formation.
27-01-2024 11:57:50 : Finish constructing the final MS mat.
27-01-2024 11:58:04 : relative energy error=2.570940e-03, plain-L2 error=3.093240e-05.
27-01-2024 11:58:04 : CEM-GMsFEM uses fine_grid=400, coarse_grid=80, eigen_num=3, oversamp_layer=4
27-01-2024 11:58:09 : Finish getting the global stiffness matrix.
27-01-2024 11:58:53 : Finish getting all eigenvalue-vector pairs.
27-01-2024 11:58:53 : lambda_min=(-1.7764e-15, 2.4425e-15), lambda_max=(4.2493e-01, 8.4987e-01)
27-01-2024 11:58:57 : Finish getting maps of [global node index] to [local freedom index].
27-01-2024 12:00:16 : ......10.02%
27-01-2024 12:01:48 : ......20.02%
27-01-2024 12:03:21 : ......30.02%
27-01-2024 12:04:53 : ......40.02%
27-01-2024 12:06:26 : ......50.02%
27-01-2024 12:07:58 : ......60.02%
27-01-2024 12:09:31 : ......70.02%
27-01-2024 12:11:04 : ......80.02%
27-01-2024 12:12:37 : ......90.02%
27-01-2024 12:13:56 : Finish getting the multiscale bases.
27-01-2024 12:14:12 : Finish collecting all the bases in a sparse matrix formation.
27-01-2024 12:14:33 : Finish constructing the final MS mat.
27-01-2024 12:14:50 : relative energy error=1.084391e-04, plain-L2 error=4.374981e-06.
