26-01-2024 10:33:43 : ================================================================================
26-01-2024 10:33:43 : Start
26-01-2024 10:33:43 : In the medium, sigma+=1.0000e+01, sigma-=1.0000e+00, l=5.0000e-01
26-01-2024 10:33:43 : CEM-GMsFEM uses fine_grid=400, coarse_grid=10, eigen_num=3, oversamp_layer=0
26-01-2024 10:33:48 : Finish getting the global stiffness matrix.
26-01-2024 10:33:59 : relative energy error=2.055597e-01, plain-L2 error=4.227931e-02.
26-01-2024 10:33:59 : CEM-GMsFEM uses fine_grid=400, coarse_grid=10, eigen_num=3, oversamp_layer=1
26-01-2024 10:34:04 : Finish getting the global stiffness matrix.
26-01-2024 10:34:12 : Finish getting all eigenvalue-vector pairs.
26-01-2024 10:34:12 : lambda_min=(2.2204e-14, 2.8644e-14), lambda_max=(4.1144e-01, 4.1144e-01)
26-01-2024 10:34:13 : Finish getting maps of [global node index] to [local freedom index].
26-01-2024 10:38:14 : ......11.00%
26-01-2024 10:43:03 : ......21.00%
26-01-2024 10:47:52 : ......31.00%
26-01-2024 10:52:41 : ......41.00%
26-01-2024 10:57:30 : ......51.00%
26-01-2024 11:02:18 : ......61.00%
26-01-2024 11:07:06 : ......71.00%
26-01-2024 11:11:54 : ......81.00%
26-01-2024 11:16:26 : ......91.00%
26-01-2024 11:19:05 : Finish getting the multiscale bases.
26-01-2024 11:19:07 : Finish collecting all the bases in a sparse matrix formation.
26-01-2024 11:19:07 : Finish constructing the final MS mat.
26-01-2024 11:19:18 : relative energy error=1.407775e-01, plain-L2 error=2.344804e-02.
26-01-2024 11:19:18 : CEM-GMsFEM uses fine_grid=400, coarse_grid=10, eigen_num=3, oversamp_layer=2
26-01-2024 11:19:23 : Finish getting the global stiffness matrix.
26-01-2024 11:19:31 : Finish getting all eigenvalue-vector pairs.
26-01-2024 11:19:31 : lambda_min=(2.1982e-14, 2.8422e-14), lambda_max=(4.1144e-01, 4.1144e-01)
26-01-2024 11:19:32 : Finish getting maps of [global node index] to [local freedom index].
26-01-2024 11:31:31 : ......11.00%
26-01-2024 11:40:46 : ......21.00%
26-01-2024 11:51:25 : ......31.00%
27-01-2024 12:02:04 : ......41.00%
27-01-2024 12:12:43 : ......51.00%
27-01-2024 12:23:21 : ......61.00%
27-01-2024 12:33:58 : ......71.00%
27-01-2024 12:44:35 : ......81.00%
27-01-2024 12:53:20 : ......91.00%
27-01-2024 01:02:03 : Finish getting the multiscale bases.
27-01-2024 01:02:07 : Finish collecting all the bases in a sparse matrix formation.
27-01-2024 01:02:09 : Finish constructing the final MS mat.
27-01-2024 01:02:20 : relative energy error=4.300634e-03, plain-L2 error=3.669985e-04.
27-01-2024 01:02:20 : CEM-GMsFEM uses fine_grid=400, coarse_grid=10, eigen_num=3, oversamp_layer=3
27-01-2024 01:02:25 : Finish getting the global stiffness matrix.
27-01-2024 01:02:33 : Finish getting all eigenvalue-vector pairs.
27-01-2024 01:02:33 : lambda_min=(2.1094e-14, 2.8644e-14), lambda_max=(4.1144e-01, 4.1144e-01)
27-01-2024 01:02:34 : Finish getting maps of [global node index] to [local freedom index].
27-01-2024 01:16:22 : ......11.00%
27-01-2024 01:30:31 : ......21.00%
27-01-2024 01:47:27 : ......31.00%
27-01-2024 02:06:48 : ......41.00%
27-01-2024 02:26:07 : ......51.00%
27-01-2024 02:45:25 : ......61.00%
27-01-2024 03:04:21 : ......71.00%
27-01-2024 03:20:28 : ......81.00%
27-01-2024 03:34:08 : ......91.00%
27-01-2024 03:43:45 : Finish getting the multiscale bases.
27-01-2024 03:43:53 : Finish collecting all the bases in a sparse matrix formation.
27-01-2024 03:43:59 : Finish constructing the final MS mat.
27-01-2024 03:44:10 : relative energy error=9.358330e-04, plain-L2 error=6.482551e-05.
27-01-2024 03:44:10 : CEM-GMsFEM uses fine_grid=400, coarse_grid=10, eigen_num=3, oversamp_layer=4
27-01-2024 03:44:15 : Finish getting the global stiffness matrix.
27-01-2024 03:44:23 : Finish getting all eigenvalue-vector pairs.
27-01-2024 03:44:23 : lambda_min=(2.1982e-14, 2.8644e-14), lambda_max=(4.1144e-01, 4.1144e-01)
27-01-2024 03:44:25 : Finish getting maps of [global node index] to [local freedom index].
27-01-2024 04:03:59 : ......11.00%
27-01-2024 04:24:22 : ......21.00%
27-01-2024 04:48:03 : ......31.00%
27-01-2024 05:15:32 : ......41.00%
27-01-2024 05:46:18 : ......51.00%
27-01-2024 06:16:15 : ......61.00%
27-01-2024 06:42:20 : ......71.00%
27-01-2024 07:04:45 : ......81.00%
27-01-2024 07:23:54 : ......91.00%
27-01-2024 07:37:45 : Finish getting the multiscale bases.
27-01-2024 07:37:56 : Finish collecting all the bases in a sparse matrix formation.
27-01-2024 07:38:09 : Finish constructing the final MS mat.
27-01-2024 07:38:20 : relative energy error=9.494915e-04, plain-L2 error=6.826109e-05.
27-01-2024 07:38:20 : CEM-GMsFEM uses fine_grid=400, coarse_grid=20, eigen_num=3, oversamp_layer=0
27-01-2024 07:38:25 : Finish getting the global stiffness matrix.
27-01-2024 07:38:37 : relative energy error=1.027088e-01, plain-L2 error=1.056197e-02.
27-01-2024 07:38:37 : CEM-GMsFEM uses fine_grid=400, coarse_grid=20, eigen_num=3, oversamp_layer=1
27-01-2024 07:38:42 : Finish getting the global stiffness matrix.
27-01-2024 07:38:51 : Finish getting all eigenvalue-vector pairs.
27-01-2024 07:38:51 : lambda_min=(2.6645e-15, 7.9936e-15), lambda_max=(4.1208e-01, 4.1208e-01)
27-01-2024 07:38:52 : Finish getting maps of [global node index] to [local freedom index].
27-01-2024 07:39:43 : ......10.25%
27-01-2024 07:40:42 : ......20.25%
27-01-2024 07:41:40 : ......30.25%
27-01-2024 07:42:39 : ......40.25%
27-01-2024 07:43:37 : ......50.25%
27-01-2024 07:44:36 : ......60.25%
27-01-2024 07:45:34 : ......70.25%
27-01-2024 07:46:32 : ......80.25%
27-01-2024 07:47:31 : ......90.25%
27-01-2024 07:48:16 : Finish getting the multiscale bases.
27-01-2024 07:48:18 : Finish collecting all the bases in a sparse matrix formation.
27-01-2024 07:48:18 : Finish constructing the final MS mat.
27-01-2024 07:48:29 : relative energy error=3.104043e-01, plain-L2 error=1.010458e-01.
27-01-2024 07:48:30 : CEM-GMsFEM uses fine_grid=400, coarse_grid=20, eigen_num=3, oversamp_layer=2
27-01-2024 07:48:34 : Finish getting the global stiffness matrix.
27-01-2024 07:48:44 : Finish getting all eigenvalue-vector pairs.
27-01-2024 07:48:44 : lambda_min=(2.8866e-15, 7.5495e-15), lambda_max=(4.1208e-01, 4.1208e-01)
27-01-2024 07:48:45 : Finish getting maps of [global node index] to [local freedom index].
27-01-2024 07:50:51 : ......10.25%
27-01-2024 07:53:45 : ......20.25%
27-01-2024 07:56:39 : ......30.25%
27-01-2024 07:59:34 : ......40.25%
27-01-2024 08:02:28 : ......50.25%
27-01-2024 08:05:22 : ......60.25%
27-01-2024 08:08:16 : ......70.25%
27-01-2024 08:11:10 : ......80.25%
27-01-2024 08:14:02 : ......90.25%
27-01-2024 08:15:54 : Finish getting the multiscale bases.
27-01-2024 08:15:59 : Finish collecting all the bases in a sparse matrix formation.
27-01-2024 08:16:01 : Finish constructing the final MS mat.
27-01-2024 08:16:12 : relative energy error=1.253876e-02, plain-L2 error=5.941207e-04.
27-01-2024 08:16:12 : CEM-GMsFEM uses fine_grid=400, coarse_grid=20, eigen_num=3, oversamp_layer=3
27-01-2024 08:16:17 : Finish getting the global stiffness matrix.
27-01-2024 08:16:27 : Finish getting all eigenvalue-vector pairs.
27-01-2024 08:16:27 : lambda_min=(2.6645e-15, 7.1054e-15), lambda_max=(4.1208e-01, 4.1208e-01)
27-01-2024 08:16:29 : Finish getting maps of [global node index] to [local freedom index].
27-01-2024 08:20:23 : ......10.25%
27-01-2024 08:25:54 : ......20.25%
27-01-2024 08:31:46 : ......30.25%
27-01-2024 08:37:38 : ......40.25%
27-01-2024 08:43:31 : ......50.25%
27-01-2024 08:49:23 : ......60.25%
27-01-2024 08:55:16 : ......70.25%
27-01-2024 09:01:12 : ......80.25%
27-01-2024 09:06:40 : ......90.25%
27-01-2024 09:10:16 : Finish getting the multiscale bases.
27-01-2024 09:10:25 : Finish collecting all the bases in a sparse matrix formation.
27-01-2024 09:10:33 : Finish constructing the final MS mat.
27-01-2024 09:10:45 : relative energy error=4.702392e-04, plain-L2 error=2.019804e-05.
27-01-2024 09:10:45 : CEM-GMsFEM uses fine_grid=400, coarse_grid=20, eigen_num=3, oversamp_layer=4
27-01-2024 09:10:50 : Finish getting the global stiffness matrix.
27-01-2024 09:11:00 : Finish getting all eigenvalue-vector pairs.
27-01-2024 09:11:00 : lambda_min=(2.6645e-15, 7.1054e-15), lambda_max=(4.1208e-01, 4.1208e-01)
27-01-2024 09:11:02 : Finish getting maps of [global node index] to [local freedom index].
27-01-2024 09:17:11 : ......10.25%
27-01-2024 09:25:15 : ......20.25%
27-01-2024 09:34:49 : ......30.25%
27-01-2024 09:44:22 : ......40.25%
27-01-2024 09:53:59 : ......50.25%
27-01-2024 10:03:37 : ......60.25%
27-01-2024 10:13:14 : ......70.25%
27-01-2024 10:22:49 : ......80.25%
27-01-2024 10:30:44 : ......90.25%
27-01-2024 10:36:23 : Finish getting the multiscale bases.
27-01-2024 10:36:37 : Finish collecting all the bases in a sparse matrix formation.
27-01-2024 10:36:58 : Finish constructing the final MS mat.
27-01-2024 10:37:10 : relative energy error=1.875708e-04, plain-L2 error=7.093806e-06.
27-01-2024 10:37:10 : CEM-GMsFEM uses fine_grid=400, coarse_grid=40, eigen_num=3, oversamp_layer=0
27-01-2024 10:37:15 : Finish getting the global stiffness matrix.
27-01-2024 10:37:27 : relative energy error=5.116397e-02, plain-L2 error=2.623070e-03.
27-01-2024 10:37:27 : CEM-GMsFEM uses fine_grid=400, coarse_grid=40, eigen_num=3, oversamp_layer=1
27-01-2024 10:37:31 : Finish getting the global stiffness matrix.
27-01-2024 10:37:50 : Finish getting all eigenvalue-vector pairs.
27-01-2024 10:37:50 : lambda_min=(-2.2204e-15, 3.7748e-15), lambda_max=(4.1463e-01, 4.1463e-01)
27-01-2024 10:37:50 : Finish getting maps of [global node index] to [local freedom index].
27-01-2024 10:38:06 : ......10.06%
27-01-2024 10:38:24 : ......20.06%
27-01-2024 10:38:41 : ......30.06%
27-01-2024 10:38:58 : ......40.06%
27-01-2024 10:39:16 : ......50.06%
27-01-2024 10:39:33 : ......60.06%
27-01-2024 10:39:50 : ......70.06%
27-01-2024 10:40:07 : ......80.06%
27-01-2024 10:40:25 : ......90.06%
27-01-2024 10:40:40 : Finish getting the multiscale bases.
27-01-2024 10:40:42 : Finish collecting all the bases in a sparse matrix formation.
27-01-2024 10:40:43 : Finish constructing the final MS mat.
27-01-2024 10:40:54 : relative energy error=5.610970e-01, plain-L2 error=3.272994e-01.
27-01-2024 10:40:54 : CEM-GMsFEM uses fine_grid=400, coarse_grid=40, eigen_num=3, oversamp_layer=2
27-01-2024 10:40:59 : Finish getting the global stiffness matrix.
27-01-2024 10:41:17 : Finish getting all eigenvalue-vector pairs.
27-01-2024 10:41:17 : lambda_min=(-1.9984e-15, 3.7748e-15), lambda_max=(4.1463e-01, 4.1463e-01)
27-01-2024 10:41:18 : Finish getting maps of [global node index] to [local freedom index].
27-01-2024 10:42:04 : ......10.06%
27-01-2024 10:42:59 : ......20.06%
27-01-2024 10:43:53 : ......30.06%
27-01-2024 10:44:48 : ......40.06%
27-01-2024 10:45:43 : ......50.06%
27-01-2024 10:46:37 : ......60.06%
27-01-2024 10:47:32 : ......70.06%
27-01-2024 10:48:27 : ......80.06%
27-01-2024 10:49:21 : ......90.06%
27-01-2024 10:50:06 : Finish getting the multiscale bases.
27-01-2024 10:50:11 : Finish collecting all the bases in a sparse matrix formation.
27-01-2024 10:50:13 : Finish constructing the final MS mat.
27-01-2024 10:50:25 : relative energy error=2.834494e-02, plain-L2 error=1.059522e-03.
27-01-2024 10:50:25 : CEM-GMsFEM uses fine_grid=400, coarse_grid=40, eigen_num=3, oversamp_layer=3
27-01-2024 10:50:30 : Finish getting the global stiffness matrix.
27-01-2024 10:50:48 : Finish getting all eigenvalue-vector pairs.
27-01-2024 10:50:48 : lambda_min=(-2.2204e-15, 3.5527e-15), lambda_max=(4.1463e-01, 4.1463e-01)
27-01-2024 10:50:50 : Finish getting maps of [global node index] to [local freedom index].
27-01-2024 10:52:19 : ......10.06%
27-01-2024 10:54:14 : ......20.06%
27-01-2024 10:56:10 : ......30.06%
27-01-2024 10:58:04 : ......40.06%
27-01-2024 10:59:58 : ......50.06%
27-01-2024 11:01:52 : ......60.06%
27-01-2024 11:03:46 : ......70.06%
27-01-2024 11:05:39 : ......80.06%
27-01-2024 11:07:34 : ......90.06%
27-01-2024 11:09:01 : Finish getting the multiscale bases.
27-01-2024 11:09:10 : Finish collecting all the bases in a sparse matrix formation.
27-01-2024 11:09:18 : Finish constructing the final MS mat.
27-01-2024 11:09:30 : relative energy error=1.133436e-03, plain-L2 error=2.643664e-05.
27-01-2024 11:09:30 : CEM-GMsFEM uses fine_grid=400, coarse_grid=40, eigen_num=3, oversamp_layer=4
27-01-2024 11:09:35 : Finish getting the global stiffness matrix.
27-01-2024 11:09:53 : Finish getting all eigenvalue-vector pairs.
27-01-2024 11:09:53 : lambda_min=(-1.5543e-15, 3.3307e-15), lambda_max=(4.1463e-01, 4.1463e-01)
27-01-2024 11:09:56 : Finish getting maps of [global node index] to [local freedom index].
27-01-2024 11:12:14 : ......10.06%
27-01-2024 11:15:27 : ......20.06%
27-01-2024 11:18:40 : ......30.06%
27-01-2024 11:21:53 : ......40.06%
27-01-2024 11:25:11 : ......50.06%
27-01-2024 11:28:31 : ......60.06%
27-01-2024 11:31:49 : ......70.06%
27-01-2024 11:35:07 : ......80.06%
27-01-2024 11:38:25 : ......90.06%
27-01-2024 11:40:45 : Finish getting the multiscale bases.
27-01-2024 11:41:01 : Finish collecting all the bases in a sparse matrix formation.
27-01-2024 11:41:24 : Finish constructing the final MS mat.
27-01-2024 11:41:36 : relative energy error=5.665024e-05, plain-L2 error=4.291627e-06.
27-01-2024 11:41:37 : CEM-GMsFEM uses fine_grid=400, coarse_grid=80, eigen_num=3, oversamp_layer=0
27-01-2024 11:41:42 : Finish getting the global stiffness matrix.
27-01-2024 11:41:53 : relative energy error=2.519176e-02, plain-L2 error=6.377709e-04.
27-01-2024 11:41:53 : CEM-GMsFEM uses fine_grid=400, coarse_grid=80, eigen_num=3, oversamp_layer=1
27-01-2024 11:41:58 : Finish getting the global stiffness matrix.
27-01-2024 11:42:42 : Finish getting all eigenvalue-vector pairs.
27-01-2024 11:42:42 : lambda_min=(-1.7764e-15, 2.8866e-15), lambda_max=(4.2493e-01, 4.2493e-01)
27-01-2024 11:42:42 : Finish getting maps of [global node index] to [local freedom index].
27-01-2024 11:42:51 : ......10.02%
27-01-2024 11:43:00 : ......20.02%
27-01-2024 11:43:09 : ......30.02%
27-01-2024 11:43:18 : ......40.02%
27-01-2024 11:43:28 : ......50.02%
27-01-2024 11:43:37 : ......60.02%
27-01-2024 11:43:46 : ......70.02%
27-01-2024 11:43:55 : ......80.02%
27-01-2024 11:44:04 : ......90.02%
27-01-2024 11:44:13 : Finish getting the multiscale bases.
27-01-2024 11:44:15 : Finish collecting all the bases in a sparse matrix formation.
27-01-2024 11:44:15 : Finish constructing the final MS mat.
27-01-2024 11:44:27 : relative energy error=8.096224e-01, plain-L2 error=6.744448e-01.
27-01-2024 11:44:27 : CEM-GMsFEM uses fine_grid=400, coarse_grid=80, eigen_num=3, oversamp_layer=2
27-01-2024 11:44:32 : Finish getting the global stiffness matrix.
27-01-2024 11:45:15 : Finish getting all eigenvalue-vector pairs.
27-01-2024 11:45:15 : lambda_min=(-1.7764e-15, 2.4425e-15), lambda_max=(4.2493e-01, 4.2493e-01)
27-01-2024 11:45:16 : Finish getting maps of [global node index] to [local freedom index].
27-01-2024 11:45:41 : ......10.02%
27-01-2024 11:46:08 : ......20.02%
27-01-2024 11:46:35 : ......30.02%
27-01-2024 11:47:02 : ......40.02%
27-01-2024 11:47:29 : ......50.02%
27-01-2024 11:47:57 : ......60.02%
27-01-2024 11:48:24 : ......70.02%
27-01-2024 11:48:51 : ......80.02%
27-01-2024 11:49:18 : ......90.02%
27-01-2024 11:49:43 : Finish getting the multiscale bases.
27-01-2024 11:49:48 : Finish collecting all the bases in a sparse matrix formation.
27-01-2024 11:49:50 : Finish constructing the final MS mat.
27-01-2024 11:50:03 : relative energy error=6.144979e-02, plain-L2 error=4.003631e-03.
27-01-2024 11:50:03 : CEM-GMsFEM uses fine_grid=400, coarse_grid=80, eigen_num=3, oversamp_layer=3
27-01-2024 11:50:08 : Finish getting the global stiffness matrix.
27-01-2024 11:50:52 : Finish getting all eigenvalue-vector pairs.
27-01-2024 11:50:52 : lambda_min=(-1.7764e-15, 2.2204e-15), lambda_max=(4.2493e-01, 8.4987e-01)
27-01-2024 11:50:54 : Finish getting maps of [global node index] to [local freedom index].
27-01-2024 11:51:42 : ......10.02%
27-01-2024 11:52:37 : ......20.02%
27-01-2024 11:53:32 : ......30.02%
27-01-2024 11:54:26 : ......40.02%
27-01-2024 11:55:21 : ......50.02%
27-01-2024 11:56:15 : ......60.02%
27-01-2024 11:57:10 : ......70.02%
27-01-2024 11:58:05 : ......80.02%
27-01-2024 11:59:00 : ......90.02%
27-01-2024 11:59:48 : Finish getting the multiscale bases.
27-01-2024 11:59:58 : Finish collecting all the bases in a sparse matrix formation.
27-01-2024 12:00:06 : Finish constructing the final MS mat.
27-01-2024 12:00:21 : relative energy error=2.603325e-03, plain-L2 error=3.095839e-05.
27-01-2024 12:00:21 : CEM-GMsFEM uses fine_grid=400, coarse_grid=80, eigen_num=3, oversamp_layer=4
27-01-2024 12:00:26 : Finish getting the global stiffness matrix.
27-01-2024 12:01:10 : Finish getting all eigenvalue-vector pairs.
27-01-2024 12:01:10 : lambda_min=(-1.7764e-15, 2.4425e-15), lambda_max=(4.2493e-01, 8.4987e-01)
27-01-2024 12:01:13 : Finish getting maps of [global node index] to [local freedom index].
27-01-2024 12:02:32 : ......10.02%
27-01-2024 12:04:03 : ......20.02%
27-01-2024 12:05:35 : ......30.02%
27-01-2024 12:07:07 : ......40.02%
27-01-2024 12:08:38 : ......50.02%
27-01-2024 12:10:10 : ......60.02%
27-01-2024 12:11:42 : ......70.02%
27-01-2024 12:13:14 : ......80.02%
27-01-2024 12:14:46 : ......90.02%
27-01-2024 12:16:04 : Finish getting the multiscale bases.
27-01-2024 12:16:20 : Finish collecting all the bases in a sparse matrix formation.
27-01-2024 12:16:41 : Finish constructing the final MS mat.
27-01-2024 12:16:57 : relative energy error=1.091888e-04, plain-L2 error=4.350692e-06.
