27-01-2024 02:20:57 : ================================================================================
27-01-2024 02:20:57 : Start
27-01-2024 02:20:57 : In the medium, sigma+=1.0000e+00, sigma-=1.1000e+00, l=4.9000e-01
27-01-2024 02:20:57 : CEM-GMsFEM uses fine_grid=400, coarse_grid=10, eigen_num=3, oversamp_layer=0
27-01-2024 02:21:02 : Finish getting the global stiffness matrix.
27-01-2024 02:21:13 : relative energy error=4.722714e+00, plain-L2 error=6.415689e+00.
27-01-2024 02:21:14 : CEM-GMsFEM uses fine_grid=400, coarse_grid=10, eigen_num=3, oversamp_layer=1
27-01-2024 02:21:18 : Finish getting the global stiffness matrix.
27-01-2024 02:21:26 : Finish getting all eigenvalue-vector pairs.
27-01-2024 02:21:26 : lambda_min=(2.2204e-14, 2.7756e-14), lambda_max=(4.1144e-01, 4.1859e-01)
27-01-2024 02:21:27 : Finish getting maps of [global node index] to [local freedom index].
27-01-2024 02:25:25 : ......11.00%
27-01-2024 02:30:10 : ......21.00%
27-01-2024 02:34:57 : ......31.00%
27-01-2024 02:39:43 : ......41.00%
27-01-2024 02:44:32 : ......51.00%
27-01-2024 02:49:20 : ......61.00%
27-01-2024 02:54:08 : ......71.00%
27-01-2024 02:58:55 : ......81.00%
27-01-2024 03:03:24 : ......91.00%
27-01-2024 03:06:00 : Finish getting the multiscale bases.
27-01-2024 03:06:02 : Finish collecting all the bases in a sparse matrix formation.
27-01-2024 03:06:02 : Finish constructing the final MS mat.
27-01-2024 03:06:14 : relative energy error=5.450524e-01, plain-L2 error=5.380925e-01.
27-01-2024 03:06:14 : CEM-GMsFEM uses fine_grid=400, coarse_grid=10, eigen_num=3, oversamp_layer=2
27-01-2024 03:06:19 : Finish getting the global stiffness matrix.
27-01-2024 03:06:27 : Finish getting all eigenvalue-vector pairs.
27-01-2024 03:06:27 : lambda_min=(2.1982e-14, 2.7534e-14), lambda_max=(4.1144e-01, 4.1859e-01)
27-01-2024 03:06:27 : Finish getting maps of [global node index] to [local freedom index].
27-01-2024 03:18:17 : ......11.00%
27-01-2024 03:27:25 : ......21.00%
27-01-2024 03:37:59 : ......31.00%
27-01-2024 03:48:35 : ......41.00%
27-01-2024 03:59:13 : ......51.00%
27-01-2024 04:09:49 : ......61.00%
27-01-2024 04:20:27 : ......71.00%
27-01-2024 04:31:06 : ......81.00%
27-01-2024 04:39:54 : ......91.00%
27-01-2024 04:48:35 : Finish getting the multiscale bases.
27-01-2024 04:48:39 : Finish collecting all the bases in a sparse matrix formation.
27-01-2024 04:48:41 : Finish constructing the final MS mat.
27-01-2024 04:48:53 : relative energy error=6.309158e-03, plain-L2 error=5.584011e-04.
27-01-2024 04:48:53 : CEM-GMsFEM uses fine_grid=400, coarse_grid=10, eigen_num=3, oversamp_layer=3
27-01-2024 04:48:58 : Finish getting the global stiffness matrix.
27-01-2024 04:49:06 : Finish getting all eigenvalue-vector pairs.
27-01-2024 04:49:06 : lambda_min=(2.1760e-14, 2.7534e-14), lambda_max=(4.1144e-01, 4.1859e-01)
27-01-2024 04:49:07 : Finish getting maps of [global node index] to [local freedom index].
27-01-2024 05:02:50 : ......11.00%
27-01-2024 05:16:56 : ......21.00%
27-01-2024 05:33:49 : ......31.00%
27-01-2024 05:53:01 : ......41.00%
27-01-2024 06:12:14 : ......51.00%
27-01-2024 06:31:33 : ......61.00%
27-01-2024 06:50:25 : ......71.00%
27-01-2024 07:06:24 : ......81.00%
27-01-2024 07:19:58 : ......91.00%
27-01-2024 07:29:33 : Finish getting the multiscale bases.
27-01-2024 07:29:40 : Finish collecting all the bases in a sparse matrix formation.
27-01-2024 07:29:46 : Finish constructing the final MS mat.
27-01-2024 07:29:57 : relative energy error=1.221373e-03, plain-L2 error=7.627141e-05.
27-01-2024 07:29:57 : CEM-GMsFEM uses fine_grid=400, coarse_grid=10, eigen_num=3, oversamp_layer=4
27-01-2024 07:30:02 : Finish getting the global stiffness matrix.
27-01-2024 07:30:10 : Finish getting all eigenvalue-vector pairs.
27-01-2024 07:30:10 : lambda_min=(2.1982e-14, 2.8200e-14), lambda_max=(4.1144e-01, 4.1859e-01)
27-01-2024 07:30:13 : Finish getting maps of [global node index] to [local freedom index].
27-01-2024 07:49:42 : ......11.00%
27-01-2024 08:09:55 : ......21.00%
27-01-2024 08:33:31 : ......31.00%
27-01-2024 09:00:52 : ......41.00%
27-01-2024 09:31:34 : ......51.00%
27-01-2024 10:01:49 : ......61.00%
27-01-2024 10:28:05 : ......71.00%
27-01-2024 10:50:28 : ......81.00%
27-01-2024 11:09:36 : ......91.00%
27-01-2024 11:23:20 : Finish getting the multiscale bases.
27-01-2024 11:23:31 : Finish collecting all the bases in a sparse matrix formation.
27-01-2024 11:23:44 : Finish constructing the final MS mat.
27-01-2024 11:23:56 : relative energy error=1.013042e-03, plain-L2 error=7.547189e-05.
27-01-2024 11:23:56 : CEM-GMsFEM uses fine_grid=400, coarse_grid=20, eigen_num=3, oversamp_layer=0
27-01-2024 11:24:01 : Finish getting the global stiffness matrix.
27-01-2024 11:24:13 : relative energy error=2.453915e+00, plain-L2 error=3.310561e+00.
27-01-2024 11:24:13 : CEM-GMsFEM uses fine_grid=400, coarse_grid=20, eigen_num=3, oversamp_layer=1
27-01-2024 11:24:18 : Finish getting the global stiffness matrix.
27-01-2024 11:24:28 : Finish getting all eigenvalue-vector pairs.
27-01-2024 11:24:28 : lambda_min=(1.5543e-15, 6.8834e-15), lambda_max=(4.1208e-01, 4.2397e-01)
27-01-2024 11:24:28 : Finish getting maps of [global node index] to [local freedom index].
27-01-2024 11:25:19 : ......10.25%
27-01-2024 11:26:18 : ......20.25%
27-01-2024 11:27:16 : ......30.25%
27-01-2024 11:28:14 : ......40.25%
27-01-2024 11:29:13 : ......50.25%
27-01-2024 11:30:11 : ......60.25%
27-01-2024 11:31:09 : ......70.25%
27-01-2024 11:32:07 : ......80.25%
27-01-2024 11:33:05 : ......90.25%
27-01-2024 11:33:50 : Finish getting the multiscale bases.
27-01-2024 11:33:52 : Finish collecting all the bases in a sparse matrix formation.
27-01-2024 11:33:53 : Finish constructing the final MS mat.
27-01-2024 11:34:04 : relative energy error=3.551362e-01, plain-L2 error=1.608474e-01.
27-01-2024 11:34:04 : CEM-GMsFEM uses fine_grid=400, coarse_grid=20, eigen_num=3, oversamp_layer=2
27-01-2024 11:34:09 : Finish getting the global stiffness matrix.
27-01-2024 11:34:18 : Finish getting all eigenvalue-vector pairs.
27-01-2024 11:34:18 : lambda_min=(1.3323e-15, 7.5495e-15), lambda_max=(4.1208e-01, 4.2397e-01)
27-01-2024 11:34:19 : Finish getting maps of [global node index] to [local freedom index].
27-01-2024 11:36:25 : ......10.25%
27-01-2024 11:39:25 : ......20.25%
27-01-2024 11:42:25 : ......30.25%
27-01-2024 11:45:25 : ......40.25%
27-01-2024 11:48:25 : ......50.25%
27-01-2024 11:51:25 : ......60.25%
27-01-2024 11:54:25 : ......70.25%
27-01-2024 11:57:25 : ......80.25%
28-01-2024 12:00:23 : ......90.25%
28-01-2024 12:02:17 : Finish getting the multiscale bases.
28-01-2024 12:02:22 : Finish collecting all the bases in a sparse matrix formation.
28-01-2024 12:02:24 : Finish constructing the final MS mat.
28-01-2024 12:02:35 : relative energy error=2.154705e+00, plain-L2 error=4.932261e-01.
28-01-2024 12:02:35 : CEM-GMsFEM uses fine_grid=400, coarse_grid=20, eigen_num=3, oversamp_layer=3
28-01-2024 12:02:40 : Finish getting the global stiffness matrix.
28-01-2024 12:02:50 : Finish getting all eigenvalue-vector pairs.
28-01-2024 12:02:50 : lambda_min=(1.7764e-15, 6.4393e-15), lambda_max=(4.1208e-01, 4.2397e-01)
28-01-2024 12:02:51 : Finish getting maps of [global node index] to [local freedom index].
28-01-2024 12:06:48 : ......10.25%
28-01-2024 12:12:22 : ......20.25%
28-01-2024 12:18:16 : ......30.25%
28-01-2024 12:24:11 : ......40.25%
28-01-2024 12:30:05 : ......50.25%
28-01-2024 12:35:59 : ......60.25%
28-01-2024 12:41:53 : ......70.25%
28-01-2024 12:47:47 : ......80.25%
28-01-2024 12:53:15 : ......90.25%
28-01-2024 12:56:52 : Finish getting the multiscale bases.
28-01-2024 12:57:01 : Finish collecting all the bases in a sparse matrix formation.
28-01-2024 12:57:09 : Finish constructing the final MS mat.
28-01-2024 12:57:20 : relative energy error=6.536443e-02, plain-L2 error=8.820330e-02.
28-01-2024 12:57:20 : CEM-GMsFEM uses fine_grid=400, coarse_grid=20, eigen_num=3, oversamp_layer=4
28-01-2024 12:57:25 : Finish getting the global stiffness matrix.
28-01-2024 12:57:35 : Finish getting all eigenvalue-vector pairs.
28-01-2024 12:57:35 : lambda_min=(1.7764e-15, 7.1054e-15), lambda_max=(4.1208e-01, 4.2397e-01)
28-01-2024 12:57:38 : Finish getting maps of [global node index] to [local freedom index].
28-01-2024 01:03:45 : ......10.25%
28-01-2024 01:11:49 : ......20.25%
28-01-2024 01:21:25 : ......30.25%
28-01-2024 01:30:58 : ......40.25%
28-01-2024 01:40:31 : ......50.25%
28-01-2024 01:50:03 : ......60.25%
28-01-2024 01:59:35 : ......70.25%
28-01-2024 02:09:07 : ......80.25%
28-01-2024 02:17:01 : ......90.25%
28-01-2024 02:22:40 : Finish getting the multiscale bases.
28-01-2024 02:22:55 : Finish collecting all the bases in a sparse matrix formation.
28-01-2024 02:23:16 : Finish constructing the final MS mat.
28-01-2024 02:23:27 : relative energy error=5.654391e-02, plain-L2 error=7.065389e-02.
28-01-2024 02:23:27 : CEM-GMsFEM uses fine_grid=400, coarse_grid=40, eigen_num=3, oversamp_layer=0
28-01-2024 02:23:32 : Finish getting the global stiffness matrix.
28-01-2024 02:23:44 : relative energy error=1.202911e+00, plain-L2 error=1.607103e+00.
28-01-2024 02:23:44 : CEM-GMsFEM uses fine_grid=400, coarse_grid=40, eigen_num=3, oversamp_layer=1
28-01-2024 02:23:49 : Finish getting the global stiffness matrix.
28-01-2024 02:24:07 : Finish getting all eigenvalue-vector pairs.
28-01-2024 02:24:07 : lambda_min=(-1.9984e-15, 3.3307e-15), lambda_max=(4.1463e-01, 4.2217e-01)
28-01-2024 02:24:08 : Finish getting maps of [global node index] to [local freedom index].
28-01-2024 02:24:24 : ......10.06%
28-01-2024 02:24:41 : ......20.06%
28-01-2024 02:24:58 : ......30.06%
28-01-2024 02:25:15 : ......40.06%
28-01-2024 02:25:33 : ......50.06%
28-01-2024 02:25:50 : ......60.06%
28-01-2024 02:26:07 : ......70.06%
28-01-2024 02:26:24 : ......80.06%
28-01-2024 02:26:42 : ......90.06%
28-01-2024 02:26:57 : Finish getting the multiscale bases.
28-01-2024 02:26:59 : Finish collecting all the bases in a sparse matrix formation.
28-01-2024 02:26:59 : Finish constructing the final MS mat.
28-01-2024 02:27:11 : relative energy error=1.009605e+00, plain-L2 error=4.236157e-01.
28-01-2024 02:27:11 : CEM-GMsFEM uses fine_grid=400, coarse_grid=40, eigen_num=3, oversamp_layer=2
28-01-2024 02:27:16 : Finish getting the global stiffness matrix.
28-01-2024 02:27:34 : Finish getting all eigenvalue-vector pairs.
28-01-2024 02:27:34 : lambda_min=(-1.9984e-15, 3.3307e-15), lambda_max=(4.1463e-01, 4.2217e-01)
28-01-2024 02:27:35 : Finish getting maps of [global node index] to [local freedom index].
28-01-2024 02:28:21 : ......10.06%
28-01-2024 02:29:16 : ......20.06%
28-01-2024 02:30:11 : ......30.06%
28-01-2024 02:31:05 : ......40.06%
28-01-2024 02:32:00 : ......50.06%
28-01-2024 02:32:55 : ......60.06%
28-01-2024 02:33:50 : ......70.06%
28-01-2024 02:34:44 : ......80.06%
28-01-2024 02:35:39 : ......90.06%
28-01-2024 02:36:24 : Finish getting the multiscale bases.
28-01-2024 02:36:29 : Finish collecting all the bases in a sparse matrix formation.
28-01-2024 02:36:31 : Finish constructing the final MS mat.
28-01-2024 02:36:42 : relative energy error=2.857827e-02, plain-L2 error=1.387544e-03.
28-01-2024 02:36:43 : CEM-GMsFEM uses fine_grid=400, coarse_grid=40, eigen_num=3, oversamp_layer=3
28-01-2024 02:36:48 : Finish getting the global stiffness matrix.
28-01-2024 02:37:06 : Finish getting all eigenvalue-vector pairs.
28-01-2024 02:37:06 : lambda_min=(-2.2204e-15, 2.8866e-15), lambda_max=(4.1463e-01, 4.2217e-01)
28-01-2024 02:37:08 : Finish getting maps of [global node index] to [local freedom index].
28-01-2024 02:38:36 : ......10.06%
28-01-2024 02:40:30 : ......20.06%
28-01-2024 02:42:23 : ......30.06%
28-01-2024 02:44:16 : ......40.06%
28-01-2024 02:46:09 : ......50.06%
28-01-2024 02:48:03 : ......60.06%
28-01-2024 02:49:56 : ......70.06%
28-01-2024 02:51:49 : ......80.06%
28-01-2024 02:53:44 : ......90.06%
28-01-2024 02:55:12 : Finish getting the multiscale bases.
28-01-2024 02:55:21 : Finish collecting all the bases in a sparse matrix formation.
28-01-2024 02:55:29 : Finish constructing the final MS mat.
28-01-2024 02:55:40 : relative energy error=1.142791e-03, plain-L2 error=2.759266e-05.
28-01-2024 02:55:41 : CEM-GMsFEM uses fine_grid=400, coarse_grid=40, eigen_num=3, oversamp_layer=4
28-01-2024 02:55:46 : Finish getting the global stiffness matrix.
28-01-2024 02:56:04 : Finish getting all eigenvalue-vector pairs.
28-01-2024 02:56:04 : lambda_min=(-1.7764e-15, 2.8866e-15), lambda_max=(4.1463e-01, 4.2217e-01)
28-01-2024 02:56:07 : Finish getting maps of [global node index] to [local freedom index].
28-01-2024 02:58:26 : ......10.06%
28-01-2024 03:01:40 : ......20.06%
28-01-2024 03:04:53 : ......30.06%
28-01-2024 03:08:09 : ......40.06%
28-01-2024 03:11:31 : ......50.06%
28-01-2024 03:14:54 : ......60.06%
28-01-2024 03:18:12 : ......70.06%
28-01-2024 03:21:30 : ......80.06%
28-01-2024 03:24:49 : ......90.06%
28-01-2024 03:27:08 : Finish getting the multiscale bases.
28-01-2024 03:27:25 : Finish collecting all the bases in a sparse matrix formation.
28-01-2024 03:27:48 : Finish constructing the final MS mat.
28-01-2024 03:28:01 : relative energy error=5.774501e-05, plain-L2 error=4.989162e-06.
28-01-2024 03:28:01 : CEM-GMsFEM uses fine_grid=400, coarse_grid=80, eigen_num=3, oversamp_layer=0
28-01-2024 03:28:06 : Finish getting the global stiffness matrix.
28-01-2024 03:28:17 : relative energy error=2.675232e-01, plain-L2 error=3.353695e-01.
28-01-2024 03:28:18 : CEM-GMsFEM uses fine_grid=400, coarse_grid=80, eigen_num=3, oversamp_layer=1
28-01-2024 03:28:22 : Finish getting the global stiffness matrix.
28-01-2024 03:29:06 : Finish getting all eigenvalue-vector pairs.
28-01-2024 03:29:06 : lambda_min=(-1.7764e-15, 2.2204e-15), lambda_max=(4.2493e-01, 4.2493e-01)
28-01-2024 03:29:07 : Finish getting maps of [global node index] to [local freedom index].
28-01-2024 03:29:15 : ......10.02%
28-01-2024 03:29:25 : ......20.02%
28-01-2024 03:29:34 : ......30.02%
28-01-2024 03:29:43 : ......40.02%
28-01-2024 03:29:52 : ......50.02%
28-01-2024 03:30:01 : ......60.02%
28-01-2024 03:30:11 : ......70.02%
28-01-2024 03:30:20 : ......80.02%
28-01-2024 03:30:29 : ......90.02%
28-01-2024 03:30:38 : Finish getting the multiscale bases.
28-01-2024 03:30:39 : Finish collecting all the bases in a sparse matrix formation.
28-01-2024 03:30:40 : Finish constructing the final MS mat.
28-01-2024 03:30:51 : relative energy error=8.092765e-01, plain-L2 error=6.758773e-01.
28-01-2024 03:30:52 : CEM-GMsFEM uses fine_grid=400, coarse_grid=80, eigen_num=3, oversamp_layer=2
28-01-2024 03:30:56 : Finish getting the global stiffness matrix.
28-01-2024 03:31:40 : Finish getting all eigenvalue-vector pairs.
28-01-2024 03:31:40 : lambda_min=(-1.7764e-15, 2.2204e-15), lambda_max=(4.2493e-01, 8.4987e-01)
28-01-2024 03:31:41 : Finish getting maps of [global node index] to [local freedom index].
28-01-2024 03:32:06 : ......10.02%
28-01-2024 03:32:33 : ......20.02%
28-01-2024 03:33:00 : ......30.02%
28-01-2024 03:33:27 : ......40.02%
28-01-2024 03:33:54 : ......50.02%
28-01-2024 03:34:21 : ......60.02%
28-01-2024 03:34:48 : ......70.02%
28-01-2024 03:35:15 : ......80.02%
28-01-2024 03:35:42 : ......90.02%
28-01-2024 03:36:07 : Finish getting the multiscale bases.
28-01-2024 03:36:12 : Finish collecting all the bases in a sparse matrix formation.
28-01-2024 03:36:14 : Finish constructing the final MS mat.
28-01-2024 03:36:27 : relative energy error=6.163783e-02, plain-L2 error=1.389591e-02.
28-01-2024 03:36:27 : CEM-GMsFEM uses fine_grid=400, coarse_grid=80, eigen_num=3, oversamp_layer=3
28-01-2024 03:36:32 : Finish getting the global stiffness matrix.
28-01-2024 03:37:16 : Finish getting all eigenvalue-vector pairs.
28-01-2024 03:37:16 : lambda_min=(-1.7764e-15, 2.6645e-15), lambda_max=(4.2493e-01, 4.2493e-01)
28-01-2024 03:37:18 : Finish getting maps of [global node index] to [local freedom index].
28-01-2024 03:38:06 : ......10.02%
28-01-2024 03:39:01 : ......20.02%
28-01-2024 03:39:55 : ......30.02%
28-01-2024 03:40:50 : ......40.02%
28-01-2024 03:41:45 : ......50.02%
28-01-2024 03:42:39 : ......60.02%
28-01-2024 03:43:34 : ......70.02%
28-01-2024 03:44:29 : ......80.02%
28-01-2024 03:45:23 : ......90.02%
28-01-2024 03:46:12 : Finish getting the multiscale bases.
28-01-2024 03:46:22 : Finish collecting all the bases in a sparse matrix formation.
28-01-2024 03:46:30 : Finish constructing the final MS mat.
28-01-2024 03:46:45 : relative energy error=8.443850e-03, plain-L2 error=1.103841e-02.
28-01-2024 03:46:45 : CEM-GMsFEM uses fine_grid=400, coarse_grid=80, eigen_num=3, oversamp_layer=4
28-01-2024 03:46:50 : Finish getting the global stiffness matrix.
28-01-2024 03:47:34 : Finish getting all eigenvalue-vector pairs.
28-01-2024 03:47:34 : lambda_min=(-1.9984e-15, 2.2204e-15), lambda_max=(4.2493e-01, 4.2493e-01)
28-01-2024 03:47:37 : Finish getting maps of [global node index] to [local freedom index].
28-01-2024 03:48:56 : ......10.02%
28-01-2024 03:50:27 : ......20.02%
28-01-2024 03:51:58 : ......30.02%
28-01-2024 03:53:29 : ......40.02%
28-01-2024 03:55:00 : ......50.02%
28-01-2024 03:56:32 : ......60.02%
28-01-2024 03:58:03 : ......70.02%
28-01-2024 03:59:35 : ......80.02%
28-01-2024 04:01:06 : ......90.02%
28-01-2024 04:02:24 : Finish getting the multiscale bases.
28-01-2024 04:02:40 : Finish collecting all the bases in a sparse matrix formation.
28-01-2024 04:03:01 : Finish constructing the final MS mat.
28-01-2024 04:03:18 : relative energy error=8.060595e-03, plain-L2 error=1.105305e-02.
