30-01-2024 02:33:05 : ================================================================================
30-01-2024 02:33:05 : Start
30-01-2024 02:33:05 : In the medium, sigma-inc=1.0000e+03, sigma-mat=1.0000e+00
30-01-2024 02:33:23 : CEM-GMsFEM uses fine_grid=400, coarse_grid=10, eigen_num=1, oversamp_layer=3
30-01-2024 02:33:28 : Finish getting the global stiffness matrix.
30-01-2024 02:33:34 : Finish getting all eigenvalue-vector pairs.
30-01-2024 02:33:34 : lambda_min=(1.2657e-14, 2.3981e-14), lambda_max=(1.2657e-14, 2.3981e-14)
30-01-2024 02:33:36 : Finish getting maps of [global node index] to [local freedom index].
30-01-2024 02:43:31 : ......11.00%
30-01-2024 02:54:01 : ......21.00%
30-01-2024 03:06:35 : ......31.00%
30-01-2024 03:20:54 : ......41.00%
30-01-2024 03:35:07 : ......51.00%
30-01-2024 03:49:21 : ......61.00%
30-01-2024 04:03:17 : ......71.00%
30-01-2024 04:15:11 : ......81.00%
30-01-2024 04:25:06 : ......91.00%
30-01-2024 04:32:02 : Finish getting the multiscale bases.
30-01-2024 04:32:04 : Finish collecting all the bases in a sparse matrix formation.
30-01-2024 04:32:05 : Finish constructing the final MS mat.
30-01-2024 04:32:06 : relative energy error=1.268033e-01, plain-L2 error=1.780202e-02.
30-01-2024 04:32:06 : CEM-GMsFEM uses fine_grid=400, coarse_grid=10, eigen_num=2, oversamp_layer=3
30-01-2024 04:32:11 : Finish getting the global stiffness matrix.
30-01-2024 04:32:18 : Finish getting all eigenvalue-vector pairs.
30-01-2024 04:32:18 : lambda_min=(1.2212e-14, 2.4647e-14), lambda_max=(2.6850e-01, 4.3350e-01)
30-01-2024 04:32:20 : Finish getting maps of [global node index] to [local freedom index].
30-01-2024 04:44:03 : ......11.00%
30-01-2024 04:56:12 : ......21.00%
30-01-2024 05:10:49 : ......31.00%
30-01-2024 05:27:27 : ......41.00%
30-01-2024 05:43:57 : ......51.00%
30-01-2024 06:00:33 : ......61.00%
30-01-2024 06:16:45 : ......71.00%
30-01-2024 06:30:34 : ......81.00%
30-01-2024 06:42:14 : ......91.00%
30-01-2024 06:50:24 : Finish getting the multiscale bases.
30-01-2024 06:50:29 : Finish collecting all the bases in a sparse matrix formation.
30-01-2024 06:50:32 : Finish constructing the final MS mat.
30-01-2024 06:50:32 : relative energy error=7.017825e-02, plain-L2 error=8.433422e-03.
30-01-2024 06:50:32 : CEM-GMsFEM uses fine_grid=400, coarse_grid=10, eigen_num=3, oversamp_layer=3
30-01-2024 06:50:37 : Finish getting the global stiffness matrix.
30-01-2024 06:50:45 : Finish getting all eigenvalue-vector pairs.
30-01-2024 06:50:45 : lambda_min=(1.1990e-14, 2.5313e-14), lambda_max=(3.7073e-01, 1.1414e+00)
30-01-2024 06:50:47 : Finish getting maps of [global node index] to [local freedom index].
30-01-2024 07:04:19 : ......11.00%
30-01-2024 07:18:13 : ......21.00%
30-01-2024 07:34:53 : ......31.00%
30-01-2024 07:53:53 : ......41.00%
30-01-2024 08:12:48 : ......51.00%
30-01-2024 08:31:45 : ......61.00%
30-01-2024 08:50:20 : ......71.00%
30-01-2024 09:06:10 : ......81.00%
30-01-2024 09:19:38 : ......91.00%
30-01-2024 09:29:07 : Finish getting the multiscale bases.
30-01-2024 09:29:15 : Finish collecting all the bases in a sparse matrix formation.
30-01-2024 09:29:21 : Finish constructing the final MS mat.
30-01-2024 09:29:21 : relative energy error=2.834831e-02, plain-L2 error=1.949027e-03.
30-01-2024 09:29:21 : CEM-GMsFEM uses fine_grid=400, coarse_grid=10, eigen_num=4, oversamp_layer=3
30-01-2024 09:29:26 : Finish getting the global stiffness matrix.
30-01-2024 09:29:34 : Finish getting all eigenvalue-vector pairs.
30-01-2024 09:29:34 : lambda_min=(1.1102e-14, 2.4647e-14), lambda_max=(6.6938e-01, 1.5529e+00)
30-01-2024 09:29:36 : Finish getting maps of [global node index] to [local freedom index].
30-01-2024 09:44:58 : ......11.00%
30-01-2024 10:00:34 : ......21.00%
30-01-2024 10:19:19 : ......31.00%
30-01-2024 10:40:41 : ......41.00%
30-01-2024 11:01:56 : ......51.00%
30-01-2024 11:23:17 : ......61.00%
30-01-2024 11:44:04 : ......71.00%
31-01-2024 12:01:49 : ......81.00%
31-01-2024 12:16:58 : ......91.00%
31-01-2024 12:27:39 : Finish getting the multiscale bases.
31-01-2024 12:27:49 : Finish collecting all the bases in a sparse matrix formation.
31-01-2024 12:27:59 : Finish constructing the final MS mat.
31-01-2024 12:28:00 : relative energy error=2.040072e-02, plain-L2 error=1.060959e-03.
31-01-2024 12:28:00 : CEM-GMsFEM uses fine_grid=400, coarse_grid=20, eigen_num=1, oversamp_layer=3
31-01-2024 12:28:05 : Finish getting the global stiffness matrix.
31-01-2024 12:28:13 : Finish getting all eigenvalue-vector pairs.
31-01-2024 12:28:13 : lambda_min=(1.9984e-15, 5.5511e-15), lambda_max=(1.9984e-15, 5.5511e-15)
31-01-2024 12:28:14 : Finish getting maps of [global node index] to [local freedom index].
31-01-2024 12:31:08 : ......10.25%
31-01-2024 12:35:13 : ......20.25%
31-01-2024 12:39:35 : ......30.25%
31-01-2024 12:43:57 : ......40.25%
31-01-2024 12:48:19 : ......50.25%
31-01-2024 12:52:41 : ......60.25%
31-01-2024 12:57:01 : ......70.25%
31-01-2024 01:01:20 : ......80.25%
31-01-2024 01:05:19 : ......90.25%
31-01-2024 01:07:57 : Finish getting the multiscale bases.
31-01-2024 01:08:00 : Finish collecting all the bases in a sparse matrix formation.
31-01-2024 01:08:01 : Finish constructing the final MS mat.
31-01-2024 01:08:01 : relative energy error=2.540587e-01, plain-L2 error=6.784573e-02.
31-01-2024 01:08:01 : CEM-GMsFEM uses fine_grid=400, coarse_grid=20, eigen_num=2, oversamp_layer=3
31-01-2024 01:08:06 : Finish getting the global stiffness matrix.
31-01-2024 01:08:14 : Finish getting all eigenvalue-vector pairs.
31-01-2024 01:08:14 : lambda_min=(1.7764e-15, 5.9952e-15), lambda_max=(6.8562e-02, 4.1208e-01)
31-01-2024 01:08:16 : Finish getting maps of [global node index] to [local freedom index].
31-01-2024 01:11:42 : ......10.25%
31-01-2024 01:16:32 : ......20.25%
31-01-2024 01:21:40 : ......30.25%
31-01-2024 01:26:49 : ......40.25%
31-01-2024 01:31:58 : ......50.25%
31-01-2024 01:37:06 : ......60.25%
31-01-2024 01:42:14 : ......70.25%
31-01-2024 01:47:22 : ......80.25%
31-01-2024 01:52:07 : ......90.25%
31-01-2024 01:55:15 : Finish getting the multiscale bases.
31-01-2024 01:55:21 : Finish collecting all the bases in a sparse matrix formation.
31-01-2024 01:55:24 : Finish constructing the final MS mat.
31-01-2024 01:55:25 : relative energy error=1.042182e-01, plain-L2 error=1.427650e-02.
31-01-2024 01:55:25 : CEM-GMsFEM uses fine_grid=400, coarse_grid=20, eigen_num=3, oversamp_layer=3
31-01-2024 01:55:30 : Finish getting the global stiffness matrix.
31-01-2024 01:55:39 : Finish getting all eigenvalue-vector pairs.
31-01-2024 01:55:39 : lambda_min=(1.5543e-15, 6.6613e-15), lambda_max=(3.2543e-01, 8.6961e-01)
31-01-2024 01:55:41 : Finish getting maps of [global node index] to [local freedom index].
31-01-2024 01:59:37 : ......10.25%
31-01-2024 02:05:10 : ......20.25%
31-01-2024 02:11:04 : ......30.25%
31-01-2024 02:16:58 : ......40.25%
31-01-2024 02:22:52 : ......50.25%
31-01-2024 02:28:47 : ......60.25%
31-01-2024 02:34:41 : ......70.25%
31-01-2024 02:40:35 : ......80.25%
31-01-2024 02:46:02 : ......90.25%
31-01-2024 02:49:38 : Finish getting the multiscale bases.
31-01-2024 02:49:47 : Finish collecting all the bases in a sparse matrix formation.
31-01-2024 02:49:55 : Finish constructing the final MS mat.
31-01-2024 02:49:56 : relative energy error=1.329208e-02, plain-L2 error=5.949964e-04.
31-01-2024 02:49:56 : CEM-GMsFEM uses fine_grid=400, coarse_grid=20, eigen_num=4, oversamp_layer=3
31-01-2024 02:50:01 : Finish getting the global stiffness matrix.
31-01-2024 02:50:10 : Finish getting all eigenvalue-vector pairs.
31-01-2024 02:50:10 : lambda_min=(1.5543e-15, 6.8834e-15), lambda_max=(5.7334e-01, 1.2637e+00)
31-01-2024 02:50:12 : Finish getting maps of [global node index] to [local freedom index].
31-01-2024 02:54:35 : ......10.25%
31-01-2024 03:00:50 : ......20.25%
31-01-2024 03:07:28 : ......30.25%
31-01-2024 03:14:06 : ......40.25%
31-01-2024 03:20:43 : ......50.25%
31-01-2024 03:27:21 : ......60.25%
31-01-2024 03:33:59 : ......70.25%
31-01-2024 03:40:37 : ......80.25%
31-01-2024 03:46:46 : ......90.25%
31-01-2024 03:50:50 : Finish getting the multiscale bases.
31-01-2024 03:51:02 : Finish collecting all the bases in a sparse matrix formation.
31-01-2024 03:51:16 : Finish constructing the final MS mat.
31-01-2024 03:51:17 : relative energy error=1.012308e-02, plain-L2 error=3.509023e-04.
31-01-2024 03:51:17 : CEM-GMsFEM uses fine_grid=400, coarse_grid=40, eigen_num=1, oversamp_layer=3
31-01-2024 03:51:22 : Finish getting the global stiffness matrix.
31-01-2024 03:51:34 : Finish getting all eigenvalue-vector pairs.
31-01-2024 03:51:34 : lambda_min=(-4.4409e-16, 2.4425e-15), lambda_max=(-4.4409e-16, 2.4425e-15)
31-01-2024 03:51:36 : Finish getting maps of [global node index] to [local freedom index].
31-01-2024 03:52:45 : ......10.06%
31-01-2024 03:54:12 : ......20.06%
31-01-2024 03:55:40 : ......30.06%
31-01-2024 03:57:08 : ......40.06%
31-01-2024 03:58:35 : ......50.06%
31-01-2024 04:00:04 : ......60.06%
31-01-2024 04:01:33 : ......70.06%
31-01-2024 04:03:02 : ......80.06%
31-01-2024 04:04:30 : ......90.06%
31-01-2024 04:05:38 : Finish getting the multiscale bases.
31-01-2024 04:05:41 : Finish collecting all the bases in a sparse matrix formation.
31-01-2024 04:05:42 : Finish constructing the final MS mat.
31-01-2024 04:05:43 : relative energy error=5.445439e-01, plain-L2 error=3.218754e-01.
31-01-2024 04:05:43 : CEM-GMsFEM uses fine_grid=400, coarse_grid=40, eigen_num=2, oversamp_layer=3
31-01-2024 04:05:48 : Finish getting the global stiffness matrix.
31-01-2024 04:06:01 : Finish getting all eigenvalue-vector pairs.
31-01-2024 04:06:01 : lambda_min=(-1.7764e-15, 2.6645e-15), lambda_max=(1.3648e-01, 6.5015e-01)
31-01-2024 04:06:03 : Finish getting maps of [global node index] to [local freedom index].
31-01-2024 04:07:22 : ......10.06%
31-01-2024 04:09:03 : ......20.06%
31-01-2024 04:10:45 : ......30.06%
31-01-2024 04:12:26 : ......40.06%
31-01-2024 04:14:07 : ......50.06%
31-01-2024 04:15:49 : ......60.06%
31-01-2024 04:17:30 : ......70.06%
31-01-2024 04:19:11 : ......80.06%
31-01-2024 04:20:53 : ......90.06%
31-01-2024 04:22:10 : Finish getting the multiscale bases.
31-01-2024 04:22:17 : Finish collecting all the bases in a sparse matrix formation.
31-01-2024 04:22:20 : Finish constructing the final MS mat.
31-01-2024 04:22:21 : relative energy error=1.321168e-01, plain-L2 error=1.931047e-02.
31-01-2024 04:22:21 : CEM-GMsFEM uses fine_grid=400, coarse_grid=40, eigen_num=3, oversamp_layer=3
31-01-2024 04:22:26 : Finish getting the global stiffness matrix.
31-01-2024 04:22:44 : Finish getting all eigenvalue-vector pairs.
31-01-2024 04:22:44 : lambda_min=(-2.2204e-15, 2.8866e-15), lambda_max=(3.2921e-01, 7.8659e-01)
31-01-2024 04:22:46 : Finish getting maps of [global node index] to [local freedom index].
31-01-2024 04:24:15 : ......10.06%
31-01-2024 04:26:09 : ......20.06%
31-01-2024 04:28:03 : ......30.06%
31-01-2024 04:29:58 : ......40.06%
31-01-2024 04:31:52 : ......50.06%
31-01-2024 04:33:46 : ......60.06%
31-01-2024 04:35:40 : ......70.06%
31-01-2024 04:37:35 : ......80.06%
31-01-2024 04:39:32 : ......90.06%
31-01-2024 04:40:59 : Finish getting the multiscale bases.
31-01-2024 04:41:09 : Finish collecting all the bases in a sparse matrix formation.
31-01-2024 04:41:16 : Finish constructing the final MS mat.
31-01-2024 04:41:18 : relative energy error=1.255638e-02, plain-L2 error=2.016683e-04.
31-01-2024 04:41:18 : CEM-GMsFEM uses fine_grid=400, coarse_grid=40, eigen_num=4, oversamp_layer=3
31-01-2024 04:41:23 : Finish getting the global stiffness matrix.
31-01-2024 04:41:40 : Finish getting all eigenvalue-vector pairs.
31-01-2024 04:41:40 : lambda_min=(-1.9984e-15, 2.8866e-15), lambda_max=(5.7628e-01, 1.2995e+00)
31-01-2024 04:41:42 : Finish getting maps of [global node index] to [local freedom index].
31-01-2024 04:43:21 : ......10.06%
31-01-2024 04:45:28 : ......20.06%
31-01-2024 04:47:35 : ......30.06%
31-01-2024 04:49:41 : ......40.06%
31-01-2024 04:51:48 : ......50.06%
31-01-2024 04:53:55 : ......60.06%
31-01-2024 04:56:02 : ......70.06%
31-01-2024 04:58:09 : ......80.06%
31-01-2024 05:00:15 : ......90.06%
31-01-2024 05:01:52 : Finish getting the multiscale bases.
31-01-2024 05:02:04 : Finish collecting all the bases in a sparse matrix formation.
31-01-2024 05:02:19 : Finish constructing the final MS mat.
31-01-2024 05:02:21 : relative energy error=1.110845e-02, plain-L2 error=1.436533e-04.
31-01-2024 05:02:21 : CEM-GMsFEM uses fine_grid=400, coarse_grid=80, eigen_num=1, oversamp_layer=3
31-01-2024 05:02:25 : Finish getting the global stiffness matrix.
31-01-2024 05:02:56 : Finish getting all eigenvalue-vector pairs.
31-01-2024 05:02:56 : lambda_min=(-6.6613e-16, 1.3323e-15), lambda_max=(-6.6613e-16, 1.3323e-15)
31-01-2024 05:02:57 : Finish getting maps of [global node index] to [local freedom index].
31-01-2024 05:03:33 : ......10.02%
31-01-2024 05:04:14 : ......20.02%
31-01-2024 05:04:54 : ......30.02%
31-01-2024 05:05:35 : ......40.02%
31-01-2024 05:06:15 : ......50.02%
31-01-2024 05:06:56 : ......60.02%
31-01-2024 05:07:36 : ......70.02%
31-01-2024 05:08:17 : ......80.02%
31-01-2024 05:08:58 : ......90.02%
31-01-2024 05:09:33 : Finish getting the multiscale bases.
31-01-2024 05:09:37 : Finish collecting all the bases in a sparse matrix formation.
31-01-2024 05:09:38 : Finish constructing the final MS mat.
31-01-2024 05:09:39 : relative energy error=8.456309e-01, plain-L2 error=7.557435e-01.
31-01-2024 05:09:39 : CEM-GMsFEM uses fine_grid=400, coarse_grid=80, eigen_num=2, oversamp_layer=3
31-01-2024 05:09:44 : Finish getting the global stiffness matrix.
31-01-2024 05:10:28 : Finish getting all eigenvalue-vector pairs.
31-01-2024 05:10:28 : lambda_min=(-1.7764e-15, 2.4425e-15), lambda_max=(1.0515e-01, 6.7548e-01)
31-01-2024 05:10:30 : Finish getting maps of [global node index] to [local freedom index].
31-01-2024 05:11:15 : ......10.02%
31-01-2024 05:12:05 : ......20.02%
31-01-2024 05:12:56 : ......30.02%
31-01-2024 05:13:46 : ......40.02%
31-01-2024 05:14:36 : ......50.02%
31-01-2024 05:15:27 : ......60.02%
31-01-2024 05:16:17 : ......70.02%
31-01-2024 05:17:08 : ......80.02%
31-01-2024 05:17:59 : ......90.02%
31-01-2024 05:18:44 : Finish getting the multiscale bases.
31-01-2024 05:18:50 : Finish collecting all the bases in a sparse matrix formation.
31-01-2024 05:18:54 : Finish constructing the final MS mat.
31-01-2024 05:18:56 : relative energy error=2.841463e-01, plain-L2 error=8.719309e-02.
31-01-2024 05:18:56 : CEM-GMsFEM uses fine_grid=400, coarse_grid=80, eigen_num=3, oversamp_layer=3
31-01-2024 05:19:01 : Finish getting the global stiffness matrix.
31-01-2024 05:19:45 : Finish getting all eigenvalue-vector pairs.
31-01-2024 05:19:45 : lambda_min=(-1.9984e-15, 2.6645e-15), lambda_max=(3.2552e-01, 8.4987e-01)
31-01-2024 05:19:47 : Finish getting maps of [global node index] to [local freedom index].
31-01-2024 05:20:35 : ......10.02%
31-01-2024 05:21:30 : ......20.02%
31-01-2024 05:22:25 : ......30.02%
31-01-2024 05:23:20 : ......40.02%
31-01-2024 05:24:15 : ......50.02%
31-01-2024 05:25:10 : ......60.02%
31-01-2024 05:26:05 : ......70.02%
31-01-2024 05:27:00 : ......80.02%
31-01-2024 05:27:55 : ......90.02%
31-01-2024 05:28:44 : Finish getting the multiscale bases.
31-01-2024 05:28:53 : Finish collecting all the bases in a sparse matrix formation.
31-01-2024 05:29:02 : Finish constructing the final MS mat.
31-01-2024 05:29:06 : relative energy error=3.000388e-02, plain-L2 error=9.709163e-04.
31-01-2024 05:29:06 : CEM-GMsFEM uses fine_grid=400, coarse_grid=80, eigen_num=4, oversamp_layer=3
31-01-2024 05:29:11 : Finish getting the global stiffness matrix.
31-01-2024 05:29:53 : Finish getting all eigenvalue-vector pairs.
31-01-2024 05:29:53 : lambda_min=(-1.5543e-15, 2.2204e-15), lambda_max=(5.2282e-01, 1.3504e+00)
31-01-2024 05:29:55 : Finish getting maps of [global node index] to [local freedom index].
31-01-2024 05:30:47 : ......10.02%
31-01-2024 05:31:46 : ......20.02%
31-01-2024 05:32:45 : ......30.02%
31-01-2024 05:33:44 : ......40.02%
31-01-2024 05:34:42 : ......50.02%
31-01-2024 05:35:41 : ......60.02%
31-01-2024 05:36:40 : ......70.02%
31-01-2024 05:37:39 : ......80.02%
31-01-2024 05:38:38 : ......90.02%
31-01-2024 05:39:31 : Finish getting the multiscale bases.
31-01-2024 05:39:43 : Finish collecting all the bases in a sparse matrix formation.
31-01-2024 05:39:57 : Finish constructing the final MS mat.
31-01-2024 05:40:04 : relative energy error=2.938047e-02, plain-L2 error=9.309060e-04.
