30-01-2024 02:33:04 : ================================================================================
30-01-2024 02:33:04 : Start
30-01-2024 02:33:04 : In the medium, sigma-inc=1.0000e+03, sigma-mat=1.0000e+00
30-01-2024 02:33:22 : CEM-GMsFEM uses fine_grid=400, coarse_grid=10, eigen_num=1, oversamp_layer=2
30-01-2024 02:33:26 : Finish getting the global stiffness matrix.
30-01-2024 02:33:33 : Finish getting all eigenvalue-vector pairs.
30-01-2024 02:33:33 : lambda_min=(1.2657e-14, 2.3981e-14), lambda_max=(1.2657e-14, 2.3981e-14)
30-01-2024 02:33:34 : Finish getting maps of [global node index] to [local freedom index].
30-01-2024 02:40:40 : ......11.00%
30-01-2024 02:47:21 : ......21.00%
30-01-2024 02:55:17 : ......31.00%
30-01-2024 03:03:10 : ......41.00%
30-01-2024 03:11:03 : ......51.00%
30-01-2024 03:18:56 : ......61.00%
30-01-2024 03:26:49 : ......71.00%
30-01-2024 03:34:33 : ......81.00%
30-01-2024 03:40:48 : ......91.00%
30-01-2024 03:45:54 : Finish getting the multiscale bases.
30-01-2024 03:45:56 : Finish collecting all the bases in a sparse matrix formation.
30-01-2024 03:45:56 : Finish constructing the final MS mat.
30-01-2024 03:45:57 : relative energy error=5.382690e-01, plain-L2 error=3.221969e-01.
30-01-2024 03:45:57 : CEM-GMsFEM uses fine_grid=400, coarse_grid=10, eigen_num=2, oversamp_layer=2
30-01-2024 03:46:02 : Finish getting the global stiffness matrix.
30-01-2024 03:46:09 : Finish getting all eigenvalue-vector pairs.
30-01-2024 03:46:09 : lambda_min=(1.2212e-14, 2.4647e-14), lambda_max=(2.6850e-01, 4.3350e-01)
30-01-2024 03:46:10 : Finish getting maps of [global node index] to [local freedom index].
30-01-2024 03:55:49 : ......11.00%
30-01-2024 04:03:47 : ......21.00%
30-01-2024 04:13:05 : ......31.00%
30-01-2024 04:22:22 : ......41.00%
30-01-2024 04:31:38 : ......51.00%
30-01-2024 04:40:56 : ......61.00%
30-01-2024 04:50:15 : ......71.00%
30-01-2024 04:59:26 : ......81.00%
30-01-2024 05:06:56 : ......91.00%
30-01-2024 05:13:52 : Finish getting the multiscale bases.
30-01-2024 05:13:55 : Finish collecting all the bases in a sparse matrix formation.
30-01-2024 05:13:56 : Finish constructing the final MS mat.
30-01-2024 05:13:56 : relative energy error=1.912716e-01, plain-L2 error=4.517269e-02.
30-01-2024 05:13:56 : CEM-GMsFEM uses fine_grid=400, coarse_grid=10, eigen_num=3, oversamp_layer=2
30-01-2024 05:14:01 : Finish getting the global stiffness matrix.
30-01-2024 05:14:09 : Finish getting all eigenvalue-vector pairs.
30-01-2024 05:14:09 : lambda_min=(1.1990e-14, 2.5313e-14), lambda_max=(3.7073e-01, 1.1414e+00)
30-01-2024 05:14:10 : Finish getting maps of [global node index] to [local freedom index].
30-01-2024 05:26:04 : ......11.00%
30-01-2024 05:35:13 : ......21.00%
30-01-2024 05:45:48 : ......31.00%
30-01-2024 05:56:24 : ......41.00%
30-01-2024 06:07:03 : ......51.00%
30-01-2024 06:17:42 : ......61.00%
30-01-2024 06:28:17 : ......71.00%
30-01-2024 06:38:56 : ......81.00%
30-01-2024 06:47:39 : ......91.00%
30-01-2024 06:56:26 : Finish getting the multiscale bases.
30-01-2024 06:56:31 : Finish collecting all the bases in a sparse matrix formation.
30-01-2024 06:56:33 : Finish constructing the final MS mat.
30-01-2024 06:56:33 : relative energy error=5.169248e-02, plain-L2 error=3.292839e-03.
30-01-2024 06:56:33 : CEM-GMsFEM uses fine_grid=400, coarse_grid=10, eigen_num=4, oversamp_layer=2
30-01-2024 06:56:38 : Finish getting the global stiffness matrix.
30-01-2024 06:56:46 : Finish getting all eigenvalue-vector pairs.
30-01-2024 06:56:46 : lambda_min=(1.1102e-14, 2.4647e-14), lambda_max=(6.6938e-01, 1.5529e+00)
30-01-2024 06:56:47 : Finish getting maps of [global node index] to [local freedom index].
30-01-2024 07:11:13 : ......11.00%
30-01-2024 07:21:41 : ......21.00%
30-01-2024 07:33:42 : ......31.00%
30-01-2024 07:45:45 : ......41.00%
30-01-2024 07:57:48 : ......51.00%
30-01-2024 08:09:49 : ......61.00%
30-01-2024 08:21:49 : ......71.00%
30-01-2024 08:33:55 : ......81.00%
30-01-2024 08:43:56 : ......91.00%
30-01-2024 08:54:33 : Finish getting the multiscale bases.
30-01-2024 08:54:38 : Finish collecting all the bases in a sparse matrix formation.
30-01-2024 08:54:42 : Finish constructing the final MS mat.
30-01-2024 08:54:42 : relative energy error=4.880562e-02, plain-L2 error=2.771627e-03.
30-01-2024 08:54:42 : CEM-GMsFEM uses fine_grid=400, coarse_grid=20, eigen_num=1, oversamp_layer=2
30-01-2024 08:54:47 : Finish getting the global stiffness matrix.
30-01-2024 08:54:55 : Finish getting all eigenvalue-vector pairs.
30-01-2024 08:54:55 : lambda_min=(1.9984e-15, 5.5511e-15), lambda_max=(1.9984e-15, 5.5511e-15)
30-01-2024 08:54:56 : Finish getting maps of [global node index] to [local freedom index].
30-01-2024 08:56:32 : ......10.25%
30-01-2024 08:58:45 : ......20.25%
30-01-2024 09:00:59 : ......30.25%
30-01-2024 09:03:13 : ......40.25%
30-01-2024 09:05:26 : ......50.25%
30-01-2024 09:07:40 : ......60.25%
30-01-2024 09:09:53 : ......70.25%
30-01-2024 09:12:05 : ......80.25%
30-01-2024 09:14:16 : ......90.25%
30-01-2024 09:15:42 : Finish getting the multiscale bases.
30-01-2024 09:15:44 : Finish collecting all the bases in a sparse matrix formation.
30-01-2024 09:15:44 : Finish constructing the final MS mat.
30-01-2024 09:15:45 : relative energy error=8.160999e-01, plain-L2 error=7.195269e-01.
30-01-2024 09:15:45 : CEM-GMsFEM uses fine_grid=400, coarse_grid=20, eigen_num=2, oversamp_layer=2
30-01-2024 09:15:49 : Finish getting the global stiffness matrix.
30-01-2024 09:15:58 : Finish getting all eigenvalue-vector pairs.
30-01-2024 09:15:58 : lambda_min=(1.7764e-15, 5.9952e-15), lambda_max=(6.8562e-02, 4.1208e-01)
30-01-2024 09:15:58 : Finish getting maps of [global node index] to [local freedom index].
30-01-2024 09:17:50 : ......10.25%
30-01-2024 09:20:26 : ......20.25%
30-01-2024 09:23:03 : ......30.25%
30-01-2024 09:25:40 : ......40.25%
30-01-2024 09:28:17 : ......50.25%
30-01-2024 09:30:53 : ......60.25%
30-01-2024 09:33:30 : ......70.25%
30-01-2024 09:36:06 : ......80.25%
30-01-2024 09:38:41 : ......90.25%
30-01-2024 09:40:22 : Finish getting the multiscale bases.
30-01-2024 09:40:25 : Finish collecting all the bases in a sparse matrix formation.
30-01-2024 09:40:26 : Finish constructing the final MS mat.
30-01-2024 09:40:27 : relative energy error=5.972790e-01, plain-L2 error=4.193228e-01.
30-01-2024 09:40:27 : CEM-GMsFEM uses fine_grid=400, coarse_grid=20, eigen_num=3, oversamp_layer=2
30-01-2024 09:40:32 : Finish getting the global stiffness matrix.
30-01-2024 09:40:41 : Finish getting all eigenvalue-vector pairs.
30-01-2024 09:40:41 : lambda_min=(1.5543e-15, 6.6613e-15), lambda_max=(3.2543e-01, 8.6961e-01)
30-01-2024 09:40:42 : Finish getting maps of [global node index] to [local freedom index].
30-01-2024 09:42:48 : ......10.25%
30-01-2024 09:45:48 : ......20.25%
30-01-2024 09:48:47 : ......30.25%
30-01-2024 09:51:46 : ......40.25%
30-01-2024 09:54:45 : ......50.25%
30-01-2024 09:57:45 : ......60.25%
30-01-2024 10:00:44 : ......70.25%
30-01-2024 10:03:42 : ......80.25%
30-01-2024 10:06:40 : ......90.25%
30-01-2024 10:08:34 : Finish getting the multiscale bases.
30-01-2024 10:08:39 : Finish collecting all the bases in a sparse matrix formation.
30-01-2024 10:08:41 : Finish constructing the final MS mat.
30-01-2024 10:08:42 : relative energy error=1.217350e-01, plain-L2 error=1.634909e-02.
30-01-2024 10:08:42 : CEM-GMsFEM uses fine_grid=400, coarse_grid=20, eigen_num=4, oversamp_layer=2
30-01-2024 10:08:47 : Finish getting the global stiffness matrix.
30-01-2024 10:08:56 : Finish getting all eigenvalue-vector pairs.
30-01-2024 10:08:56 : lambda_min=(1.5543e-15, 6.8834e-15), lambda_max=(5.7334e-01, 1.2637e+00)
30-01-2024 10:08:57 : Finish getting maps of [global node index] to [local freedom index].
30-01-2024 10:11:18 : ......10.25%
30-01-2024 10:14:38 : ......20.25%
30-01-2024 10:18:00 : ......30.25%
30-01-2024 10:21:22 : ......40.25%
30-01-2024 10:24:43 : ......50.25%
30-01-2024 10:28:05 : ......60.25%
30-01-2024 10:31:26 : ......70.25%
30-01-2024 10:34:46 : ......80.25%
30-01-2024 10:38:05 : ......90.25%
30-01-2024 10:40:13 : Finish getting the multiscale bases.
30-01-2024 10:40:19 : Finish collecting all the bases in a sparse matrix formation.
30-01-2024 10:40:23 : Finish constructing the final MS mat.
30-01-2024 10:40:24 : relative energy error=1.119542e-01, plain-L2 error=1.393769e-02.
30-01-2024 10:40:24 : CEM-GMsFEM uses fine_grid=400, coarse_grid=40, eigen_num=1, oversamp_layer=2
30-01-2024 10:40:29 : Finish getting the global stiffness matrix.
30-01-2024 10:40:41 : Finish getting all eigenvalue-vector pairs.
30-01-2024 10:40:41 : lambda_min=(-4.4409e-16, 2.4425e-15), lambda_max=(-4.4409e-16, 2.4425e-15)
30-01-2024 10:40:42 : Finish getting maps of [global node index] to [local freedom index].
30-01-2024 10:41:19 : ......10.06%
30-01-2024 10:42:02 : ......20.06%
30-01-2024 10:42:45 : ......30.06%
30-01-2024 10:43:28 : ......40.06%
30-01-2024 10:44:11 : ......50.06%
30-01-2024 10:44:55 : ......60.06%
30-01-2024 10:45:38 : ......70.06%
30-01-2024 10:46:22 : ......80.06%
30-01-2024 10:47:05 : ......90.06%
30-01-2024 10:47:41 : Finish getting the multiscale bases.
30-01-2024 10:47:43 : Finish collecting all the bases in a sparse matrix formation.
30-01-2024 10:47:43 : Finish constructing the final MS mat.
30-01-2024 10:47:44 : relative energy error=9.345387e-01, plain-L2 error=9.085379e-01.
30-01-2024 10:47:44 : CEM-GMsFEM uses fine_grid=400, coarse_grid=40, eigen_num=2, oversamp_layer=2
30-01-2024 10:47:49 : Finish getting the global stiffness matrix.
30-01-2024 10:48:02 : Finish getting all eigenvalue-vector pairs.
30-01-2024 10:48:02 : lambda_min=(-1.7764e-15, 2.6645e-15), lambda_max=(1.3648e-01, 6.5015e-01)
30-01-2024 10:48:03 : Finish getting maps of [global node index] to [local freedom index].
30-01-2024 10:48:44 : ......10.06%
30-01-2024 10:49:34 : ......20.06%
30-01-2024 10:50:23 : ......30.06%
30-01-2024 10:51:12 : ......40.06%
30-01-2024 10:52:01 : ......50.06%
30-01-2024 10:52:50 : ......60.06%
30-01-2024 10:53:39 : ......70.06%
30-01-2024 10:54:28 : ......80.06%
30-01-2024 10:55:17 : ......90.06%
30-01-2024 10:55:58 : Finish getting the multiscale bases.
30-01-2024 10:56:01 : Finish collecting all the bases in a sparse matrix formation.
30-01-2024 10:56:02 : Finish constructing the final MS mat.
30-01-2024 10:56:03 : relative energy error=7.714042e-01, plain-L2 error=6.339784e-01.
30-01-2024 10:56:03 : CEM-GMsFEM uses fine_grid=400, coarse_grid=40, eigen_num=3, oversamp_layer=2
30-01-2024 10:56:08 : Finish getting the global stiffness matrix.
30-01-2024 10:56:26 : Finish getting all eigenvalue-vector pairs.
30-01-2024 10:56:26 : lambda_min=(-2.2204e-15, 2.8866e-15), lambda_max=(3.2921e-01, 7.8659e-01)
30-01-2024 10:56:27 : Finish getting maps of [global node index] to [local freedom index].
30-01-2024 10:57:13 : ......10.06%
30-01-2024 10:58:09 : ......20.06%
30-01-2024 10:59:04 : ......30.06%
30-01-2024 10:59:58 : ......40.06%
30-01-2024 11:00:53 : ......50.06%
30-01-2024 11:01:47 : ......60.06%
30-01-2024 11:02:42 : ......70.06%
30-01-2024 11:03:37 : ......80.06%
30-01-2024 11:04:31 : ......90.06%
30-01-2024 11:05:17 : Finish getting the multiscale bases.
30-01-2024 11:05:22 : Finish collecting all the bases in a sparse matrix formation.
30-01-2024 11:05:24 : Finish constructing the final MS mat.
30-01-2024 11:05:25 : relative energy error=2.972841e-01, plain-L2 error=9.583284e-02.
30-01-2024 11:05:25 : CEM-GMsFEM uses fine_grid=400, coarse_grid=40, eigen_num=4, oversamp_layer=2
30-01-2024 11:05:30 : Finish getting the global stiffness matrix.
30-01-2024 11:05:49 : Finish getting all eigenvalue-vector pairs.
30-01-2024 11:05:49 : lambda_min=(-1.9984e-15, 2.8866e-15), lambda_max=(5.7628e-01, 1.2995e+00)
30-01-2024 11:05:50 : Finish getting maps of [global node index] to [local freedom index].
30-01-2024 11:06:39 : ......10.06%
30-01-2024 11:07:39 : ......20.06%
30-01-2024 11:08:40 : ......30.06%
30-01-2024 11:09:40 : ......40.06%
30-01-2024 11:10:40 : ......50.06%
30-01-2024 11:11:40 : ......60.06%
30-01-2024 11:12:40 : ......70.06%
30-01-2024 11:13:41 : ......80.06%
30-01-2024 11:14:41 : ......90.06%
30-01-2024 11:15:30 : Finish getting the multiscale bases.
30-01-2024 11:15:37 : Finish collecting all the bases in a sparse matrix formation.
30-01-2024 11:15:41 : Finish constructing the final MS mat.
30-01-2024 11:15:42 : relative energy error=2.890660e-01, plain-L2 error=9.058006e-02.
30-01-2024 11:15:42 : CEM-GMsFEM uses fine_grid=400, coarse_grid=80, eigen_num=1, oversamp_layer=2
30-01-2024 11:15:47 : Finish getting the global stiffness matrix.
30-01-2024 11:16:18 : Finish getting all eigenvalue-vector pairs.
30-01-2024 11:16:18 : lambda_min=(-6.6613e-16, 1.3323e-15), lambda_max=(-6.6613e-16, 1.3323e-15)
30-01-2024 11:16:19 : Finish getting maps of [global node index] to [local freedom index].
30-01-2024 11:16:38 : ......10.02%
30-01-2024 11:16:58 : ......20.02%
30-01-2024 11:17:19 : ......30.02%
30-01-2024 11:17:39 : ......40.02%
30-01-2024 11:18:00 : ......50.02%
30-01-2024 11:18:20 : ......60.02%
30-01-2024 11:18:41 : ......70.02%
30-01-2024 11:19:01 : ......80.02%
30-01-2024 11:19:22 : ......90.02%
30-01-2024 11:19:41 : Finish getting the multiscale bases.
30-01-2024 11:19:43 : Finish collecting all the bases in a sparse matrix formation.
30-01-2024 11:19:43 : Finish constructing the final MS mat.
30-01-2024 11:19:44 : relative energy error=9.624885e-01, plain-L2 error=9.510437e-01.
30-01-2024 11:19:44 : CEM-GMsFEM uses fine_grid=400, coarse_grid=80, eigen_num=2, oversamp_layer=2
30-01-2024 11:19:49 : Finish getting the global stiffness matrix.
30-01-2024 11:20:35 : Finish getting all eigenvalue-vector pairs.
30-01-2024 11:20:35 : lambda_min=(-1.7764e-15, 2.4425e-15), lambda_max=(1.0515e-01, 6.7548e-01)
30-01-2024 11:20:36 : Finish getting maps of [global node index] to [local freedom index].
30-01-2024 11:20:59 : ......10.02%
30-01-2024 11:21:24 : ......20.02%
30-01-2024 11:21:49 : ......30.02%
30-01-2024 11:22:15 : ......40.02%
30-01-2024 11:22:40 : ......50.02%
30-01-2024 11:23:05 : ......60.02%
30-01-2024 11:23:30 : ......70.02%
30-01-2024 11:23:55 : ......80.02%
30-01-2024 11:24:21 : ......90.02%
30-01-2024 11:24:44 : Finish getting the multiscale bases.
30-01-2024 11:24:47 : Finish collecting all the bases in a sparse matrix formation.
30-01-2024 11:24:48 : Finish constructing the final MS mat.
30-01-2024 11:24:50 : relative energy error=9.227620e-01, plain-L2 error=8.824113e-01.
30-01-2024 11:24:50 : CEM-GMsFEM uses fine_grid=400, coarse_grid=80, eigen_num=3, oversamp_layer=2
30-01-2024 11:24:54 : Finish getting the global stiffness matrix.
30-01-2024 11:25:40 : Finish getting all eigenvalue-vector pairs.
30-01-2024 11:25:40 : lambda_min=(-1.9984e-15, 2.6645e-15), lambda_max=(3.2552e-01, 8.4987e-01)
30-01-2024 11:25:41 : Finish getting maps of [global node index] to [local freedom index].
30-01-2024 11:26:06 : ......10.02%
30-01-2024 11:26:33 : ......20.02%
30-01-2024 11:27:00 : ......30.02%
30-01-2024 11:27:27 : ......40.02%
30-01-2024 11:27:54 : ......50.02%
30-01-2024 11:28:22 : ......60.02%
30-01-2024 11:28:49 : ......70.02%
30-01-2024 11:29:16 : ......80.02%
30-01-2024 11:29:43 : ......90.02%
30-01-2024 11:30:08 : Finish getting the multiscale bases.
30-01-2024 11:30:13 : Finish collecting all the bases in a sparse matrix formation.
30-01-2024 11:30:15 : Finish constructing the final MS mat.
30-01-2024 11:30:18 : relative energy error=6.037091e-01, plain-L2 error=3.888948e-01.
30-01-2024 11:30:18 : CEM-GMsFEM uses fine_grid=400, coarse_grid=80, eigen_num=4, oversamp_layer=2
30-01-2024 11:30:23 : Finish getting the global stiffness matrix.
30-01-2024 11:31:07 : Finish getting all eigenvalue-vector pairs.
30-01-2024 11:31:07 : lambda_min=(-1.5543e-15, 2.2204e-15), lambda_max=(5.2282e-01, 1.3504e+00)
30-01-2024 11:31:08 : Finish getting maps of [global node index] to [local freedom index].
30-01-2024 11:31:35 : ......10.02%
30-01-2024 11:32:04 : ......20.02%
30-01-2024 11:32:33 : ......30.02%
30-01-2024 11:33:02 : ......40.02%
30-01-2024 11:33:32 : ......50.02%
30-01-2024 11:34:01 : ......60.02%
30-01-2024 11:34:30 : ......70.02%
30-01-2024 11:34:59 : ......80.02%
30-01-2024 11:35:29 : ......90.02%
30-01-2024 11:35:55 : Finish getting the multiscale bases.
30-01-2024 11:36:02 : Finish collecting all the bases in a sparse matrix formation.
30-01-2024 11:36:06 : Finish constructing the final MS mat.
30-01-2024 11:36:10 : relative energy error=6.104166e-01, plain-L2 error=3.970859e-01.
