Sender: LSF System <lsfadmin@a2u05n04>
Subject: Job 502842: <cem-gmsfem> in cluster <cluster1> Done

Job <cem-gmsfem> was submitted from host <ln02> by user <cjz> in cluster <cluster1> at Tue Jan 30 14:32:11 2024
Job was executed on host(s) <36*a2u05n04>, in queue <batch>, as user <cjz> in cluster <cluster1> at Tue Jan 30 14:32:12 2024
</share/home/cjz> was used as the home directory.
</share/home/cjz/cqye/sign-changing-main> was used as the working directory.
Started at Tue Jan 30 14:32:12 2024
Terminated at Tue Jan 30 23:32:31 2024
Results reported at Tue Jan 30 23:32:31 2024

Your job looked like:

------------------------------------------------------------
# LSBATCH: User input
#BSUB -J cem-gmsfem
#BSUB -n 36
#BSUB -o logs/%J.lsf.out
#BSUB -e logs/%J.lsf.err
#BSUB -W 10080
#BSUB -q batch
#BSUB -R "span[ptile=36]"

cd ${LS_SUBCWD}
# set OMP_NUM_THREADS _and_ export! 
OMP_NUM_THREADS=$LSB_DJOB_NUMPROC 
export OMP_NUM_THREADS

# python simple_flat_interface_settings.py --en 3 --sigma 4 --posi 1
# python cross_inclusion_cells_settings.py
# python square_inclusion_cells_settings.py
python random_inclusion_settings.py --osly 2 --sigma 0
------------------------------------------------------------

Successfully completed.

Resource usage summary:

    CPU time :                                   441851.12 sec.
    Max Memory :                                 7120 MB
    Average Memory :                             2981.60 MB
    Total Requested Memory :                     -
    Delta Memory :                               -
    Max Swap :                                   93 MB
    Max Processes :                              4
    Max Threads :                                40
    Run time :                                   32418 sec.
    Turnaround time :                            32420 sec.

The output (if any) follows:

[[0.67251517 0.62003378 0.61845671 0.61842946]
 [0.65088032 0.19690646 0.16576635 0.15058832]
 [0.4659889  0.18884188 0.07456918 0.05904199]
 [0.63686849 0.28020841 0.07636721 0.07920643]]
[[0.88440374 0.90716458 0.90861025 0.90861834]
 [0.8961156  0.15193279 0.11542917 0.07672225]
 [0.28664085 0.09789454 0.02680602 0.01610964]
 [0.55479153 0.11882289 0.00916331 0.0098486 ]]


PS:

Read file <logs/502842.lsf.err> for stderr output of this job.

